Files already downloaded and verified
CifarResNet : Depth : 20 , Layers for each block : 3
/home/asrakin/updating/github/model.py:312: UserWarning: nn.init.kaiming_normal is now deprecated in favor of nn.init.kaiming_normal_.
  init.kaiming_normal(m.weight)
torch.Size([16, 3, 3, 3]) 1
torch.Size([16, 16, 3, 3]) 2
torch.Size([16, 16, 3, 3]) 3
torch.Size([16, 16, 3, 3]) 4
torch.Size([16, 16, 3, 3]) 5
torch.Size([16, 16, 3, 3]) 6
torch.Size([16, 16, 3, 3]) 7
torch.Size([32, 16, 3, 3]) 8
torch.Size([32, 32, 3, 3]) 9
torch.Size([32, 32, 3, 3]) 10
torch.Size([32, 32, 3, 3]) 11
torch.Size([32, 32, 3, 3]) 12
torch.Size([32, 32, 3, 3]) 13
torch.Size([64, 32, 3, 3]) 14
torch.Size([64, 64, 3, 3]) 15
torch.Size([64, 64, 3, 3]) 16
torch.Size([64, 64, 3, 3]) 17
torch.Size([64, 64, 3, 3]) 18
torch.Size([64, 64, 3, 3]) 19
torch.Size([10, 64]) 20

Test set: Average loss: 0.0013, Accuracy: 9077/10000 (90.7700%)

epoch: 1
Number of layers: 20

Test set: Average loss: 0.0013, Accuracy: 9077/10000 (90.7700%)

epoch: 2
Number of layers: 20
0
Old value, new value:
tensor(-15., device='cuda:0') tensor(-28., device='cuda:0')
Old value, new value:
tensor(5., device='cuda:0') tensor(-64., device='cuda:0')
Layer numer, Index Number:  tensor(0, dtype=torch.int32) tensor(118, dtype=torch.int32)

Test set: Average loss: 0.0020, Accuracy: 8569/10000 (85.6900%)

epoch: 3
Number of layers: 20

Test set: Average loss: 0.0019, Accuracy: 8569/10000 (85.6900%)

epoch: 4
Number of layers: 20
0
Old value, new value:
tensor(4., device='cuda:0') tensor(-28., device='cuda:0')
Old value, new value:
tensor(3., device='cuda:0') tensor(-64., device='cuda:0')
Layer numer, Index Number:  tensor(0, dtype=torch.int32) tensor(116, dtype=torch.int32)

Test set: Average loss: 0.0034, Accuracy: 7516/10000 (75.1600%)

epoch: 5
Number of layers: 20
0
Old value, new value:
tensor(-1., device='cuda:0') tensor(53., device='cuda:0')
Old value, new value:
tensor(-46., device='cuda:0') tensor(98., device='cuda:0')
Layer numer, Index Number:  tensor(0, dtype=torch.int32) tensor(19, dtype=torch.int32)

Test set: Average loss: 0.0040, Accuracy: 7069/10000 (70.6900%)

epoch: 6
Number of layers: 20
0
Old value, new value:
tensor(5., device='cuda:0') tensor(-28., device='cuda:0')
Old value, new value:
tensor(-18., device='cuda:0') tensor(-64., device='cuda:0')
Layer numer, Index Number:  tensor(0, dtype=torch.int32) tensor(114, dtype=torch.int32)

Test set: Average loss: 0.0054, Accuracy: 6243/10000 (62.4300%)

epoch: 7
Number of layers: 20

Test set: Average loss: 0.0053, Accuracy: 6243/10000 (62.4300%)

epoch: 8
Number of layers: 20
0
Old value, new value:
tensor(-43., device='cuda:0') tensor(-30., device='cuda:0')
Old value, new value:
tensor(11., device='cuda:0') tensor(98., device='cuda:0')
Layer numer, Index Number:  tensor(0, dtype=torch.int32) tensor(10, dtype=torch.int32)

Test set: Average loss: 0.0064, Accuracy: 5621/10000 (56.2100%)

epoch: 9
Number of layers: 20
1
Old value, new value:
tensor(40., device='cuda:0') tensor(46., device='cuda:0')
Old value, new value:
tensor(-50., device='cuda:0') tensor(36., device='cuda:0')
Layer numer, Index Number:  tensor(0, dtype=torch.int32) tensor(2, dtype=torch.int32)

Test set: Average loss: 0.0077, Accuracy: 5052/10000 (50.5200%)

epoch: 10
Number of layers: 20
0
Old value, new value:
tensor(-9., device='cuda:0') tensor(16., device='cuda:0')
Old value, new value:
tensor(-60., device='cuda:0') tensor(43., device='cuda:0')
Layer numer, Index Number:  tensor(0, dtype=torch.int32) tensor(15, dtype=torch.int32)

Test set: Average loss: 0.0101, Accuracy: 4331/10000 (43.3100%)

epoch: 11
Number of layers: 20
0
Old value, new value:
tensor(-32., device='cuda:0') tensor(46., device='cuda:0')
Old value, new value:
tensor(-23., device='cuda:0') tensor(36., device='cuda:0')
Layer numer, Index Number:  tensor(0, dtype=torch.int32) tensor(0, dtype=torch.int32)

Test set: Average loss: 0.0131, Accuracy: 3604/10000 (36.0400%)

epoch: 12
Number of layers: 20
0
Old value, new value:
tensor(-22., device='cuda:0') tensor(34., device='cuda:0')
Old value, new value:
tensor(-39., device='cuda:0') tensor(-23., device='cuda:0')
Layer numer, Index Number:  tensor(0, dtype=torch.int32) tensor(6, dtype=torch.int32)

Test set: Average loss: 0.0148, Accuracy: 3280/10000 (32.8000%)

epoch: 13
Number of layers: 20
1
Old value, new value:
tensor(-83., device='cuda:0') tensor(38., device='cuda:0')
Old value, new value:
tensor(2., device='cuda:0') tensor(12., device='cuda:0')
Layer numer, Index Number:  tensor(1, dtype=torch.int32) tensor(5, dtype=torch.int32)

Test set: Average loss: 0.0162, Accuracy: 3039/10000 (30.3900%)

epoch: 14
Number of layers: 20

Test set: Average loss: 0.0162, Accuracy: 3039/10000 (30.3900%)

epoch: 15
Number of layers: 20
0
Old value, new value:
tensor(16., device='cuda:0') tensor(53., device='cuda:0')
Old value, new value:
tensor(43., device='cuda:0') tensor(98., device='cuda:0')
Layer numer, Index Number:  tensor(0, dtype=torch.int32) tensor(17, dtype=torch.int32)

Test set: Average loss: 0.0177, Accuracy: 2841/10000 (28.4100%)

epoch: 16
Number of layers: 20
3
Old value, new value:
tensor(1., device='cuda:0') tensor(-99., device='cuda:0')
Old value, new value:
tensor(64., device='cuda:0') tensor(-54., device='cuda:0')
Layer numer, Index Number:  tensor(2, dtype=torch.int32) tensor(1892, dtype=torch.int32)

Test set: Average loss: 0.0187, Accuracy: 2703/10000 (27.0300%)

epoch: 17
Number of layers: 20
0
Old value, new value:
tensor(-53., device='cuda:0') tensor(48., device='cuda:0')
Old value, new value:
tensor(1., device='cuda:0') tensor(13., device='cuda:0')
Layer numer, Index Number:  tensor(2, dtype=torch.int32) tensor(24, dtype=torch.int32)

Test set: Average loss: 0.0208, Accuracy: 2507/10000 (25.0700%)

epoch: 18
Number of layers: 20
1
Old value, new value:
tensor(0., device='cuda:0') tensor(-13., device='cuda:0')
Old value, new value:
tensor(19., device='cuda:0') tensor(-38., device='cuda:0')
Layer numer, Index Number:  tensor(0, dtype=torch.int32) tensor(127, dtype=torch.int32)

Test set: Average loss: 0.0217, Accuracy: 2267/10000 (22.6700%)

epoch: 19
Number of layers: 20

Test set: Average loss: 0.0221, Accuracy: 2267/10000 (22.6700%)

epoch: 20
Number of layers: 20

Test set: Average loss: 0.0216, Accuracy: 2267/10000 (22.6700%)

epoch: 21
Number of layers: 20
0
Old value, new value:
tensor(-30., device='cuda:0') tensor(37., device='cuda:0')
Old value, new value:
tensor(-16., device='cuda:0') tensor(29., device='cuda:0')
Layer numer, Index Number:  tensor(2, dtype=torch.int32) tensor(4, dtype=torch.int32)

Test set: Average loss: 0.0275, Accuracy: 2039/10000 (20.3900%)

epoch: 22
Number of layers: 20

Test set: Average loss: 0.0274, Accuracy: 2039/10000 (20.3900%)

epoch: 23
Number of layers: 20
0
Old value, new value:
tensor(-5., device='cuda:0') tensor(37., device='cuda:0')
Old value, new value:
tensor(-24., device='cuda:0') tensor(29., device='cuda:0')
Layer numer, Index Number:  tensor(2, dtype=torch.int32) tensor(2, dtype=torch.int32)

Test set: Average loss: 0.0335, Accuracy: 1899/10000 (18.9900%)

epoch: 24
Number of layers: 20

Test set: Average loss: 0.0330, Accuracy: 1899/10000 (18.9900%)

epoch: 25
Number of layers: 20

Test set: Average loss: 0.0332, Accuracy: 1899/10000 (18.9900%)

epoch: 26
Number of layers: 20

Test set: Average loss: 0.0331, Accuracy: 1899/10000 (18.9900%)

epoch: 27
Number of layers: 20
0
Old value, new value:
tensor(-27., device='cuda:0') tensor(18., device='cuda:0')
Old value, new value:
tensor(-20., device='cuda:0') tensor(68., device='cuda:0')
Layer numer, Index Number:  tensor(5, dtype=torch.int32) tensor(526, dtype=torch.int32)

Test set: Average loss: 0.0347, Accuracy: 1890/10000 (18.9000%)

epoch: 28
Number of layers: 20

Test set: Average loss: 0.0349, Accuracy: 1890/10000 (18.9000%)

epoch: 29
Number of layers: 20
2
Old value, new value:
tensor(6., device='cuda:0') tensor(37., device='cuda:0')
Old value, new value:
tensor(-2., device='cuda:0') tensor(29., device='cuda:0')
Layer numer, Index Number:  tensor(2, dtype=torch.int32) tensor(0, dtype=torch.int32)

Test set: Average loss: 0.0391, Accuracy: 1829/10000 (18.2900%)

epoch: 30
Number of layers: 20

Test set: Average loss: 0.0388, Accuracy: 1829/10000 (18.2900%)

epoch: 31
Number of layers: 20

Test set: Average loss: 0.0392, Accuracy: 1829/10000 (18.2900%)

epoch: 32
Number of layers: 20

Test set: Average loss: 0.0391, Accuracy: 1829/10000 (18.2900%)

epoch: 33
Number of layers: 20
0
Old value, new value:
tensor(-49., device='cuda:0') tensor(-19., device='cuda:0')
Old value, new value:
tensor(-45., device='cuda:0') tensor(50., device='cuda:0')
Layer numer, Index Number:  tensor(2, dtype=torch.int32) tensor(1443, dtype=torch.int32)

Test set: Average loss: 0.0447, Accuracy: 1701/10000 (17.0100%)

epoch: 34
Number of layers: 20

Test set: Average loss: 0.0441, Accuracy: 1701/10000 (17.0100%)

epoch: 35
Number of layers: 20
1
Old value, new value:
tensor(-19., device='cuda:0') tensor(-32., device='cuda:0')
Old value, new value:
tensor(-31., device='cuda:0') tensor(44., device='cuda:0')
Layer numer, Index Number:  tensor(3, dtype=torch.int32) tensor(290, dtype=torch.int32)

Test set: Average loss: 0.0448, Accuracy: 1720/10000 (17.2000%)

epoch: 36
Number of layers: 20

Test set: Average loss: 0.0447, Accuracy: 1720/10000 (17.2000%)

epoch: 37
Number of layers: 20
0
Old value, new value:
tensor(-40., device='cuda:0') tensor(48., device='cuda:0')
Old value, new value:
tensor(-33., device='cuda:0') tensor(13., device='cuda:0')
Layer numer, Index Number:  tensor(2, dtype=torch.int32) tensor(22, dtype=torch.int32)

Test set: Average loss: 0.0494, Accuracy: 1653/10000 (16.5300%)

epoch: 38
Number of layers: 20
3
Old value, new value:
tensor(34., device='cuda:0') tensor(-30., device='cuda:0')
Old value, new value:
tensor(-23., device='cuda:0') tensor(98., device='cuda:0')
Layer numer, Index Number:  tensor(0, dtype=torch.int32) tensor(8, dtype=torch.int32)

Test set: Average loss: 0.0532, Accuracy: 1555/10000 (15.5500%)

epoch: 39
Number of layers: 20

Test set: Average loss: 0.0535, Accuracy: 1555/10000 (15.5500%)

epoch: 40
Number of layers: 20
0
Old value, new value:
tensor(18., device='cuda:0') tensor(38., device='cuda:0')
Old value, new value:
tensor(-27., device='cuda:0') tensor(12., device='cuda:0')
Layer numer, Index Number:  tensor(1, dtype=torch.int32) tensor(3, dtype=torch.int32)

Test set: Average loss: 0.0624, Accuracy: 1427/10000 (14.2700%)

epoch: 41
Number of layers: 20
0
Old value, new value:
tensor(-11., device='cuda:0') tensor(24., device='cuda:0')
Old value, new value:
tensor(-21., device='cuda:0') tensor(79., device='cuda:0')
Layer numer, Index Number:  tensor(8, dtype=torch.int32) tensor(4627, dtype=torch.int32)

Test set: Average loss: 0.0700, Accuracy: 1461/10000 (14.6100%)

epoch: 42
Number of layers: 20

Test set: Average loss: 0.0703, Accuracy: 1461/10000 (14.6100%)

epoch: 43
Number of layers: 20
0
Old value, new value:
tensor(-2., device='cuda:0') tensor(13., device='cuda:0')
Old value, new value:
tensor(-6., device='cuda:0') tensor(-3., device='cuda:0')
Layer numer, Index Number:  tensor(19, dtype=torch.int32) tensor(127, dtype=torch.int32)

Test set: Average loss: 0.0755, Accuracy: 1435/10000 (14.3500%)

epoch: 44
Number of layers: 20
0
Old value, new value:
tensor(-63., device='cuda:0') tensor(7., device='cuda:0')
Old value, new value:
tensor(-40., device='cuda:0') tensor(5., device='cuda:0')
Layer numer, Index Number:  tensor(16, dtype=torch.int32) tensor(2889, dtype=torch.int32)

Test set: Average loss: 0.0798, Accuracy: 1413/10000 (14.1300%)

epoch: 45
Number of layers: 20

Test set: Average loss: 0.0815, Accuracy: 1413/10000 (14.1300%)

epoch: 46
Number of layers: 20
0
Old value, new value:
tensor(-48., device='cuda:0') tensor(-31., device='cuda:0')
Old value, new value:
tensor(-23., device='cuda:0') tensor(52., device='cuda:0')
Layer numer, Index Number:  tensor(16, dtype=torch.int32) tensor(14481, dtype=torch.int32)

Test set: Average loss: 0.0899, Accuracy: 1384/10000 (13.8400%)

epoch: 47
Number of layers: 20
1
Old value, new value:
tensor(30., device='cuda:0') tensor(50., device='cuda:0')
Old value, new value:
tensor(-104., device='cuda:0') tensor(-12., device='cuda:0')
Layer numer, Index Number:  tensor(2, dtype=torch.int32) tensor(1560, dtype=torch.int32)

Test set: Average loss: 0.0955, Accuracy: 1345/10000 (13.4500%)

epoch: 48
Number of layers: 20

Test set: Average loss: 0.0941, Accuracy: 1345/10000 (13.4500%)

epoch: 49
Number of layers: 20

Test set: Average loss: 0.0946, Accuracy: 1345/10000 (13.4500%)

epoch: 50
Number of layers: 20

Test set: Average loss: 0.0946, Accuracy: 1345/10000 (13.4500%)

epoch: 51
Number of layers: 20

Test set: Average loss: 0.0947, Accuracy: 1345/10000 (13.4500%)

epoch: 52
Number of layers: 20
4
Old value, new value:
tensor(-12., device='cuda:0') tensor(48., device='cuda:0')
Old value, new value:
tensor(-7., device='cuda:0') tensor(13., device='cuda:0')
Layer numer, Index Number:  tensor(2, dtype=torch.int32) tensor(20, dtype=torch.int32)

Test set: Average loss: 0.0990, Accuracy: 1320/10000 (13.2000%)

epoch: 53
Number of layers: 20

Test set: Average loss: 0.0989, Accuracy: 1320/10000 (13.2000%)

epoch: 54
Number of layers: 20

Test set: Average loss: 0.1002, Accuracy: 1320/10000 (13.2000%)

epoch: 55
Number of layers: 20
2
Old value, new value:
tensor(-36., device='cuda:0') tensor(22., device='cuda:0')
Old value, new value:
tensor(-8., device='cuda:0') tensor(40., device='cuda:0')
Layer numer, Index Number:  tensor(17, dtype=torch.int32) tensor(15562, dtype=torch.int32)

Test set: Average loss: 0.1048, Accuracy: 1302/10000 (13.0200%)

epoch: 56
Number of layers: 20
1
Old value, new value:
tensor(98., device='cuda:0') tensor(98., device='cuda:0')
Old value, new value:
tensor(-30., device='cuda:0') tensor(16., device='cuda:0')
Layer numer, Index Number:  tensor(0, dtype=torch.int32) tensor(11, dtype=torch.int32)

Test set: Average loss: 0.1108, Accuracy: 1280/10000 (12.8000%)

epoch: 57
Number of layers: 20
1
Old value, new value:
tensor(16., device='cuda:0') tensor(53., device='cuda:0')
Old value, new value:
tensor(43., device='cuda:0') tensor(98., device='cuda:0')
Layer numer, Index Number:  tensor(0, dtype=torch.int32) tensor(15, dtype=torch.int32)

Test set: Average loss: 0.1219, Accuracy: 1265/10000 (12.6500%)

epoch: 58
Number of layers: 20

Test set: Average loss: 0.1226, Accuracy: 1265/10000 (12.6500%)

epoch: 59
Number of layers: 20
0
Old value, new value:
tensor(7., device='cuda:0') tensor(18., device='cuda:0')
Old value, new value:
tensor(-65., device='cuda:0') tensor(68., device='cuda:0')
Layer numer, Index Number:  tensor(5, dtype=torch.int32) tensor(524, dtype=torch.int32)

Test set: Average loss: 0.1276, Accuracy: 1237/10000 (12.3700%)

epoch: 60
Number of layers: 20
1
Old value, new value:
tensor(-39., device='cuda:0') tensor(-22., device='cuda:0')
Old value, new value:
tensor(-49., device='cuda:0') tensor(19., device='cuda:0')
Layer numer, Index Number:  tensor(5, dtype=torch.int32) tensor(435, dtype=torch.int32)

Test set: Average loss: 0.1379, Accuracy: 1220/10000 (12.2000%)

epoch: 61
Number of layers: 20
0
Old value, new value:
tensor(5., device='cuda:0') tensor(40., device='cuda:0')
Old value, new value:
tensor(0., device='cuda:0') tensor(74., device='cuda:0')
Layer numer, Index Number:  tensor(5, dtype=torch.int32) tensor(1727, dtype=torch.int32)

Test set: Average loss: 0.1490, Accuracy: 1205/10000 (12.0500%)

epoch: 62
Number of layers: 20

Test set: Average loss: 0.1475, Accuracy: 1205/10000 (12.0500%)

epoch: 63
Number of layers: 20
1
Old value, new value:
tensor(2., device='cuda:0') tensor(-30., device='cuda:0')
Old value, new value:
tensor(-11., device='cuda:0') tensor(-29., device='cuda:0')
Layer numer, Index Number:  tensor(16, dtype=torch.int32) tensor(23482, dtype=torch.int32)

Test set: Average loss: 0.1610, Accuracy: 1200/10000 (12.0000%)

epoch: 64
Number of layers: 20
0
Old value, new value:
tensor(4., device='cuda:0') tensor(4., device='cuda:0')
Old value, new value:
tensor(8., device='cuda:0') tensor(38., device='cuda:0')
Layer numer, Index Number:  tensor(16, dtype=torch.int32) tensor(1020, dtype=torch.int32)

Test set: Average loss: 0.1654, Accuracy: 1185/10000 (11.8500%)

torch.Size([25])
torch.Size([4])
torch.Size([18])
torch.Size([2])
torch.Size([0])
torch.Size([8])
torch.Size([0])
torch.Size([0])
torch.Size([2])
torch.Size([0])
torch.Size([0])
torch.Size([0])
torch.Size([0])
torch.Size([0])
torch.Size([0])
torch.Size([0])
torch.Size([7])
torch.Size([2])
torch.Size([0])
torch.Size([2])
Files already downloaded and verified
CifarResNet : Depth : 20 , Layers for each block : 3
/home/asrakin/updating/github/model.py:312: UserWarning: nn.init.kaiming_normal is now deprecated in favor of nn.init.kaiming_normal_.
  init.kaiming_normal(m.weight)
torch.Size([16, 3, 3, 3]) 1
torch.Size([16, 16, 3, 3]) 2
torch.Size([16, 16, 3, 3]) 3
torch.Size([16, 16, 3, 3]) 4
torch.Size([16, 16, 3, 3]) 5
torch.Size([16, 16, 3, 3]) 6
torch.Size([16, 16, 3, 3]) 7
torch.Size([32, 16, 3, 3]) 8
torch.Size([32, 32, 3, 3]) 9
torch.Size([32, 32, 3, 3]) 10
torch.Size([32, 32, 3, 3]) 11
torch.Size([32, 32, 3, 3]) 12
torch.Size([32, 32, 3, 3]) 13
torch.Size([64, 32, 3, 3]) 14
torch.Size([64, 64, 3, 3]) 15
torch.Size([64, 64, 3, 3]) 16
torch.Size([64, 64, 3, 3]) 17
torch.Size([64, 64, 3, 3]) 18
torch.Size([64, 64, 3, 3]) 19
torch.Size([10, 64]) 20

Test set: Average loss: 0.0013, Accuracy: 9077/10000 (90.7700%)

epoch: 1
Number of layers: 20

Test set: Average loss: 0.0013, Accuracy: 9077/10000 (90.7700%)

epoch: 2
Number of layers: 20
0
Old value, new value:
tensor(79., device='cuda:0') tensor(-72., device='cuda:0')
Old value, new value:
tensor(-6., device='cuda:0') tensor(42., device='cuda:0')
Layer numer, Index Number:  tensor(0, dtype=torch.int32) tensor(363, dtype=torch.int32)

Test set: Average loss: 0.0015, Accuracy: 8991/10000 (89.9100%)

epoch: 3
Number of layers: 20
0
Old value, new value:
tensor(-15., device='cuda:0') tensor(-28., device='cuda:0')
Old value, new value:
tensor(5., device='cuda:0') tensor(-64., device='cuda:0')
Layer numer, Index Number:  tensor(0, dtype=torch.int32) tensor(118, dtype=torch.int32)

Test set: Average loss: 0.0021, Accuracy: 8509/10000 (85.0900%)

epoch: 4
Number of layers: 20
0
Old value, new value:
tensor(0., device='cuda:0') tensor(-13., device='cuda:0')
Old value, new value:
tensor(19., device='cuda:0') tensor(-38., device='cuda:0')
Layer numer, Index Number:  tensor(0, dtype=torch.int32) tensor(127, dtype=torch.int32)

Test set: Average loss: 0.0031, Accuracy: 7795/10000 (77.9500%)

epoch: 5
Number of layers: 20

Test set: Average loss: 0.0030, Accuracy: 7795/10000 (77.9500%)

epoch: 6
Number of layers: 20
1
Old value, new value:
tensor(98., device='cuda:0') tensor(-9., device='cuda:0')
Old value, new value:
tensor(16., device='cuda:0') tensor(-60., device='cuda:0')
Layer numer, Index Number:  tensor(0, dtype=torch.int32) tensor(13, dtype=torch.int32)

Test set: Average loss: 0.0036, Accuracy: 7472/10000 (74.7200%)

epoch: 7
Number of layers: 20
0
Old value, new value:
tensor(127., device='cuda:0') tensor(-2., device='cuda:0')
Old value, new value:
tensor(0., device='cuda:0') tensor(1., device='cuda:0')
Layer numer, Index Number:  tensor(19, dtype=torch.int32) tensor(24, dtype=torch.int32)

Test set: Average loss: 0.0062, Accuracy: 6840/10000 (68.4000%)

epoch: 8
Number of layers: 20
0
Old value, new value:
tensor(35., device='cuda:0') tensor(-14., device='cuda:0')
Old value, new value:
tensor(44., device='cuda:0') tensor(-127., device='cuda:0')
Layer numer, Index Number:  tensor(1, dtype=torch.int32) tensor(577, dtype=torch.int32)

Test set: Average loss: 0.0066, Accuracy: 6707/10000 (67.0700%)

epoch: 9
Number of layers: 20

Test set: Average loss: 0.0065, Accuracy: 6707/10000 (67.0700%)

epoch: 10
Number of layers: 20

Test set: Average loss: 0.0065, Accuracy: 6707/10000 (67.0700%)

epoch: 11
Number of layers: 20

Test set: Average loss: 0.0065, Accuracy: 6707/10000 (67.0700%)

epoch: 12
Number of layers: 20

Test set: Average loss: 0.0066, Accuracy: 6707/10000 (67.0700%)

epoch: 13
Number of layers: 20
0
Old value, new value:
tensor(75., device='cuda:0') tensor(21., device='cuda:0')
Old value, new value:
tensor(122., device='cuda:0') tensor(-50., device='cuda:0')
Layer numer, Index Number:  tensor(3, dtype=torch.int32) tensor(1965, dtype=torch.int32)

Test set: Average loss: 0.0077, Accuracy: 6214/10000 (62.1400%)

epoch: 14
Number of layers: 20
0
Old value, new value:
tensor(6., device='cuda:0') tensor(-64., device='cuda:0')
Old value, new value:
tensor(66., device='cuda:0') tensor(16., device='cuda:0')
Layer numer, Index Number:  tensor(0, dtype=torch.int32) tensor(101, dtype=torch.int32)

Test set: Average loss: 0.0092, Accuracy: 5697/10000 (56.9700%)

epoch: 15
Number of layers: 20

Test set: Average loss: 0.0093, Accuracy: 5697/10000 (56.9700%)

epoch: 16
Number of layers: 20
0
Old value, new value:
tensor(4., device='cuda:0') tensor(-28., device='cuda:0')
Old value, new value:
tensor(3., device='cuda:0') tensor(-64., device='cuda:0')
Layer numer, Index Number:  tensor(0, dtype=torch.int32) tensor(116, dtype=torch.int32)

Test set: Average loss: 0.0108, Accuracy: 4696/10000 (46.9600%)

epoch: 17
Number of layers: 20
0
Old value, new value:
tensor(58., device='cuda:0') tensor(-18., device='cuda:0')
Old value, new value:
tensor(12., device='cuda:0') tensor(-10., device='cuda:0')
Layer numer, Index Number:  tensor(0, dtype=torch.int32) tensor(238, dtype=torch.int32)

Test set: Average loss: 0.0120, Accuracy: 4454/10000 (44.5400%)

epoch: 18
Number of layers: 20

Test set: Average loss: 0.0120, Accuracy: 4454/10000 (44.5400%)

epoch: 19
Number of layers: 20

Test set: Average loss: 0.0120, Accuracy: 4454/10000 (44.5400%)

epoch: 20
Number of layers: 20
0
Old value, new value:
tensor(55., device='cuda:0') tensor(-12., device='cuda:0')
Old value, new value:
tensor(30., device='cuda:0') tensor(-33., device='cuda:0')
Layer numer, Index Number:  tensor(3, dtype=torch.int32) tensor(1813, dtype=torch.int32)

Test set: Average loss: 0.0134, Accuracy: 4115/10000 (41.1500%)

epoch: 21
Number of layers: 20
0
Old value, new value:
tensor(-22., device='cuda:0') tensor(-4., device='cuda:0')
Old value, new value:
tensor(61., device='cuda:0') tensor(-65., device='cuda:0')
Layer numer, Index Number:  tensor(0, dtype=torch.int32) tensor(353, dtype=torch.int32)

Test set: Average loss: 0.0158, Accuracy: 3677/10000 (36.7700%)

epoch: 22
Number of layers: 20
0
Old value, new value:
tensor(-25., device='cuda:0') tensor(47., device='cuda:0')
Old value, new value:
tensor(-7., device='cuda:0') tensor(-127., device='cuda:0')
Layer numer, Index Number:  tensor(0, dtype=torch.int32) tensor(91, dtype=torch.int32)

Test set: Average loss: 0.0174, Accuracy: 3311/10000 (33.1100%)

epoch: 23
Number of layers: 20

Test set: Average loss: 0.0176, Accuracy: 3311/10000 (33.1100%)

epoch: 24
Number of layers: 20
0
Old value, new value:
tensor(46., device='cuda:0') tensor(-22., device='cuda:0')
Old value, new value:
tensor(36., device='cuda:0') tensor(-39., device='cuda:0')
Layer numer, Index Number:  tensor(0, dtype=torch.int32) tensor(4, dtype=torch.int32)

Test set: Average loss: 0.0190, Accuracy: 3008/10000 (30.0800%)

epoch: 25
Number of layers: 20

Test set: Average loss: 0.0190, Accuracy: 3008/10000 (30.0800%)

epoch: 26
Number of layers: 20
0
Old value, new value:
tensor(-27., device='cuda:0') tensor(18., device='cuda:0')
Old value, new value:
tensor(-20., device='cuda:0') tensor(68., device='cuda:0')
Layer numer, Index Number:  tensor(5, dtype=torch.int32) tensor(526, dtype=torch.int32)

Test set: Average loss: 0.0203, Accuracy: 2788/10000 (27.8800%)

epoch: 27
Number of layers: 20
0
Old value, new value:
tensor(-63., device='cuda:0') tensor(1., device='cuda:0')
Old value, new value:
tensor(-95., device='cuda:0') tensor(47., device='cuda:0')
Layer numer, Index Number:  tensor(2, dtype=torch.int32) tensor(876, dtype=torch.int32)

Test set: Average loss: 0.0224, Accuracy: 2562/10000 (25.6200%)

epoch: 28
Number of layers: 20

Test set: Average loss: 0.0224, Accuracy: 2562/10000 (25.6200%)

epoch: 29
Number of layers: 20

Test set: Average loss: 0.0223, Accuracy: 2562/10000 (25.6200%)

epoch: 30
Number of layers: 20

Test set: Average loss: 0.0222, Accuracy: 2562/10000 (25.6200%)

epoch: 31
Number of layers: 20
0
Old value, new value:
tensor(85., device='cuda:0') tensor(-41., device='cuda:0')
Old value, new value:
tensor(35., device='cuda:0') tensor(-78., device='cuda:0')
Layer numer, Index Number:  tensor(3, dtype=torch.int32) tensor(1729, dtype=torch.int32)

Test set: Average loss: 0.0245, Accuracy: 2242/10000 (22.4200%)

epoch: 32
Number of layers: 20
0
Old value, new value:
tensor(35., device='cuda:0') tensor(-21., device='cuda:0')
Old value, new value:
tensor(-9., device='cuda:0') tensor(-6., device='cuda:0')
Layer numer, Index Number:  tensor(3, dtype=torch.int32) tensor(203, dtype=torch.int32)

Test set: Average loss: 0.0265, Accuracy: 2072/10000 (20.7200%)

epoch: 33
Number of layers: 20
0
Old value, new value:
tensor(-27., device='cuda:0') tensor(2., device='cuda:0')
Old value, new value:
tensor(-83., device='cuda:0') tensor(38., device='cuda:0')
Layer numer, Index Number:  tensor(1, dtype=torch.int32) tensor(4, dtype=torch.int32)

Test set: Average loss: 0.0283, Accuracy: 1721/10000 (17.2100%)

epoch: 34
Number of layers: 20

Test set: Average loss: 0.0284, Accuracy: 1721/10000 (17.2100%)

epoch: 35
Number of layers: 20
0
Old value, new value:
tensor(84., device='cuda:0') tensor(-44., device='cuda:0')
Old value, new value:
tensor(18., device='cuda:0') tensor(-68., device='cuda:0')
Layer numer, Index Number:  tensor(0, dtype=torch.int32) tensor(322, dtype=torch.int32)

Test set: Average loss: 0.0300, Accuracy: 1568/10000 (15.6800%)

epoch: 36
Number of layers: 20
0
Old value, new value:
tensor(-8., device='cuda:0') tensor(19., device='cuda:0')
Old value, new value:
tensor(-9., device='cuda:0') tensor(31., device='cuda:0')
Layer numer, Index Number:  tensor(7, dtype=torch.int32) tensor(1780, dtype=torch.int32)

Test set: Average loss: 0.0320, Accuracy: 1502/10000 (15.0200%)

epoch: 37
Number of layers: 20
0
Old value, new value:
tensor(28., device='cuda:0') tensor(2., device='cuda:0')
Old value, new value:
tensor(41., device='cuda:0') tensor(9., device='cuda:0')
Layer numer, Index Number:  tensor(0, dtype=torch.int32) tensor(219, dtype=torch.int32)

Test set: Average loss: 0.0334, Accuracy: 1473/10000 (14.7300%)

epoch: 38
Number of layers: 20
0
Old value, new value:
tensor(42., device='cuda:0') tensor(70., device='cuda:0')
Old value, new value:
tensor(-51., device='cuda:0') tensor(11., device='cuda:0')
Layer numer, Index Number:  tensor(2, dtype=torch.int32) tensor(865, dtype=torch.int32)

Test set: Average loss: 0.0357, Accuracy: 1354/10000 (13.5400%)

epoch: 39
Number of layers: 20
0
Old value, new value:
tensor(5., device='cuda:0') tensor(-2., device='cuda:0')
Old value, new value:
tensor(2., device='cuda:0') tensor(15., device='cuda:0')
Layer numer, Index Number:  tensor(19, dtype=torch.int32) tensor(620, dtype=torch.int32)

Test set: Average loss: 0.0374, Accuracy: 1297/10000 (12.9700%)

epoch: 40
Number of layers: 20

Test set: Average loss: 0.0377, Accuracy: 1297/10000 (12.9700%)

epoch: 41
Number of layers: 20
0
Old value, new value:
tensor(-73., device='cuda:0') tensor(3., device='cuda:0')
Old value, new value:
tensor(-42., device='cuda:0') tensor(42., device='cuda:0')
Layer numer, Index Number:  tensor(6, dtype=torch.int32) tensor(1467, dtype=torch.int32)

Test set: Average loss: 0.0414, Accuracy: 1174/10000 (11.7400%)

torch.Size([24])
torch.Size([4])
torch.Size([4])
torch.Size([8])
torch.Size([0])
torch.Size([2])
torch.Size([2])
torch.Size([2])
torch.Size([0])
torch.Size([0])
torch.Size([0])
torch.Size([0])
torch.Size([0])
torch.Size([0])
torch.Size([0])
torch.Size([0])
torch.Size([0])
torch.Size([0])
torch.Size([0])
torch.Size([4])
Files already downloaded and verified
CifarResNet : Depth : 20 , Layers for each block : 3
/home/asrakin/updating/github/model.py:312: UserWarning: nn.init.kaiming_normal is now deprecated in favor of nn.init.kaiming_normal_.
  init.kaiming_normal(m.weight)
torch.Size([16, 3, 3, 3]) 1
torch.Size([16, 16, 3, 3]) 2
torch.Size([16, 16, 3, 3]) 3
torch.Size([16, 16, 3, 3]) 4
torch.Size([16, 16, 3, 3]) 5
torch.Size([16, 16, 3, 3]) 6
torch.Size([16, 16, 3, 3]) 7
torch.Size([32, 16, 3, 3]) 8
torch.Size([32, 32, 3, 3]) 9
torch.Size([32, 32, 3, 3]) 10
torch.Size([32, 32, 3, 3]) 11
torch.Size([32, 32, 3, 3]) 12
torch.Size([32, 32, 3, 3]) 13
torch.Size([64, 32, 3, 3]) 14
torch.Size([64, 64, 3, 3]) 15
torch.Size([64, 64, 3, 3]) 16
torch.Size([64, 64, 3, 3]) 17
torch.Size([64, 64, 3, 3]) 18
torch.Size([64, 64, 3, 3]) 19
torch.Size([10, 64]) 20

Test set: Average loss: 0.0014, Accuracy: 9077/10000 (90.7700%)

epoch: 1
Number of layers: 20
0
Old value, new value:
tensor(84., device='cuda:0') tensor(-44., device='cuda:0')
Old value, new value:
tensor(18., device='cuda:0') tensor(-68., device='cuda:0')
Layer numer, Index Number:  tensor(0, dtype=torch.int32) tensor(322, dtype=torch.int32)

Test set: Average loss: 0.0018, Accuracy: 8794/10000 (87.9400%)

epoch: 2
Number of layers: 20

Test set: Average loss: 0.0018, Accuracy: 8794/10000 (87.9400%)

epoch: 3
Number of layers: 20
0
Old value, new value:
tensor(-15., device='cuda:0') tensor(-28., device='cuda:0')
Old value, new value:
tensor(5., device='cuda:0') tensor(-64., device='cuda:0')
Layer numer, Index Number:  tensor(0, dtype=torch.int32) tensor(118, dtype=torch.int32)

Test set: Average loss: 0.0025, Accuracy: 8212/10000 (82.1200%)

epoch: 4
Number of layers: 20

Test set: Average loss: 0.0024, Accuracy: 8212/10000 (82.1200%)

epoch: 5
Number of layers: 20
0
Old value, new value:
tensor(-46., device='cuda:0') tensor(98., device='cuda:0')
Old value, new value:
tensor(53., device='cuda:0') tensor(-70., device='cuda:0')
Layer numer, Index Number:  tensor(0, dtype=torch.int32) tensor(20, dtype=torch.int32)

Test set: Average loss: 0.0029, Accuracy: 7904/10000 (79.0400%)

epoch: 6
Number of layers: 20
0
Old value, new value:
tensor(-11., device='cuda:0') tensor(-44., device='cuda:0')
Old value, new value:
tensor(48., device='cuda:0') tensor(-68., device='cuda:0')
Layer numer, Index Number:  tensor(0, dtype=torch.int32) tensor(320, dtype=torch.int32)

Test set: Average loss: 0.0037, Accuracy: 7432/10000 (74.3200%)

epoch: 7
Number of layers: 20

Test set: Average loss: 0.0037, Accuracy: 7432/10000 (74.3200%)

epoch: 8
Number of layers: 20
0
Old value, new value:
tensor(0., device='cuda:0') tensor(-13., device='cuda:0')
Old value, new value:
tensor(19., device='cuda:0') tensor(-38., device='cuda:0')
Layer numer, Index Number:  tensor(0, dtype=torch.int32) tensor(127, dtype=torch.int32)

Test set: Average loss: 0.0047, Accuracy: 6780/10000 (67.8000%)

epoch: 9
Number of layers: 20

Test set: Average loss: 0.0046, Accuracy: 6780/10000 (67.8000%)

epoch: 10
Number of layers: 20
0
Old value, new value:
tensor(48., device='cuda:0') tensor(-44., device='cuda:0')
Old value, new value:
tensor(49., device='cuda:0') tensor(-68., device='cuda:0')
Layer numer, Index Number:  tensor(0, dtype=torch.int32) tensor(318, dtype=torch.int32)

Test set: Average loss: 0.0061, Accuracy: 6069/10000 (60.6900%)

epoch: 11
Number of layers: 20
0
Old value, new value:
tensor(4., device='cuda:0') tensor(-28., device='cuda:0')
Old value, new value:
tensor(3., device='cuda:0') tensor(-64., device='cuda:0')
Layer numer, Index Number:  tensor(0, dtype=torch.int32) tensor(116, dtype=torch.int32)

Test set: Average loss: 0.0078, Accuracy: 5286/10000 (52.8600%)

epoch: 12
Number of layers: 20

Test set: Average loss: 0.0079, Accuracy: 5286/10000 (52.8600%)

epoch: 13
Number of layers: 20
0
Old value, new value:
tensor(-13., device='cuda:0') tensor(-13., device='cuda:0')
Old value, new value:
tensor(-5., device='cuda:0') tensor(-43., device='cuda:0')
Layer numer, Index Number:  tensor(0, dtype=torch.int32) tensor(109, dtype=torch.int32)

Test set: Average loss: 0.0089, Accuracy: 4971/10000 (49.7100%)

epoch: 14
Number of layers: 20
2
Old value, new value:
tensor(-21., device='cuda:0') tensor(-13., device='cuda:0')
Old value, new value:
tensor(2., device='cuda:0') tensor(-43., device='cuda:0')
Layer numer, Index Number:  tensor(0, dtype=torch.int32) tensor(107, dtype=torch.int32)

Test set: Average loss: 0.0104, Accuracy: 4640/10000 (46.4000%)

epoch: 15
Number of layers: 20

Test set: Average loss: 0.0104, Accuracy: 4640/10000 (46.4000%)

epoch: 16
Number of layers: 20
0
Old value, new value:
tensor(12., device='cuda:0') tensor(-13., device='cuda:0')
Old value, new value:
tensor(12., device='cuda:0') tensor(-38., device='cuda:0')
Layer numer, Index Number:  tensor(0, dtype=torch.int32) tensor(125, dtype=torch.int32)

Test set: Average loss: 0.0137, Accuracy: 4225/10000 (42.2500%)

epoch: 17
Number of layers: 20

Test set: Average loss: 0.0138, Accuracy: 4225/10000 (42.2500%)

epoch: 18
Number of layers: 20

Test set: Average loss: 0.0138, Accuracy: 4225/10000 (42.2500%)

epoch: 19
Number of layers: 20
0
Old value, new value:
tensor(21., device='cuda:0') tensor(4., device='cuda:0')
Old value, new value:
tensor(3., device='cuda:0') tensor(1., device='cuda:0')
Layer numer, Index Number:  tensor(0, dtype=torch.int32) tensor(134, dtype=torch.int32)

Test set: Average loss: 0.0147, Accuracy: 4176/10000 (41.7600%)

epoch: 20
Number of layers: 20

Test set: Average loss: 0.0147, Accuracy: 4176/10000 (41.7600%)

epoch: 21
Number of layers: 20

Test set: Average loss: 0.0148, Accuracy: 4176/10000 (41.7600%)

epoch: 22
Number of layers: 20

Test set: Average loss: 0.0148, Accuracy: 4176/10000 (41.7600%)

epoch: 23
Number of layers: 20

Test set: Average loss: 0.0148, Accuracy: 4176/10000 (41.7600%)

epoch: 24
Number of layers: 20
1
Old value, new value:
tensor(-35., device='cuda:0') tensor(7., device='cuda:0')
Old value, new value:
tensor(-6., device='cuda:0') tensor(18., device='cuda:0')
Layer numer, Index Number:  tensor(1, dtype=torch.int32) tensor(104, dtype=torch.int32)

Test set: Average loss: 0.0156, Accuracy: 4090/10000 (40.9000%)

epoch: 25
Number of layers: 20

Test set: Average loss: 0.0156, Accuracy: 4090/10000 (40.9000%)

epoch: 26
Number of layers: 20
0
Old value, new value:
tensor(5., device='cuda:0') tensor(-28., device='cuda:0')
Old value, new value:
tensor(-18., device='cuda:0') tensor(-64., device='cuda:0')
Layer numer, Index Number:  tensor(0, dtype=torch.int32) tensor(114, dtype=torch.int32)

Test set: Average loss: 0.0217, Accuracy: 3712/10000 (37.1200%)

epoch: 27
Number of layers: 20
1
Old value, new value:
tensor(-43., device='cuda:0') tensor(-28., device='cuda:0')
Old value, new value:
tensor(-11., device='cuda:0') tensor(-64., device='cuda:0')
Layer numer, Index Number:  tensor(0, dtype=torch.int32) tensor(112, dtype=torch.int32)

Test set: Average loss: 0.0248, Accuracy: 3501/10000 (35.0100%)

epoch: 28
Number of layers: 20
0
Old value, new value:
tensor(12., device='cuda:0') tensor(37., device='cuda:0')
Old value, new value:
tensor(-3., device='cuda:0') tensor(38., device='cuda:0')
Layer numer, Index Number:  tensor(2, dtype=torch.int32) tensor(604, dtype=torch.int32)

Test set: Average loss: 0.0293, Accuracy: 3371/10000 (33.7100%)

epoch: 29
Number of layers: 20
0
Old value, new value:
tensor(2., device='cuda:0') tensor(8., device='cuda:0')
Old value, new value:
tensor(-19., device='cuda:0') tensor(-3., device='cuda:0')
Layer numer, Index Number:  tensor(6, dtype=torch.int32) tensor(621, dtype=torch.int32)

Test set: Average loss: 0.0332, Accuracy: 3281/10000 (32.8100%)

epoch: 30
Number of layers: 20

Test set: Average loss: 0.0334, Accuracy: 3281/10000 (32.8100%)

epoch: 31
Number of layers: 20
0
Old value, new value:
tensor(-16., device='cuda:0') tensor(-12., device='cuda:0')
Old value, new value:
tensor(10., device='cuda:0') tensor(-13., device='cuda:0')
Layer numer, Index Number:  tensor(0, dtype=torch.int32) tensor(122, dtype=torch.int32)

Test set: Average loss: 0.0361, Accuracy: 3215/10000 (32.1500%)

epoch: 32
Number of layers: 20
0
Old value, new value:
tensor(-25., device='cuda:0') tensor(25., device='cuda:0')
Old value, new value:
tensor(27., device='cuda:0') tensor(29., device='cuda:0')
Layer numer, Index Number:  tensor(1, dtype=torch.int32) tensor(1334, dtype=torch.int32)

Test set: Average loss: 0.0432, Accuracy: 3089/10000 (30.8900%)

epoch: 33
Number of layers: 20
0
Old value, new value:
tensor(2., device='cuda:0') tensor(14., device='cuda:0')
Old value, new value:
tensor(-5., device='cuda:0') tensor(20., device='cuda:0')
Layer numer, Index Number:  tensor(1, dtype=torch.int32) tensor(530, dtype=torch.int32)

Test set: Average loss: 0.0492, Accuracy: 2944/10000 (29.4400%)

epoch: 34
Number of layers: 20
0
Old value, new value:
tensor(34., device='cuda:0') tensor(-32., device='cuda:0')
Old value, new value:
tensor(20., device='cuda:0') tensor(-22., device='cuda:0')
Layer numer, Index Number:  tensor(0, dtype=torch.int32) tensor(262, dtype=torch.int32)

Test set: Average loss: 0.0536, Accuracy: 2855/10000 (28.5500%)

epoch: 35
Number of layers: 20

Test set: Average loss: 0.0537, Accuracy: 2855/10000 (28.5500%)

epoch: 36
Number of layers: 20

Test set: Average loss: 0.0542, Accuracy: 2855/10000 (28.5500%)

epoch: 37
Number of layers: 20
0
Old value, new value:
tensor(14., device='cuda:0') tensor(58., device='cuda:0')
Old value, new value:
tensor(-7., device='cuda:0') tensor(53., device='cuda:0')
Layer numer, Index Number:  tensor(10, dtype=torch.int32) tensor(2446, dtype=torch.int32)

Test set: Average loss: 0.0625, Accuracy: 2809/10000 (28.0900%)

epoch: 38
Number of layers: 20
0
Old value, new value:
tensor(-12., device='cuda:0') tensor(8., device='cuda:0')
Old value, new value:
tensor(-15., device='cuda:0') tensor(54., device='cuda:0')
Layer numer, Index Number:  tensor(7, dtype=torch.int32) tensor(2634, dtype=torch.int32)

Test set: Average loss: 0.0672, Accuracy: 2729/10000 (27.2900%)

epoch: 39
Number of layers: 20

Test set: Average loss: 0.0666, Accuracy: 2729/10000 (27.2900%)

epoch: 40
Number of layers: 20

Test set: Average loss: 0.0671, Accuracy: 2729/10000 (27.2900%)

epoch: 41
Number of layers: 20

Test set: Average loss: 0.0671, Accuracy: 2729/10000 (27.2900%)

epoch: 42
Number of layers: 20

Test set: Average loss: 0.0666, Accuracy: 2729/10000 (27.2900%)

epoch: 43
Number of layers: 20

Test set: Average loss: 0.0673, Accuracy: 2729/10000 (27.2900%)

epoch: 44
Number of layers: 20

Test set: Average loss: 0.0680, Accuracy: 2729/10000 (27.2900%)

epoch: 45
Number of layers: 20
1
Old value, new value:
tensor(57., device='cuda:0') tensor(-21., device='cuda:0')
Old value, new value:
tensor(23., device='cuda:0') tensor(-32., device='cuda:0')
Layer numer, Index Number:  tensor(0, dtype=torch.int32) tensor(340, dtype=torch.int32)

Test set: Average loss: 0.0726, Accuracy: 2622/10000 (26.2200%)

epoch: 46
Number of layers: 20
2
Old value, new value:
tensor(69., device='cuda:0') tensor(48., device='cuda:0')
Old value, new value:
tensor(103., device='cuda:0') tensor(29., device='cuda:0')
Layer numer, Index Number:  tensor(0, dtype=torch.int32) tensor(336, dtype=torch.int32)

Test set: Average loss: 0.0773, Accuracy: 2536/10000 (25.3600%)

epoch: 47
Number of layers: 20
2
Old value, new value:
tensor(42., device='cuda:0') tensor(71., device='cuda:0')
Old value, new value:
tensor(-3., device='cuda:0') tensor(50., device='cuda:0')
Layer numer, Index Number:  tensor(12, dtype=torch.int32) tensor(6187, dtype=torch.int32)

Test set: Average loss: 0.0833, Accuracy: 2529/10000 (25.2900%)

epoch: 48
Number of layers: 20

Test set: Average loss: 0.0832, Accuracy: 2529/10000 (25.2900%)

epoch: 49
Number of layers: 20

Test set: Average loss: 0.0829, Accuracy: 2529/10000 (25.2900%)

epoch: 50
Number of layers: 20
0
Old value, new value:
tensor(-27., device='cuda:0') tensor(26., device='cuda:0')
Old value, new value:
tensor(5., device='cuda:0') tensor(19., device='cuda:0')
Layer numer, Index Number:  tensor(6, dtype=torch.int32) tensor(628, dtype=torch.int32)

Test set: Average loss: 0.1140, Accuracy: 2333/10000 (23.3300%)

epoch: 51
Number of layers: 20

Test set: Average loss: 0.1147, Accuracy: 2333/10000 (23.3300%)

epoch: 52
Number of layers: 20
0
Old value, new value:
tensor(-26., device='cuda:0') tensor(3., device='cuda:0')
Old value, new value:
tensor(-4., device='cuda:0') tensor(33., device='cuda:0')
Layer numer, Index Number:  tensor(9, dtype=torch.int32) tensor(4500, dtype=torch.int32)

Test set: Average loss: 0.1251, Accuracy: 2269/10000 (22.6900%)

epoch: 53
Number of layers: 20

Test set: Average loss: 0.1264, Accuracy: 2269/10000 (22.6900%)

epoch: 54
Number of layers: 20
1
Old value, new value:
tensor(-13., device='cuda:0') tensor(-13., device='cuda:0')
Old value, new value:
tensor(-12., device='cuda:0') tensor(-38., device='cuda:0')
Layer numer, Index Number:  tensor(0, dtype=torch.int32) tensor(123, dtype=torch.int32)

Test set: Average loss: 0.1348, Accuracy: 2214/10000 (22.1400%)

epoch: 55
Number of layers: 20

Test set: Average loss: 0.1347, Accuracy: 2214/10000 (22.1400%)

epoch: 56
Number of layers: 20

Test set: Average loss: 0.1362, Accuracy: 2214/10000 (22.1400%)

epoch: 57
Number of layers: 20

Test set: Average loss: 0.1346, Accuracy: 2214/10000 (22.1400%)

epoch: 58
Number of layers: 20
0
Old value, new value:
tensor(11., device='cuda:0') tensor(43., device='cuda:0')
Old value, new value:
tensor(-27., device='cuda:0') tensor(32., device='cuda:0')
Layer numer, Index Number:  tensor(17, dtype=torch.int32) tensor(25135, dtype=torch.int32)

Test set: Average loss: 0.1507, Accuracy: 2045/10000 (20.4500%)

epoch: 59
Number of layers: 20

Test set: Average loss: 0.1503, Accuracy: 2045/10000 (20.4500%)

epoch: 60
Number of layers: 20
3
Old value, new value:
tensor(-43., device='cuda:0') tensor(-28., device='cuda:0')
Old value, new value:
tensor(-13., device='cuda:0') tensor(-64., device='cuda:0')
Layer numer, Index Number:  tensor(0, dtype=torch.int32) tensor(110, dtype=torch.int32)

Test set: Average loss: 0.1655, Accuracy: 1936/10000 (19.3600%)

epoch: 61
Number of layers: 20
0
Old value, new value:
tensor(12., device='cuda:0') tensor(-21., device='cuda:0')
Old value, new value:
tensor(-22., device='cuda:0') tensor(25., device='cuda:0')
Layer numer, Index Number:  tensor(1, dtype=torch.int32) tensor(1331, dtype=torch.int32)

Test set: Average loss: 0.1877, Accuracy: 1871/10000 (18.7100%)

epoch: 62
Number of layers: 20
0
Old value, new value:
tensor(-3., device='cuda:0') tensor(5., device='cuda:0')
Old value, new value:
tensor(-20., device='cuda:0') tensor(-5., device='cuda:0')
Layer numer, Index Number:  tensor(6, dtype=torch.int32) tensor(624, dtype=torch.int32)

Test set: Average loss: 0.2033, Accuracy: 1833/10000 (18.3300%)

epoch: 63
Number of layers: 20

Test set: Average loss: 0.2031, Accuracy: 1833/10000 (18.3300%)

epoch: 64
Number of layers: 20
1
Old value, new value:
tensor(18., device='cuda:0') tensor(-32., device='cuda:0')
Old value, new value:
tensor(3., device='cuda:0') tensor(-27., device='cuda:0')
Layer numer, Index Number:  tensor(0, dtype=torch.int32) tensor(253, dtype=torch.int32)

Test set: Average loss: 0.2141, Accuracy: 1787/10000 (17.8700%)

epoch: 65
Number of layers: 20
0
Old value, new value:
tensor(-23., device='cuda:0') tensor(21., device='cuda:0')
Old value, new value:
tensor(-29., device='cuda:0') tensor(8., device='cuda:0')
Layer numer, Index Number:  tensor(17, dtype=torch.int32) tensor(22693, dtype=torch.int32)

Test set: Average loss: 0.2241, Accuracy: 1798/10000 (17.9800%)

epoch: 66
Number of layers: 20

Test set: Average loss: 0.2239, Accuracy: 1798/10000 (17.9800%)

epoch: 67
Number of layers: 20
0
Old value, new value:
tensor(-3., device='cuda:0') tensor(4., device='cuda:0')
Old value, new value:
tensor(-4., device='cuda:0') tensor(4., device='cuda:0')
Layer numer, Index Number:  tensor(1, dtype=torch.int32) tensor(1397, dtype=torch.int32)

Test set: Average loss: 0.2328, Accuracy: 1789/10000 (17.8900%)

epoch: 68
Number of layers: 20

Test set: Average loss: 0.2333, Accuracy: 1789/10000 (17.8900%)

epoch: 69
Number of layers: 20

Test set: Average loss: 0.2312, Accuracy: 1789/10000 (17.8900%)

epoch: 70
Number of layers: 20
0
Old value, new value:
tensor(-4., device='cuda:0') tensor(3., device='cuda:0')
Old value, new value:
tensor(4., device='cuda:0') tensor(13., device='cuda:0')
Layer numer, Index Number:  tensor(19, dtype=torch.int32) tensor(495, dtype=torch.int32)

Test set: Average loss: 0.2444, Accuracy: 1809/10000 (18.0900%)

epoch: 71
Number of layers: 20

Test set: Average loss: 0.2406, Accuracy: 1809/10000 (18.0900%)

epoch: 72
Number of layers: 20
0
Old value, new value:
tensor(14., device='cuda:0') tensor(4., device='cuda:0')
Old value, new value:
tensor(8., device='cuda:0') tensor(1., device='cuda:0')
Layer numer, Index Number:  tensor(0, dtype=torch.int32) tensor(132, dtype=torch.int32)

Test set: Average loss: 0.2542, Accuracy: 1796/10000 (17.9600%)

epoch: 73
Number of layers: 20
0
Old value, new value:
tensor(9., device='cuda:0') tensor(1., device='cuda:0')
Old value, new value:
tensor(1., device='cuda:0') tensor(19., device='cuda:0')
Layer numer, Index Number:  tensor(11, dtype=torch.int32) tensor(5838, dtype=torch.int32)

Test set: Average loss: 0.2648, Accuracy: 1821/10000 (18.2100%)

epoch: 74
Number of layers: 20
1
Old value, new value:
tensor(29., device='cuda:0') tensor(31., device='cuda:0')
Old value, new value:
tensor(8., device='cuda:0') tensor(51., device='cuda:0')
Layer numer, Index Number:  tensor(3, dtype=torch.int32) tensor(2200, dtype=torch.int32)

Test set: Average loss: 0.2899, Accuracy: 1774/10000 (17.7400%)

epoch: 75
Number of layers: 20
1
Old value, new value:
tensor(11., device='cuda:0') tensor(36., device='cuda:0')
Old value, new value:
tensor(-7., device='cuda:0') tensor(71., device='cuda:0')
Layer numer, Index Number:  tensor(12, dtype=torch.int32) tensor(6184, dtype=torch.int32)

Test set: Average loss: 0.3112, Accuracy: 1782/10000 (17.8200%)

epoch: 76
Number of layers: 20
0
Old value, new value:
tensor(-7., device='cuda:0') tensor(32., device='cuda:0')
Old value, new value:
tensor(-5., device='cuda:0') tensor(2., device='cuda:0')
Layer numer, Index Number:  tensor(11, dtype=torch.int32) tensor(2671, dtype=torch.int32)

Test set: Average loss: 0.3257, Accuracy: 1795/10000 (17.9500%)

epoch: 77
Number of layers: 20

Test set: Average loss: 0.3279, Accuracy: 1795/10000 (17.9500%)

epoch: 78
Number of layers: 20
0
Old value, new value:
tensor(11., device='cuda:0') tensor(-3., device='cuda:0')
Old value, new value:
tensor(14., device='cuda:0') tensor(-1., device='cuda:0')
Layer numer, Index Number:  tensor(19, dtype=torch.int32) tensor(78, dtype=torch.int32)

Test set: Average loss: 0.3370, Accuracy: 1767/10000 (17.6700%)

epoch: 79
Number of layers: 20

Test set: Average loss: 0.3360, Accuracy: 1767/10000 (17.6700%)

epoch: 80
Number of layers: 20
0
Old value, new value:
tensor(17., device='cuda:0') tensor(33., device='cuda:0')
Old value, new value:
tensor(-18., device='cuda:0') tensor(53., device='cuda:0')
Layer numer, Index Number:  tensor(9, dtype=torch.int32) tensor(6229, dtype=torch.int32)

Test set: Average loss: 0.3503, Accuracy: 1700/10000 (17.0000%)

epoch: 81
Number of layers: 20
0
Old value, new value:
tensor(43., device='cuda:0') tensor(63., device='cuda:0')
Old value, new value:
tensor(-5., device='cuda:0') tensor(46., device='cuda:0')
Layer numer, Index Number:  tensor(5, dtype=torch.int32) tensor(758, dtype=torch.int32)

Test set: Average loss: 0.3757, Accuracy: 1691/10000 (16.9100%)

epoch: 82
Number of layers: 20

Test set: Average loss: 0.3745, Accuracy: 1691/10000 (16.9100%)

epoch: 83
Number of layers: 20

Test set: Average loss: 0.3720, Accuracy: 1691/10000 (16.9100%)

epoch: 84
Number of layers: 20

Test set: Average loss: 0.3737, Accuracy: 1691/10000 (16.9100%)

epoch: 85
Number of layers: 20

Test set: Average loss: 0.3770, Accuracy: 1691/10000 (16.9100%)

epoch: 86
Number of layers: 20

Test set: Average loss: 0.3733, Accuracy: 1691/10000 (16.9100%)

epoch: 87
Number of layers: 20

Test set: Average loss: 0.3782, Accuracy: 1691/10000 (16.9100%)

epoch: 88
Number of layers: 20
1
Old value, new value:
tensor(-17., device='cuda:0') tensor(12., device='cuda:0')
Old value, new value:
tensor(-15., device='cuda:0') tensor(16., device='cuda:0')
Layer numer, Index Number:  tensor(9, dtype=torch.int32) tensor(6523, dtype=torch.int32)

Test set: Average loss: 0.3994, Accuracy: 1678/10000 (16.7800%)

epoch: 89
Number of layers: 20

Test set: Average loss: 0.3990, Accuracy: 1678/10000 (16.7800%)

epoch: 90
Number of layers: 20

Test set: Average loss: 0.4001, Accuracy: 1678/10000 (16.7800%)

epoch: 91
Number of layers: 20
1
Old value, new value:
tensor(48., device='cuda:0') tensor(-21., device='cuda:0')
Old value, new value:
tensor(29., device='cuda:0') tensor(-32., device='cuda:0')
Layer numer, Index Number:  tensor(0, dtype=torch.int32) tensor(338, dtype=torch.int32)

Test set: Average loss: 0.4202, Accuracy: 1662/10000 (16.6200%)

epoch: 92
Number of layers: 20

Test set: Average loss: 0.4161, Accuracy: 1662/10000 (16.6200%)

epoch: 93
Number of layers: 20

Test set: Average loss: 0.4200, Accuracy: 1662/10000 (16.6200%)

epoch: 94
Number of layers: 20

Test set: Average loss: 0.4174, Accuracy: 1662/10000 (16.6200%)

epoch: 95
Number of layers: 20

Test set: Average loss: 0.4179, Accuracy: 1662/10000 (16.6200%)

epoch: 96
Number of layers: 20
2
Old value, new value:
tensor(-15., device='cuda:0') tensor(24., device='cuda:0')
Old value, new value:
tensor(19., device='cuda:0') tensor(13., device='cuda:0')
Layer numer, Index Number:  tensor(8, dtype=torch.int32) tensor(2564, dtype=torch.int32)

Test set: Average loss: 0.4331, Accuracy: 1654/10000 (16.5400%)

epoch: 97
Number of layers: 20
0
Old value, new value:
tensor(10., device='cuda:0') tensor(31., device='cuda:0')
Old value, new value:
tensor(-1., device='cuda:0') tensor(25., device='cuda:0')
Layer numer, Index Number:  tensor(4, dtype=torch.int32) tensor(715, dtype=torch.int32)

Test set: Average loss: 0.4728, Accuracy: 1608/10000 (16.0800%)

epoch: 98
Number of layers: 20
1
Old value, new value:
tensor(-11., device='cuda:0') tensor(20., device='cuda:0')
Old value, new value:
tensor(14., device='cuda:0') tensor(21., device='cuda:0')
Layer numer, Index Number:  tensor(5, dtype=torch.int32) tensor(902, dtype=torch.int32)

Test set: Average loss: 0.4845, Accuracy: 1608/10000 (16.0800%)

epoch: 99
Number of layers: 20

Test set: Average loss: 0.4902, Accuracy: 1608/10000 (16.0800%)

epoch: 100
Number of layers: 20

Test set: Average loss: 0.4912, Accuracy: 1608/10000 (16.0800%)

epoch: 101
Number of layers: 20
0
Old value, new value:
tensor(14., device='cuda:0') tensor(40., device='cuda:0')
Old value, new value:
tensor(-20., device='cuda:0') tensor(62., device='cuda:0')
Layer numer, Index Number:  tensor(17, dtype=torch.int32) tensor(3971, dtype=torch.int32)

Test set: Average loss: 0.5371, Accuracy: 1630/10000 (16.3000%)

epoch: 102
Number of layers: 20

Test set: Average loss: 0.5439, Accuracy: 1630/10000 (16.3000%)

epoch: 103
Number of layers: 20

Test set: Average loss: 0.5332, Accuracy: 1630/10000 (16.3000%)

epoch: 104
Number of layers: 20
1
Old value, new value:
tensor(3., device='cuda:0') tensor(-32., device='cuda:0')
Old value, new value:
tensor(2., device='cuda:0') tensor(-27., device='cuda:0')
Layer numer, Index Number:  tensor(0, dtype=torch.int32) tensor(251, dtype=torch.int32)

Test set: Average loss: 0.5560, Accuracy: 1611/10000 (16.1100%)

epoch: 105
Number of layers: 20
3
Old value, new value:
tensor(3., device='cuda:0') tensor(5., device='cuda:0')
Old value, new value:
tensor(-6., device='cuda:0') tensor(8., device='cuda:0')
Layer numer, Index Number:  tensor(3, dtype=torch.int32) tensor(2288, dtype=torch.int32)

Test set: Average loss: 0.5714, Accuracy: 1600/10000 (16.0000%)

epoch: 106
Number of layers: 20
0
Old value, new value:
tensor(-6., device='cuda:0') tensor(10., device='cuda:0')
Old value, new value:
tensor(1., device='cuda:0') tensor(-1., device='cuda:0')
Layer numer, Index Number:  tensor(1, dtype=torch.int32) tensor(473, dtype=torch.int32)

Test set: Average loss: 0.5901, Accuracy: 1580/10000 (15.8000%)

epoch: 107
Number of layers: 20

Test set: Average loss: 0.5885, Accuracy: 1580/10000 (15.8000%)

epoch: 108
Number of layers: 20

Test set: Average loss: 0.5882, Accuracy: 1580/10000 (15.8000%)

epoch: 109
Number of layers: 20
3
Old value, new value:
tensor(-1., device='cuda:0') tensor(15., device='cuda:0')
Old value, new value:
tensor(5., device='cuda:0') tensor(11., device='cuda:0')
Layer numer, Index Number:  tensor(3, dtype=torch.int32) tensor(1716, dtype=torch.int32)

Test set: Average loss: 0.6077, Accuracy: 1560/10000 (15.6000%)

epoch: 110
Number of layers: 20
2
Old value, new value:
tensor(6., device='cuda:0') tensor(-32., device='cuda:0')
Old value, new value:
tensor(5., device='cuda:0') tensor(-27., device='cuda:0')
Layer numer, Index Number:  tensor(0, dtype=torch.int32) tensor(249, dtype=torch.int32)

Test set: Average loss: 0.6296, Accuracy: 1554/10000 (15.5400%)

epoch: 111
Number of layers: 20
0
Old value, new value:
tensor(6., device='cuda:0') tensor(8., device='cuda:0')
Old value, new value:
tensor(-9., device='cuda:0') tensor(58., device='cuda:0')
Layer numer, Index Number:  tensor(10, dtype=torch.int32) tensor(2443, dtype=torch.int32)

Test set: Average loss: 0.6857, Accuracy: 1539/10000 (15.3900%)

epoch: 112
Number of layers: 20

Test set: Average loss: 0.6773, Accuracy: 1539/10000 (15.3900%)

epoch: 113
Number of layers: 20

Test set: Average loss: 0.6853, Accuracy: 1539/10000 (15.3900%)

epoch: 114
Number of layers: 20

Test set: Average loss: 0.6806, Accuracy: 1539/10000 (15.3900%)

epoch: 115
Number of layers: 20
0
Old value, new value:
tensor(-2., device='cuda:0') tensor(33., device='cuda:0')
Old value, new value:
tensor(-2., device='cuda:0') tensor(53., device='cuda:0')
Layer numer, Index Number:  tensor(9, dtype=torch.int32) tensor(6227, dtype=torch.int32)

Test set: Average loss: 0.6914, Accuracy: 1523/10000 (15.2300%)

epoch: 116
Number of layers: 20

Test set: Average loss: 0.6955, Accuracy: 1523/10000 (15.2300%)

epoch: 117
Number of layers: 20
0
Old value, new value:
tensor(54., device='cuda:0') tensor(64., device='cuda:0')
Old value, new value:
tensor(-3., device='cuda:0') tensor(63., device='cuda:0')
Layer numer, Index Number:  tensor(5, dtype=torch.int32) tensor(755, dtype=torch.int32)

Test set: Average loss: 0.7408, Accuracy: 1513/10000 (15.1300%)

epoch: 118
Number of layers: 20

Test set: Average loss: 0.7293, Accuracy: 1513/10000 (15.1300%)

epoch: 119
Number of layers: 20

Test set: Average loss: 0.7260, Accuracy: 1513/10000 (15.1300%)

epoch: 120
Number of layers: 20

Test set: Average loss: 0.7306, Accuracy: 1513/10000 (15.1300%)

epoch: 121
Number of layers: 20

Test set: Average loss: 0.7350, Accuracy: 1513/10000 (15.1300%)

epoch: 122
Number of layers: 20

Test set: Average loss: 0.7341, Accuracy: 1513/10000 (15.1300%)

epoch: 123
Number of layers: 20
1
Old value, new value:
tensor(48., device='cuda:0') tensor(-21., device='cuda:0')
Old value, new value:
tensor(29., device='cuda:0') tensor(-32., device='cuda:0')
Layer numer, Index Number:  tensor(0, dtype=torch.int32) tensor(336, dtype=torch.int32)

Test set: Average loss: 0.7597, Accuracy: 1493/10000 (14.9300%)

epoch: 124
Number of layers: 20
0
Old value, new value:
tensor(35., device='cuda:0') tensor(33., device='cuda:0')
Old value, new value:
tensor(9., device='cuda:0') tensor(37., device='cuda:0')
Layer numer, Index Number:  tensor(3, dtype=torch.int32) tensor(1621, dtype=torch.int32)

Test set: Average loss: 0.8110, Accuracy: 1481/10000 (14.8100%)

epoch: 125
Number of layers: 20
0
Old value, new value:
tensor(-19., device='cuda:0') tensor(8., device='cuda:0')
Old value, new value:
tensor(-1., device='cuda:0') tensor(54., device='cuda:0')
Layer numer, Index Number:  tensor(7, dtype=torch.int32) tensor(2632, dtype=torch.int32)

Test set: Average loss: 0.8596, Accuracy: 1467/10000 (14.6700%)

epoch: 126
Number of layers: 20
1
Old value, new value:
tensor(-4., device='cuda:0') tensor(16., device='cuda:0')
Old value, new value:
tensor(-7., device='cuda:0') tensor(3., device='cuda:0')
Layer numer, Index Number:  tensor(11, dtype=torch.int32) tensor(2377, dtype=torch.int32)

Test set: Average loss: 0.9035, Accuracy: 1464/10000 (14.6400%)

epoch: 127
Number of layers: 20
0
Old value, new value:
tensor(9., device='cuda:0') tensor(-12., device='cuda:0')
Old value, new value:
tensor(13., device='cuda:0') tensor(7., device='cuda:0')
Layer numer, Index Number:  tensor(16, dtype=torch.int32) tensor(23629, dtype=torch.int32)

Test set: Average loss: 0.9253, Accuracy: 1460/10000 (14.6000%)

epoch: 128
Number of layers: 20
0
Old value, new value:
tensor(1., device='cuda:0') tensor(33., device='cuda:0')
Old value, new value:
tensor(15., device='cuda:0') tensor(37., device='cuda:0')
Layer numer, Index Number:  tensor(3, dtype=torch.int32) tensor(1619, dtype=torch.int32)

Test set: Average loss: 0.9538, Accuracy: 1445/10000 (14.4500%)

epoch: 129
Number of layers: 20
0
Old value, new value:
tensor(-49., device='cuda:0') tensor(56., device='cuda:0')
Old value, new value:
tensor(-16., device='cuda:0') tensor(-1., device='cuda:0')
Layer numer, Index Number:  tensor(11, dtype=torch.int32) tensor(4452, dtype=torch.int32)

Test set: Average loss: 0.9958, Accuracy: 1445/10000 (14.4500%)

epoch: 130
Number of layers: 20
1
Old value, new value:
tensor(74., device='cuda:0') tensor(-21., device='cuda:0')
Old value, new value:
tensor(44., device='cuda:0') tensor(-32., device='cuda:0')
Layer numer, Index Number:  tensor(0, dtype=torch.int32) tensor(334, dtype=torch.int32)

Test set: Average loss: 1.0389, Accuracy: 1423/10000 (14.2300%)

epoch: 131
Number of layers: 20

Test set: Average loss: 1.0336, Accuracy: 1423/10000 (14.2300%)

epoch: 132
Number of layers: 20

Test set: Average loss: 1.0457, Accuracy: 1423/10000 (14.2300%)

epoch: 133
Number of layers: 20

Test set: Average loss: 1.0362, Accuracy: 1423/10000 (14.2300%)

epoch: 134
Number of layers: 20
0
Old value, new value:
tensor(1., device='cuda:0') tensor(11., device='cuda:0')
Old value, new value:
tensor(8., device='cuda:0') tensor(21., device='cuda:0')
Layer numer, Index Number:  tensor(1, dtype=torch.int32) tensor(538, dtype=torch.int32)

Test set: Average loss: 1.0704, Accuracy: 1409/10000 (14.0900%)

epoch: 135
Number of layers: 20

Test set: Average loss: 1.0748, Accuracy: 1409/10000 (14.0900%)

epoch: 136
Number of layers: 20

Test set: Average loss: 1.0739, Accuracy: 1409/10000 (14.0900%)

epoch: 137
Number of layers: 20

Test set: Average loss: 1.0777, Accuracy: 1409/10000 (14.0900%)

epoch: 138
Number of layers: 20
1
Old value, new value:
tensor(10., device='cuda:0') tensor(0., device='cuda:0')
Old value, new value:
tensor(-3., device='cuda:0') tensor(31., device='cuda:0')
Layer numer, Index Number:  tensor(3, dtype=torch.int32) tensor(2197, dtype=torch.int32)

Test set: Average loss: 1.1275, Accuracy: 1395/10000 (13.9500%)

epoch: 139
Number of layers: 20

Test set: Average loss: 1.1092, Accuracy: 1395/10000 (13.9500%)

epoch: 140
Number of layers: 20
2
Old value, new value:
tensor(-11., device='cuda:0') tensor(5., device='cuda:0')
Old value, new value:
tensor(1., device='cuda:0') tensor(30., device='cuda:0')
Layer numer, Index Number:  tensor(6, dtype=torch.int32) tensor(1488, dtype=torch.int32)

Test set: Average loss: 1.1782, Accuracy: 1402/10000 (14.0200%)

epoch: 141
Number of layers: 20

Test set: Average loss: 1.1672, Accuracy: 1402/10000 (14.0200%)

epoch: 142
Number of layers: 20
1
Old value, new value:
tensor(-26., device='cuda:0') tensor(29., device='cuda:0')
Old value, new value:
tensor(24., device='cuda:0') tensor(27., device='cuda:0')
Layer numer, Index Number:  tensor(7, dtype=torch.int32) tensor(3500, dtype=torch.int32)

Test set: Average loss: 1.1982, Accuracy: 1399/10000 (13.9900%)

epoch: 143
Number of layers: 20
3
Old value, new value:
tensor(1., device='cuda:0') tensor(17., device='cuda:0')
Old value, new value:
tensor(-24., device='cuda:0') tensor(5., device='cuda:0')
Layer numer, Index Number:  tensor(12, dtype=torch.int32) tensor(7637, dtype=torch.int32)

Test set: Average loss: 1.2290, Accuracy: 1397/10000 (13.9700%)

epoch: 144
Number of layers: 20

Test set: Average loss: 1.2406, Accuracy: 1397/10000 (13.9700%)

epoch: 145
Number of layers: 20
0
Old value, new value:
tensor(8., device='cuda:0') tensor(26., device='cuda:0')
Old value, new value:
tensor(0., device='cuda:0') tensor(18., device='cuda:0')
Layer numer, Index Number:  tensor(11, dtype=torch.int32) tensor(4396, dtype=torch.int32)

Test set: Average loss: 1.3466, Accuracy: 1402/10000 (14.0200%)

epoch: 146
Number of layers: 20

Test set: Average loss: 1.3725, Accuracy: 1402/10000 (14.0200%)

epoch: 147
Number of layers: 20

Test set: Average loss: 1.3693, Accuracy: 1402/10000 (14.0200%)

epoch: 148
Number of layers: 20

Test set: Average loss: 1.3427, Accuracy: 1402/10000 (14.0200%)

epoch: 149
Number of layers: 20

Test set: Average loss: 1.3646, Accuracy: 1402/10000 (14.0200%)

epoch: 150
Number of layers: 20
0
Old value, new value:
tensor(-6., device='cuda:0') tensor(37., device='cuda:0')
Old value, new value:
tensor(10., device='cuda:0') tensor(38., device='cuda:0')
Layer numer, Index Number:  tensor(2, dtype=torch.int32) tensor(602, dtype=torch.int32)

Test set: Average loss: 1.4578, Accuracy: 1374/10000 (13.7400%)

epoch: 151
Number of layers: 20
2
Old value, new value:
tensor(15., device='cuda:0') tensor(32., device='cuda:0')
Old value, new value:
tensor(-23., device='cuda:0') tensor(11., device='cuda:0')
Layer numer, Index Number:  tensor(14, dtype=torch.int32) tensor(30774, dtype=torch.int32)

Test set: Average loss: 1.5244, Accuracy: 1370/10000 (13.7000%)

epoch: 152
Number of layers: 20

Test set: Average loss: 1.5157, Accuracy: 1370/10000 (13.7000%)

epoch: 153
Number of layers: 20

Test set: Average loss: 1.5218, Accuracy: 1370/10000 (13.7000%)

epoch: 154
Number of layers: 20
0
Old value, new value:
tensor(5., device='cuda:0') tensor(26., device='cuda:0')
Old value, new value:
tensor(-5., device='cuda:0') tensor(19., device='cuda:0')
Layer numer, Index Number:  tensor(6, dtype=torch.int32) tensor(626, dtype=torch.int32)

Test set: Average loss: 1.7546, Accuracy: 1343/10000 (13.4300%)

epoch: 155
Number of layers: 20

Test set: Average loss: 1.7500, Accuracy: 1343/10000 (13.4300%)

epoch: 156
Number of layers: 20

Test set: Average loss: 1.7367, Accuracy: 1343/10000 (13.4300%)

epoch: 157
Number of layers: 20
2
Old value, new value:
tensor(-34., device='cuda:0') tensor(10., device='cuda:0')
Old value, new value:
tensor(-19., device='cuda:0') tensor(-8., device='cuda:0')
Layer numer, Index Number:  tensor(12, dtype=torch.int32) tensor(6196, dtype=torch.int32)

Test set: Average loss: 1.7826, Accuracy: 1347/10000 (13.4700%)

epoch: 158
Number of layers: 20
2
Old value, new value:
tensor(-16., device='cuda:0') tensor(20., device='cuda:0')
Old value, new value:
tensor(-6., device='cuda:0') tensor(21., device='cuda:0')
Layer numer, Index Number:  tensor(5, dtype=torch.int32) tensor(900, dtype=torch.int32)

Test set: Average loss: 1.8575, Accuracy: 1342/10000 (13.4200%)

epoch: 159
Number of layers: 20
0
Old value, new value:
tensor(4., device='cuda:0') tensor(-21., device='cuda:0')
Old value, new value:
tensor(57., device='cuda:0') tensor(-32., device='cuda:0')
Layer numer, Index Number:  tensor(0, dtype=torch.int32) tensor(332, dtype=torch.int32)

Test set: Average loss: 1.9142, Accuracy: 1337/10000 (13.3700%)

epoch: 160
Number of layers: 20
0
Old value, new value:
tensor(-17., device='cuda:0') tensor(37., device='cuda:0')
Old value, new value:
tensor(6., device='cuda:0') tensor(38., device='cuda:0')
Layer numer, Index Number:  tensor(2, dtype=torch.int32) tensor(600, dtype=torch.int32)

Test set: Average loss: 1.9890, Accuracy: 1320/10000 (13.2000%)

epoch: 161
Number of layers: 20
0
Old value, new value:
tensor(11., device='cuda:0') tensor(11., device='cuda:0')
Old value, new value:
tensor(-4., device='cuda:0') tensor(21., device='cuda:0')
Layer numer, Index Number:  tensor(1, dtype=torch.int32) tensor(536, dtype=torch.int32)

Test set: Average loss: 2.0678, Accuracy: 1299/10000 (12.9900%)

epoch: 162
Number of layers: 20
0
Old value, new value:
tensor(11., device='cuda:0') tensor(8., device='cuda:0')
Old value, new value:
tensor(0., device='cuda:0') tensor(58., device='cuda:0')
Layer numer, Index Number:  tensor(10, dtype=torch.int32) tensor(2441, dtype=torch.int32)

Test set: Average loss: 2.1605, Accuracy: 1294/10000 (12.9400%)

epoch: 163
Number of layers: 20
0
Old value, new value:
tensor(-3., device='cuda:0') tensor(-1., device='cuda:0')
Old value, new value:
tensor(-5., device='cuda:0') tensor(8., device='cuda:0')
Layer numer, Index Number:  tensor(19, dtype=torch.int32) tensor(460, dtype=torch.int32)

Test set: Average loss: 2.2258, Accuracy: 1264/10000 (12.6400%)

epoch: 164
Number of layers: 20
2
Old value, new value:
tensor(11., device='cuda:0') tensor(-6., device='cuda:0')
Old value, new value:
tensor(30., device='cuda:0') tensor(-49., device='cuda:0')
Layer numer, Index Number:  tensor(0, dtype=torch.int32) tensor(307, dtype=torch.int32)

Test set: Average loss: 2.2845, Accuracy: 1254/10000 (12.5400%)

epoch: 165
Number of layers: 20
1
Old value, new value:
tensor(6., device='cuda:0') tensor(13., device='cuda:0')
Old value, new value:
tensor(-13., device='cuda:0') tensor(13., device='cuda:0')
Layer numer, Index Number:  tensor(14, dtype=torch.int32) tensor(30659, dtype=torch.int32)

Test set: Average loss: 2.3596, Accuracy: 1254/10000 (12.5400%)

epoch: 166
Number of layers: 20
0
Old value, new value:
tensor(3., device='cuda:0') tensor(48., device='cuda:0')
Old value, new value:
tensor(33., device='cuda:0') tensor(55., device='cuda:0')
Layer numer, Index Number:  tensor(9, dtype=torch.int32) tensor(4502, dtype=torch.int32)

Test set: Average loss: 2.5137, Accuracy: 1251/10000 (12.5100%)

epoch: 167
Number of layers: 20

Test set: Average loss: 2.5011, Accuracy: 1251/10000 (12.5100%)

epoch: 168
Number of layers: 20
0
Old value, new value:
tensor(-7., device='cuda:0') tensor(1., device='cuda:0')
Old value, new value:
tensor(-7., device='cuda:0') tensor(26., device='cuda:0')
Layer numer, Index Number:  tensor(1, dtype=torch.int32) tensor(1377, dtype=torch.int32)

Test set: Average loss: 2.5848, Accuracy: 1247/10000 (12.4700%)

epoch: 169
Number of layers: 20
1
Old value, new value:
tensor(-8., device='cuda:0') tensor(46., device='cuda:0')
Old value, new value:
tensor(-21., device='cuda:0') tensor(69., device='cuda:0')
Layer numer, Index Number:  tensor(13, dtype=torch.int32) tensor(2212, dtype=torch.int32)

Test set: Average loss: 2.6523, Accuracy: 1252/10000 (12.5200%)

epoch: 170
Number of layers: 20
2
Old value, new value:
tensor(-30., device='cuda:0') tensor(-11., device='cuda:0')
Old value, new value:
tensor(-31., device='cuda:0') tensor(16., device='cuda:0')
Layer numer, Index Number:  tensor(16, dtype=torch.int32) tensor(33171, dtype=torch.int32)

Test set: Average loss: 2.7100, Accuracy: 1248/10000 (12.4800%)

epoch: 171
Number of layers: 20
0
Old value, new value:
tensor(13., device='cuda:0') tensor(8., device='cuda:0')
Old value, new value:
tensor(-19., device='cuda:0') tensor(54., device='cuda:0')
Layer numer, Index Number:  tensor(7, dtype=torch.int32) tensor(2630, dtype=torch.int32)

Test set: Average loss: 2.8490, Accuracy: 1242/10000 (12.4200%)

epoch: 172
Number of layers: 20
0
Old value, new value:
tensor(-26., device='cuda:0') tensor(0., device='cuda:0')
Old value, new value:
tensor(-19., device='cuda:0') tensor(31., device='cuda:0')
Layer numer, Index Number:  tensor(3, dtype=torch.int32) tensor(2195, dtype=torch.int32)

Test set: Average loss: 3.0439, Accuracy: 1227/10000 (12.2700%)

epoch: 173
Number of layers: 20

Test set: Average loss: 3.0737, Accuracy: 1227/10000 (12.2700%)

epoch: 174
Number of layers: 20

Test set: Average loss: 3.0812, Accuracy: 1227/10000 (12.2700%)

epoch: 175
Number of layers: 20

Test set: Average loss: 3.0986, Accuracy: 1227/10000 (12.2700%)

epoch: 176
Number of layers: 20

Test set: Average loss: 3.0767, Accuracy: 1227/10000 (12.2700%)

epoch: 177
Number of layers: 20

Test set: Average loss: 3.0480, Accuracy: 1227/10000 (12.2700%)

epoch: 178
Number of layers: 20
1
Old value, new value:
tensor(16., device='cuda:0') tensor(-37., device='cuda:0')
Old value, new value:
tensor(20., device='cuda:0') tensor(-36., device='cuda:0')
Layer numer, Index Number:  tensor(15, dtype=torch.int32) tensor(2095, dtype=torch.int32)

Test set: Average loss: 3.1187, Accuracy: 1217/10000 (12.1700%)

epoch: 179
Number of layers: 20
1
Old value, new value:
tensor(21., device='cuda:0') tensor(21., device='cuda:0')
Old value, new value:
tensor(11., device='cuda:0') tensor(34., device='cuda:0')
Layer numer, Index Number:  tensor(1, dtype=torch.int32) tensor(541, dtype=torch.int32)

Test set: Average loss: 3.2438, Accuracy: 1211/10000 (12.1100%)

epoch: 180
Number of layers: 20

Test set: Average loss: 3.2392, Accuracy: 1211/10000 (12.1100%)

epoch: 181
Number of layers: 20

Test set: Average loss: 3.2441, Accuracy: 1211/10000 (12.1100%)

epoch: 182
Number of layers: 20
0
Old value, new value:
tensor(-8., device='cuda:0') tensor(6., device='cuda:0')
Old value, new value:
tensor(-5., device='cuda:0') tensor(3., device='cuda:0')
Layer numer, Index Number:  tensor(19, dtype=torch.int32) tensor(482, dtype=torch.int32)

Test set: Average loss: 3.3628, Accuracy: 1192/10000 (11.9200%)

torch.Size([51])
torch.Size([18])
torch.Size([6])
torch.Size([14])
torch.Size([2])
torch.Size([8])
torch.Size([10])
torch.Size([8])
torch.Size([2])
torch.Size([10])
torch.Size([6])
torch.Size([10])
torch.Size([8])
torch.Size([2])
torch.Size([4])
torch.Size([2])
torch.Size([4])
torch.Size([6])
torch.Size([0])
torch.Size([8])
Files already downloaded and verified
CifarResNet : Depth : 20 , Layers for each block : 3
/home/asrakin/updating/github/model.py:312: UserWarning: nn.init.kaiming_normal is now deprecated in favor of nn.init.kaiming_normal_.
  init.kaiming_normal(m.weight)
torch.Size([16, 3, 3, 3]) 1
torch.Size([16, 16, 3, 3]) 2
torch.Size([16, 16, 3, 3]) 3
torch.Size([16, 16, 3, 3]) 4
torch.Size([16, 16, 3, 3]) 5
torch.Size([16, 16, 3, 3]) 6
torch.Size([16, 16, 3, 3]) 7
torch.Size([32, 16, 3, 3]) 8
torch.Size([32, 32, 3, 3]) 9
torch.Size([32, 32, 3, 3]) 10
torch.Size([32, 32, 3, 3]) 11
torch.Size([32, 32, 3, 3]) 12
torch.Size([32, 32, 3, 3]) 13
torch.Size([64, 32, 3, 3]) 14
torch.Size([64, 64, 3, 3]) 15
torch.Size([64, 64, 3, 3]) 16
torch.Size([64, 64, 3, 3]) 17
torch.Size([64, 64, 3, 3]) 18
torch.Size([64, 64, 3, 3]) 19
torch.Size([10, 64]) 20

Test set: Average loss: 0.0013, Accuracy: 9077/10000 (90.7700%)

epoch: 1
Number of layers: 20
0
Old value, new value:
tensor(-15., device='cuda:0') tensor(-28., device='cuda:0')
Old value, new value:
tensor(5., device='cuda:0') tensor(-64., device='cuda:0')
Layer numer, Index Number:  tensor(0, dtype=torch.int32) tensor(118, dtype=torch.int32)

Test set: Average loss: 0.0020, Accuracy: 8569/10000 (85.6900%)

epoch: 2
Number of layers: 20
0
Old value, new value:
tensor(4., device='cuda:0') tensor(-28., device='cuda:0')
Old value, new value:
tensor(3., device='cuda:0') tensor(-64., device='cuda:0')
Layer numer, Index Number:  tensor(0, dtype=torch.int32) tensor(116, dtype=torch.int32)

Test set: Average loss: 0.0034, Accuracy: 7516/10000 (75.1600%)

epoch: 3
Number of layers: 20
0
Old value, new value:
tensor(-24., device='cuda:0') tensor(-6., device='cuda:0')
Old value, new value:
tensor(79., device='cuda:0') tensor(-72., device='cuda:0')
Layer numer, Index Number:  tensor(0, dtype=torch.int32) tensor(362, dtype=torch.int32)

Test set: Average loss: 0.0036, Accuracy: 7404/10000 (74.0400%)

epoch: 4
Number of layers: 20
0
Old value, new value:
tensor(5., device='cuda:0') tensor(-28., device='cuda:0')
Old value, new value:
tensor(-18., device='cuda:0') tensor(-64., device='cuda:0')
Layer numer, Index Number:  tensor(0, dtype=torch.int32) tensor(114, dtype=torch.int32)

Test set: Average loss: 0.0049, Accuracy: 6531/10000 (65.3100%)

epoch: 5
Number of layers: 20
0
Old value, new value:
tensor(122., device='cuda:0') tensor(-50., device='cuda:0')
Old value, new value:
tensor(21., device='cuda:0') tensor(-67., device='cuda:0')
Layer numer, Index Number:  tensor(3, dtype=torch.int32) tensor(1966, dtype=torch.int32)

Test set: Average loss: 0.0056, Accuracy: 6255/10000 (62.5500%)

epoch: 6
Number of layers: 20
0
Old value, new value:
tensor(-7., device='cuda:0') tensor(-127., device='cuda:0')
Old value, new value:
tensor(47., device='cuda:0') tensor(24., device='cuda:0')
Layer numer, Index Number:  tensor(0, dtype=torch.int32) tensor(92, dtype=torch.int32)

Test set: Average loss: 0.0065, Accuracy: 5819/10000 (58.1900%)

epoch: 7
Number of layers: 20
0
Old value, new value:
tensor(98., device='cuda:0') tensor(-9., device='cuda:0')
Old value, new value:
tensor(16., device='cuda:0') tensor(-60., device='cuda:0')
Layer numer, Index Number:  tensor(0, dtype=torch.int32) tensor(13, dtype=torch.int32)

Test set: Average loss: 0.0092, Accuracy: 4751/10000 (47.5100%)

epoch: 8
Number of layers: 20

Test set: Average loss: 0.0093, Accuracy: 4751/10000 (47.5100%)

epoch: 9
Number of layers: 20

Test set: Average loss: 0.0094, Accuracy: 4751/10000 (47.5100%)

epoch: 10
Number of layers: 20
0
Old value, new value:
tensor(-87., device='cuda:0') tensor(8., device='cuda:0')
Old value, new value:
tensor(-26., device='cuda:0') tensor(66., device='cuda:0')
Layer numer, Index Number:  tensor(0, dtype=torch.int32) tensor(280, dtype=torch.int32)

Test set: Average loss: 0.0112, Accuracy: 4197/10000 (41.9700%)

epoch: 11
Number of layers: 20
0
Old value, new value:
tensor(-22., device='cuda:0') tensor(-4., device='cuda:0')
Old value, new value:
tensor(61., device='cuda:0') tensor(-65., device='cuda:0')
Layer numer, Index Number:  tensor(0, dtype=torch.int32) tensor(353, dtype=torch.int32)

Test set: Average loss: 0.0133, Accuracy: 3790/10000 (37.9000%)

epoch: 12
Number of layers: 20
0
Old value, new value:
tensor(-4., device='cuda:0') tensor(26., device='cuda:0')
Old value, new value:
tensor(-36., device='cuda:0') tensor(14., device='cuda:0')
Layer numer, Index Number:  tensor(1, dtype=torch.int32) tensor(1501, dtype=torch.int32)

Test set: Average loss: 0.0153, Accuracy: 3374/10000 (33.7400%)

epoch: 13
Number of layers: 20

Test set: Average loss: 0.0153, Accuracy: 3374/10000 (33.7400%)

epoch: 14
Number of layers: 20

Test set: Average loss: 0.0154, Accuracy: 3374/10000 (33.7400%)

epoch: 15
Number of layers: 20
0
Old value, new value:
tensor(53., device='cuda:0') tensor(-70., device='cuda:0')
Old value, new value:
tensor(98., device='cuda:0') tensor(45., device='cuda:0')
Layer numer, Index Number:  tensor(0, dtype=torch.int32) tensor(21, dtype=torch.int32)

Test set: Average loss: 0.0172, Accuracy: 2970/10000 (29.7000%)

epoch: 16
Number of layers: 20

Test set: Average loss: 0.0172, Accuracy: 2970/10000 (29.7000%)

epoch: 17
Number of layers: 20

Test set: Average loss: 0.0171, Accuracy: 2970/10000 (29.7000%)

epoch: 18
Number of layers: 20
0
Old value, new value:
tensor(26., device='cuda:0') tensor(-12., device='cuda:0')
Old value, new value:
tensor(38., device='cuda:0') tensor(-20., device='cuda:0')
Layer numer, Index Number:  tensor(3, dtype=torch.int32) tensor(1801, dtype=torch.int32)

Test set: Average loss: 0.0192, Accuracy: 2629/10000 (26.2900%)

epoch: 19
Number of layers: 20
0
Old value, new value:
tensor(84., device='cuda:0') tensor(-44., device='cuda:0')
Old value, new value:
tensor(18., device='cuda:0') tensor(-68., device='cuda:0')
Layer numer, Index Number:  tensor(0, dtype=torch.int32) tensor(322, dtype=torch.int32)

Test set: Average loss: 0.0216, Accuracy: 2161/10000 (21.6100%)

epoch: 20
Number of layers: 20

Test set: Average loss: 0.0219, Accuracy: 2161/10000 (21.6100%)

epoch: 21
Number of layers: 20

Test set: Average loss: 0.0217, Accuracy: 2161/10000 (21.6100%)

epoch: 22
Number of layers: 20

Test set: Average loss: 0.0215, Accuracy: 2161/10000 (21.6100%)

epoch: 23
Number of layers: 20
0
Old value, new value:
tensor(53., device='cuda:0') tensor(-19., device='cuda:0')
Old value, new value:
tensor(2., device='cuda:0') tensor(-4., device='cuda:0')
Layer numer, Index Number:  tensor(0, dtype=torch.int32) tensor(229, dtype=torch.int32)

Test set: Average loss: 0.0239, Accuracy: 2048/10000 (20.4800%)

epoch: 24
Number of layers: 20

Test set: Average loss: 0.0239, Accuracy: 2048/10000 (20.4800%)

epoch: 25
Number of layers: 20

Test set: Average loss: 0.0237, Accuracy: 2048/10000 (20.4800%)

epoch: 26
Number of layers: 20

Test set: Average loss: 0.0241, Accuracy: 2048/10000 (20.4800%)

epoch: 27
Number of layers: 20

Test set: Average loss: 0.0239, Accuracy: 2048/10000 (20.4800%)

epoch: 28
Number of layers: 20
0
Old value, new value:
tensor(-12., device='cuda:0') tensor(24., device='cuda:0')
Old value, new value:
tensor(10., device='cuda:0') tensor(11., device='cuda:0')
Layer numer, Index Number:  tensor(1, dtype=torch.int32) tensor(2254, dtype=torch.int32)

Test set: Average loss: 0.0253, Accuracy: 1949/10000 (19.4900%)

epoch: 29
Number of layers: 20
0
Old value, new value:
tensor(35., device='cuda:0') tensor(-21., device='cuda:0')
Old value, new value:
tensor(-9., device='cuda:0') tensor(-6., device='cuda:0')
Layer numer, Index Number:  tensor(3, dtype=torch.int32) tensor(203, dtype=torch.int32)

Test set: Average loss: 0.0274, Accuracy: 1803/10000 (18.0300%)

epoch: 30
Number of layers: 20

Test set: Average loss: 0.0274, Accuracy: 1803/10000 (18.0300%)

epoch: 31
Number of layers: 20
0
Old value, new value:
tensor(26., device='cuda:0') tensor(-25., device='cuda:0')
Old value, new value:
tensor(13., device='cuda:0') tensor(-127., device='cuda:0')
Layer numer, Index Number:  tensor(0, dtype=torch.int32) tensor(89, dtype=torch.int32)

Test set: Average loss: 0.0303, Accuracy: 1571/10000 (15.7100%)

epoch: 32
Number of layers: 20
0
Old value, new value:
tensor(58., device='cuda:0') tensor(-18., device='cuda:0')
Old value, new value:
tensor(12., device='cuda:0') tensor(-10., device='cuda:0')
Layer numer, Index Number:  tensor(0, dtype=torch.int32) tensor(238, dtype=torch.int32)

Test set: Average loss: 0.0318, Accuracy: 1542/10000 (15.4200%)

epoch: 33
Number of layers: 20
0
Old value, new value:
tensor(-47., device='cuda:0') tensor(23., device='cuda:0')
Old value, new value:
tensor(-10., device='cuda:0') tensor(25., device='cuda:0')
Layer numer, Index Number:  tensor(17, dtype=torch.int32) tensor(9520, dtype=torch.int32)

Test set: Average loss: 0.0327, Accuracy: 1506/10000 (15.0600%)

epoch: 34
Number of layers: 20
0
Old value, new value:
tensor(-48., device='cuda:0') tensor(-1., device='cuda:0')
Old value, new value:
tensor(-21., device='cuda:0') tensor(72., device='cuda:0')
Layer numer, Index Number:  tensor(0, dtype=torch.int32) tensor(289, dtype=torch.int32)

Test set: Average loss: 0.0343, Accuracy: 1412/10000 (14.1200%)

epoch: 35
Number of layers: 20

Test set: Average loss: 0.0343, Accuracy: 1412/10000 (14.1200%)

epoch: 36
Number of layers: 20
0
Old value, new value:
tensor(-4., device='cuda:0') tensor(9., device='cuda:0')
Old value, new value:
tensor(-6., device='cuda:0') tensor(-3., device='cuda:0')
Layer numer, Index Number:  tensor(19, dtype=torch.int32) tensor(589, dtype=torch.int32)

Test set: Average loss: 0.0360, Accuracy: 1342/10000 (13.4200%)

epoch: 37
Number of layers: 20
0
Old value, new value:
tensor(-42., device='cuda:0') tensor(42., device='cuda:0')
Old value, new value:
tensor(3., device='cuda:0') tensor(72., device='cuda:0')
Layer numer, Index Number:  tensor(6, dtype=torch.int32) tensor(1468, dtype=torch.int32)

Test set: Average loss: 0.0381, Accuracy: 1287/10000 (12.8700%)

epoch: 38
Number of layers: 20
0
Old value, new value:
tensor(74., device='cuda:0') tensor(35., device='cuda:0')
Old value, new value:
tensor(54., device='cuda:0') tensor(-17., device='cuda:0')
Layer numer, Index Number:  tensor(5, dtype=torch.int32) tensor(344, dtype=torch.int32)

Test set: Average loss: 0.0402, Accuracy: 1264/10000 (12.6400%)

epoch: 39
Number of layers: 20

Test set: Average loss: 0.0401, Accuracy: 1264/10000 (12.6400%)

epoch: 40
Number of layers: 20

Test set: Average loss: 0.0402, Accuracy: 1264/10000 (12.6400%)

epoch: 41
Number of layers: 20
0
Old value, new value:
tensor(103., device='cuda:0') tensor(-74., device='cuda:0')
Old value, new value:
tensor(57., device='cuda:0') tensor(22., device='cuda:0')
Layer numer, Index Number:  tensor(3, dtype=torch.int32) tensor(1063, dtype=torch.int32)

Test set: Average loss: 0.0421, Accuracy: 1197/10000 (11.9700%)

torch.Size([28])
torch.Size([4])
torch.Size([0])
torch.Size([8])
torch.Size([0])
torch.Size([2])
torch.Size([2])
torch.Size([0])
torch.Size([0])
torch.Size([0])
torch.Size([0])
torch.Size([0])
torch.Size([0])
torch.Size([0])
torch.Size([0])
torch.Size([0])
torch.Size([0])
torch.Size([2])
torch.Size([0])
torch.Size([2])
