Files already downloaded and verified
torch.Size([64, 3, 3, 3]) 1
torch.Size([128, 64, 3, 3]) 2
torch.Size([256, 128, 3, 3]) 3
torch.Size([256, 256, 3, 3]) 4
torch.Size([512, 256, 3, 3]) 5
torch.Size([512, 512, 3, 3]) 6
torch.Size([512, 512, 3, 3]) 7
torch.Size([512, 512, 3, 3]) 8
torch.Size([512, 512]) 9
torch.Size([512, 512]) 10
torch.Size([10, 512]) 11

Test set: Average loss: 0.0019, Accuracy: 9036/10000 (90.3600%)

torch.Size([500])
epoch: 1
Number of layers: 11
0
Old value, new value:
tensor(-80., device='cuda:0') tensor(68., device='cuda:0')
Old value, new value:
tensor(-35., device='cuda:0') tensor(101., device='cuda:0')
Layer numer, Index Number:  tensor(0, dtype=torch.int32) tensor(1306, dtype=torch.int32)

Test set: Average loss: 0.0025, Accuracy: 8750/10000 (87.5000%)


Test set: Average loss: 0.0015, Accuracy: 434/5000.0 (86.8000%)

epoch: 2
Number of layers: 11

Test set: Average loss: 0.0025, Accuracy: 8750/10000 (87.5000%)


Test set: Average loss: 0.0015, Accuracy: 434/5000.0 (86.8000%)

epoch: 3
Number of layers: 11
0
Old value, new value:
tensor(-25., device='cuda:0') tensor(91., device='cuda:0')
Old value, new value:
tensor(57., device='cuda:0') tensor(46., device='cuda:0')
Layer numer, Index Number:  tensor(0, dtype=torch.int32) tensor(1298, dtype=torch.int32)

Test set: Average loss: 0.0033, Accuracy: 8411/10000 (84.1100%)


Test set: Average loss: 0.0023, Accuracy: 405/5000.0 (81.0000%)

epoch: 4
Number of layers: 11
0
Old value, new value:
tensor(-60., device='cuda:0') tensor(13., device='cuda:0')
Old value, new value:
tensor(-44., device='cuda:0') tensor(39., device='cuda:0')
Layer numer, Index Number:  tensor(0, dtype=torch.int32) tensor(895, dtype=torch.int32)

Test set: Average loss: 0.0042, Accuracy: 8056/10000 (80.5600%)


Test set: Average loss: 0.0033, Accuracy: 365/5000.0 (73.0000%)

epoch: 5
Number of layers: 11
0
Old value, new value:
tensor(-34., device='cuda:0') tensor(91., device='cuda:0')
Old value, new value:
tensor(-52., device='cuda:0') tensor(46., device='cuda:0')
Layer numer, Index Number:  tensor(0, dtype=torch.int32) tensor(1296, dtype=torch.int32)

Test set: Average loss: 0.0065, Accuracy: 7248/10000 (72.4800%)


Test set: Average loss: 0.0070, Accuracy: 273/5000.0 (54.6000%)

epoch: 6
Number of layers: 11
0
Old value, new value:
tensor(-30., device='cuda:0') tensor(-23., device='cuda:0')
Old value, new value:
tensor(-71., device='cuda:0') tensor(56., device='cuda:0')
Layer numer, Index Number:  tensor(0, dtype=torch.int32) tensor(1314, dtype=torch.int32)

Test set: Average loss: 0.0080, Accuracy: 6712/10000 (67.1200%)


Test set: Average loss: 0.0080, Accuracy: 242/5000.0 (48.4000%)

epoch: 7
Number of layers: 11

Test set: Average loss: 0.0080, Accuracy: 6712/10000 (67.1200%)


Test set: Average loss: 0.0080, Accuracy: 242/5000.0 (48.4000%)

epoch: 8
Number of layers: 11
0
Old value, new value:
tensor(-28., device='cuda:0') tensor(68., device='cuda:0')
Old value, new value:
tensor(-45., device='cuda:0') tensor(101., device='cuda:0')
Layer numer, Index Number:  tensor(0, dtype=torch.int32) tensor(1304, dtype=torch.int32)

Test set: Average loss: 0.0101, Accuracy: 5988/10000 (59.8800%)


Test set: Average loss: 0.0103, Accuracy: 170/5000.0 (34.0000%)

epoch: 9
Number of layers: 11

Test set: Average loss: 0.0101, Accuracy: 5988/10000 (59.8800%)


Test set: Average loss: 0.0103, Accuracy: 170/5000.0 (34.0000%)

epoch: 10
Number of layers: 11

Test set: Average loss: 0.0101, Accuracy: 5988/10000 (59.8800%)


Test set: Average loss: 0.0103, Accuracy: 170/5000.0 (34.0000%)

epoch: 11
Number of layers: 11
0
Old value, new value:
tensor(-72., device='cuda:0') tensor(-12., device='cuda:0')
Old value, new value:
tensor(-42., device='cuda:0') tensor(11., device='cuda:0')
Layer numer, Index Number:  tensor(0, dtype=torch.int32) tensor(1459, dtype=torch.int32)

Test set: Average loss: 0.0105, Accuracy: 5885/10000 (58.8500%)


Test set: Average loss: 0.0113, Accuracy: 153/5000.0 (30.6000%)

epoch: 12
Number of layers: 11
0
Old value, new value:
tensor(18., device='cuda:0') tensor(41., device='cuda:0')
Old value, new value:
tensor(73., device='cuda:0') tensor(-91., device='cuda:0')
Layer numer, Index Number:  tensor(0, dtype=torch.int32) tensor(1372, dtype=torch.int32)

Test set: Average loss: 0.0110, Accuracy: 5722/10000 (57.2200%)


Test set: Average loss: 0.0123, Accuracy: 137/5000.0 (27.4000%)

epoch: 13
Number of layers: 11
0
Old value, new value:
tensor(12., device='cuda:0') tensor(-73., device='cuda:0')
Old value, new value:
tensor(64., device='cuda:0') tensor(-67., device='cuda:0')
Layer numer, Index Number:  tensor(0, dtype=torch.int32) tensor(1359, dtype=torch.int32)

Test set: Average loss: 0.0121, Accuracy: 5345/10000 (53.4500%)


Test set: Average loss: 0.0137, Accuracy: 122/5000.0 (24.4000%)

epoch: 14
Number of layers: 11

Test set: Average loss: 0.0121, Accuracy: 5345/10000 (53.4500%)


Test set: Average loss: 0.0137, Accuracy: 122/5000.0 (24.4000%)

epoch: 15
Number of layers: 11
0
Old value, new value:
tensor(-12., device='cuda:0') tensor(-27., device='cuda:0')
Old value, new value:
tensor(106., device='cuda:0') tensor(-64., device='cuda:0')
Layer numer, Index Number:  tensor(0, dtype=torch.int32) tensor(993, dtype=torch.int32)

Test set: Average loss: 0.0133, Accuracy: 4891/10000 (48.9100%)


Test set: Average loss: 0.0147, Accuracy: 99/5000.0 (19.8000%)

epoch: 16
Number of layers: 11
0
Old value, new value:
tensor(64., device='cuda:0') tensor(-41., device='cuda:0')
Old value, new value:
tensor(71., device='cuda:0') tensor(9., device='cuda:0')
Layer numer, Index Number:  tensor(0, dtype=torch.int32) tensor(262, dtype=torch.int32)

Test set: Average loss: 0.0138, Accuracy: 4671/10000 (46.7100%)


Test set: Average loss: 0.0150, Accuracy: 99/5000.0 (19.8000%)

epoch: 17
Number of layers: 11
0
Old value, new value:
tensor(-56., device='cuda:0') tensor(63., device='cuda:0')
Old value, new value:
tensor(8., device='cuda:0') tensor(7., device='cuda:0')
Layer numer, Index Number:  tensor(0, dtype=torch.int32) tensor(402, dtype=torch.int32)

Test set: Average loss: 0.0139, Accuracy: 4696/10000 (46.9600%)


Test set: Average loss: 0.0152, Accuracy: 99/5000.0 (19.8000%)

epoch: 18
Number of layers: 11

Test set: Average loss: 0.0139, Accuracy: 4696/10000 (46.9600%)


Test set: Average loss: 0.0152, Accuracy: 99/5000.0 (19.8000%)

epoch: 19
Number of layers: 11
0
Old value, new value:
tensor(63., device='cuda:0') tensor(-49., device='cuda:0')
Old value, new value:
tensor(38., device='cuda:0') tensor(-10., device='cuda:0')
Layer numer, Index Number:  tensor(0, dtype=torch.int32) tensor(79, dtype=torch.int32)

Test set: Average loss: 0.0138, Accuracy: 4797/10000 (47.9700%)


Test set: Average loss: 0.0156, Accuracy: 98/5000.0 (19.6000%)

epoch: 20
Number of layers: 11
0
Old value, new value:
tensor(55., device='cuda:0') tensor(6., device='cuda:0')
Old value, new value:
tensor(-67., device='cuda:0') tensor(66., device='cuda:0')
Layer numer, Index Number:  tensor(0, dtype=torch.int32) tensor(83, dtype=torch.int32)

Test set: Average loss: 0.0141, Accuracy: 4795/10000 (47.9500%)


Test set: Average loss: 0.0160, Accuracy: 104/5000.0 (20.8000%)

epoch: 21
Number of layers: 11

Test set: Average loss: 0.0141, Accuracy: 4795/10000 (47.9500%)


Test set: Average loss: 0.0160, Accuracy: 104/5000.0 (20.8000%)

epoch: 22
Number of layers: 11
0
Old value, new value:
tensor(-50., device='cuda:0') tensor(62., device='cuda:0')
Old value, new value:
tensor(-21., device='cuda:0') tensor(70., device='cuda:0')
Layer numer, Index Number:  tensor(0, dtype=torch.int32) tensor(1015, dtype=torch.int32)

Test set: Average loss: 0.0147, Accuracy: 4701/10000 (47.0100%)


Test set: Average loss: 0.0167, Accuracy: 95/5000.0 (19.0000%)

epoch: 23
Number of layers: 11
0
Old value, new value:
tensor(-5., device='cuda:0') tensor(-80., device='cuda:0')
Old value, new value:
tensor(57., device='cuda:0') tensor(-4., device='cuda:0')
Layer numer, Index Number:  tensor(0, dtype=torch.int32) tensor(397, dtype=torch.int32)

Test set: Average loss: 0.0147, Accuracy: 4669/10000 (46.6900%)


Test set: Average loss: 0.0171, Accuracy: 88/5000.0 (17.6000%)

epoch: 24
Number of layers: 11

Test set: Average loss: 0.0147, Accuracy: 4669/10000 (46.6900%)


Test set: Average loss: 0.0171, Accuracy: 88/5000.0 (17.6000%)

epoch: 25
Number of layers: 11
1
Old value, new value:
tensor(-11., device='cuda:0') tensor(-77., device='cuda:0')
Old value, new value:
tensor(-7., device='cuda:0') tensor(-79., device='cuda:0')
Layer numer, Index Number:  tensor(0, dtype=torch.int32) tensor(502, dtype=torch.int32)

Test set: Average loss: 0.0146, Accuracy: 4781/10000 (47.8100%)


Test set: Average loss: 0.0174, Accuracy: 90/5000.0 (18.0000%)

epoch: 26
Number of layers: 11
0
Old value, new value:
tensor(-25., device='cuda:0') tensor(63., device='cuda:0')
Old value, new value:
tensor(-31., device='cuda:0') tensor(-24., device='cuda:0')
Layer numer, Index Number:  tensor(0, dtype=torch.int32) tensor(1331, dtype=torch.int32)

Test set: Average loss: 0.0152, Accuracy: 4701/10000 (47.0100%)


Test set: Average loss: 0.0176, Accuracy: 88/5000.0 (17.6000%)

epoch: 27
Number of layers: 11
0
Old value, new value:
tensor(-22., device='cuda:0') tensor(-15., device='cuda:0')
Old value, new value:
tensor(89., device='cuda:0') tensor(-52., device='cuda:0')
Layer numer, Index Number:  tensor(0, dtype=torch.int32) tensor(975, dtype=torch.int32)

Test set: Average loss: 0.0160, Accuracy: 4373/10000 (43.7300%)


Test set: Average loss: 0.0181, Accuracy: 83/5000.0 (16.6000%)

epoch: 28
Number of layers: 11

Test set: Average loss: 0.0160, Accuracy: 4373/10000 (43.7300%)


Test set: Average loss: 0.0181, Accuracy: 83/5000.0 (16.6000%)

epoch: 29
Number of layers: 11
0
Old value, new value:
tensor(-42., device='cuda:0') tensor(30., device='cuda:0')
Old value, new value:
tensor(-23., device='cuda:0') tensor(31., device='cuda:0')
Layer numer, Index Number:  tensor(0, dtype=torch.int32) tensor(601, dtype=torch.int32)

Test set: Average loss: 0.0162, Accuracy: 4334/10000 (43.3400%)


Test set: Average loss: 0.0183, Accuracy: 82/5000.0 (16.4000%)

epoch: 30
Number of layers: 11

Test set: Average loss: 0.0162, Accuracy: 4334/10000 (43.3400%)


Test set: Average loss: 0.0183, Accuracy: 82/5000.0 (16.4000%)

epoch: 31
Number of layers: 11
0
Old value, new value:
tensor(1., device='cuda:0') tensor(43., device='cuda:0')
Old value, new value:
tensor(-14., device='cuda:0') tensor(33., device='cuda:0')
Layer numer, Index Number:  tensor(1, dtype=torch.int32) tensor(27158, dtype=torch.int32)

Test set: Average loss: 0.0163, Accuracy: 4313/10000 (43.1300%)


Test set: Average loss: 0.0185, Accuracy: 74/5000.0 (14.8000%)

epoch: 32
Number of layers: 11
0
Old value, new value:
tensor(104., device='cuda:0') tensor(45., device='cuda:0')
Old value, new value:
tensor(5., device='cuda:0') tensor(5., device='cuda:0')
Layer numer, Index Number:  tensor(0, dtype=torch.int32) tensor(1183, dtype=torch.int32)

Test set: Average loss: 0.0164, Accuracy: 4337/10000 (43.3700%)


Test set: Average loss: 0.0188, Accuracy: 68/5000.0 (13.6000%)

epoch: 33
Number of layers: 11
0
Old value, new value:
tensor(18., device='cuda:0') tensor(59., device='cuda:0')
Old value, new value:
tensor(40., device='cuda:0') tensor(50., device='cuda:0')
Layer numer, Index Number:  tensor(0, dtype=torch.int32) tensor(1463, dtype=torch.int32)

Test set: Average loss: 0.0165, Accuracy: 4295/10000 (42.9500%)


Test set: Average loss: 0.0190, Accuracy: 64/5000.0 (12.8000%)

epoch: 34
Number of layers: 11

Test set: Average loss: 0.0165, Accuracy: 4295/10000 (42.9500%)


Test set: Average loss: 0.0190, Accuracy: 64/5000.0 (12.8000%)

epoch: 35
Number of layers: 11

Test set: Average loss: 0.0165, Accuracy: 4295/10000 (42.9500%)


Test set: Average loss: 0.0190, Accuracy: 64/5000.0 (12.8000%)

epoch: 36
Number of layers: 11
0
Old value, new value:
tensor(-13., device='cuda:0') tensor(-12., device='cuda:0')
Old value, new value:
tensor(-65., device='cuda:0') tensor(11., device='cuda:0')
Layer numer, Index Number:  tensor(0, dtype=torch.int32) tensor(1457, dtype=torch.int32)

Test set: Average loss: 0.0167, Accuracy: 4260/10000 (42.6000%)


Test set: Average loss: 0.0194, Accuracy: 60/5000.0 (12.0000%)

epoch: 37
Number of layers: 11

Test set: Average loss: 0.0167, Accuracy: 4260/10000 (42.6000%)


Test set: Average loss: 0.0194, Accuracy: 60/5000.0 (12.0000%)

epoch: 38
Number of layers: 11

Test set: Average loss: 0.0167, Accuracy: 4260/10000 (42.6000%)


Test set: Average loss: 0.0194, Accuracy: 60/5000.0 (12.0000%)

epoch: 39
Number of layers: 11

Test set: Average loss: 0.0167, Accuracy: 4260/10000 (42.6000%)


Test set: Average loss: 0.0194, Accuracy: 60/5000.0 (12.0000%)

epoch: 40
Number of layers: 11
0
Old value, new value:
tensor(-1., device='cuda:0') tensor(-38., device='cuda:0')
Old value, new value:
tensor(-13., device='cuda:0') tensor(-62., device='cuda:0')
Layer numer, Index Number:  tensor(0, dtype=torch.int32) tensor(73, dtype=torch.int32)

Test set: Average loss: 0.0168, Accuracy: 4234/10000 (42.3400%)


Test set: Average loss: 0.0197, Accuracy: 49/5000.0 (9.8000%)

epoch: 41
Number of layers: 11
0
Old value, new value:
tensor(78., device='cuda:0') tensor(-26., device='cuda:0')
Old value, new value:
tensor(50., device='cuda:0') tensor(-43., device='cuda:0')
Layer numer, Index Number:  tensor(0, dtype=torch.int32) tensor(1069, dtype=torch.int32)

Test set: Average loss: 0.0179, Accuracy: 4084/10000 (40.8400%)


Test set: Average loss: 0.0200, Accuracy: 55/5000.0 (11.0000%)

epoch: 42
Number of layers: 11

Test set: Average loss: 0.0179, Accuracy: 4084/10000 (40.8400%)


Test set: Average loss: 0.0200, Accuracy: 55/5000.0 (11.0000%)

epoch: 43
Number of layers: 11
0
Old value, new value:
tensor(62., device='cuda:0') tensor(2., device='cuda:0')
Old value, new value:
tensor(29., device='cuda:0') tensor(-38., device='cuda:0')
Layer numer, Index Number:  tensor(0, dtype=torch.int32) tensor(70, dtype=torch.int32)

Test set: Average loss: 0.0180, Accuracy: 4073/10000 (40.7300%)


Test set: Average loss: 0.0202, Accuracy: 48/5000.0 (9.6000%)

epoch: 44
Number of layers: 11
1
Old value, new value:
tensor(-38., device='cuda:0') tensor(-38., device='cuda:0')
Old value, new value:
tensor(2., device='cuda:0') tensor(-62., device='cuda:0')
Layer numer, Index Number:  tensor(0, dtype=torch.int32) tensor(71, dtype=torch.int32)

Test set: Average loss: 0.0181, Accuracy: 4067/10000 (40.6700%)


Test set: Average loss: 0.0204, Accuracy: 47/5000.0 (9.4000%)

epoch: 45
Number of layers: 11
0
Old value, new value:
tensor(3., device='cuda:0') tensor(-5., device='cuda:0')
Old value, new value:
tensor(0., device='cuda:0') tensor(2., device='cuda:0')
Layer numer, Index Number:  tensor(10, dtype=torch.int32) tensor(807, dtype=torch.int32)

Test set: Average loss: 0.0182, Accuracy: 4066/10000 (40.6600%)


Test set: Average loss: 0.0208, Accuracy: 46/5000.0 (9.2000%)

epoch: 46
Number of layers: 11

Test set: Average loss: 0.0182, Accuracy: 4066/10000 (40.6600%)


Test set: Average loss: 0.0208, Accuracy: 46/5000.0 (9.2000%)

epoch: 47
Number of layers: 11
0
Old value, new value:
tensor(-1., device='cuda:0') tensor(1., device='cuda:0')
Old value, new value:
tensor(0., device='cuda:0') tensor(-5., device='cuda:0')
Layer numer, Index Number:  tensor(10, dtype=torch.int32) tensor(559, dtype=torch.int32)

Test set: Average loss: 0.0182, Accuracy: 4066/10000 (40.6600%)


Test set: Average loss: 0.0211, Accuracy: 46/5000.0 (9.2000%)

epoch: 48
Number of layers: 11

Test set: Average loss: 0.0182, Accuracy: 4066/10000 (40.6600%)


Test set: Average loss: 0.0211, Accuracy: 46/5000.0 (9.2000%)

epoch: 49
Number of layers: 11

Test set: Average loss: 0.0182, Accuracy: 4066/10000 (40.6600%)


Test set: Average loss: 0.0211, Accuracy: 46/5000.0 (9.2000%)

epoch: 50
Number of layers: 11
0
Old value, new value:
tensor(-25., device='cuda:0') tensor(68., device='cuda:0')
Old value, new value:
tensor(-55., device='cuda:0') tensor(101., device='cuda:0')
Layer numer, Index Number:  tensor(0, dtype=torch.int32) tensor(1302, dtype=torch.int32)

Test set: Average loss: 0.0194, Accuracy: 3664/10000 (36.6400%)


Test set: Average loss: 0.0224, Accuracy: 32/5000.0 (6.4000%)

epoch: 51
Number of layers: 11
0
Old value, new value:
tensor(41., device='cuda:0') tensor(18., device='cuda:0')
Old value, new value:
tensor(-91., device='cuda:0') tensor(17., device='cuda:0')
Layer numer, Index Number:  tensor(0, dtype=torch.int32) tensor(1374, dtype=torch.int32)

Test set: Average loss: 0.0191, Accuracy: 3757/10000 (37.5700%)


Test set: Average loss: 0.0226, Accuracy: 30/5000.0 (6.0000%)

epoch: 52
Number of layers: 11
2
Old value, new value:
tensor(16., device='cuda:0') tensor(-15., device='cuda:0')
Old value, new value:
tensor(12., device='cuda:0') tensor(-26., device='cuda:0')
Layer numer, Index Number:  tensor(0, dtype=torch.int32) tensor(1677, dtype=torch.int32)

Test set: Average loss: 0.0192, Accuracy: 3725/10000 (37.2500%)


Test set: Average loss: 0.0227, Accuracy: 31/5000.0 (6.2000%)

epoch: 53
Number of layers: 11
0
Old value, new value:
tensor(108., device='cuda:0') tensor(37., device='cuda:0')
Old value, new value:
tensor(77., device='cuda:0') tensor(-26., device='cuda:0')
Layer numer, Index Number:  tensor(0, dtype=torch.int32) tensor(1066, dtype=torch.int32)

Test set: Average loss: 0.0201, Accuracy: 3565/10000 (35.6500%)


Test set: Average loss: 0.0231, Accuracy: 30/5000.0 (6.0000%)

epoch: 54
Number of layers: 11
0
Old value, new value:
tensor(1., device='cuda:0') tensor(-3., device='cuda:0')
Old value, new value:
tensor(5., device='cuda:0') tensor(-2., device='cuda:0')
Layer numer, Index Number:  tensor(10, dtype=torch.int32) tensor(935, dtype=torch.int32)

Test set: Average loss: 0.0202, Accuracy: 3565/10000 (35.6500%)


Test set: Average loss: 0.0235, Accuracy: 29/5000.0 (5.8000%)

epoch: 55
Number of layers: 11
1
Old value, new value:
tensor(-55., device='cuda:0') tensor(5., device='cuda:0')
Old value, new value:
tensor(56., device='cuda:0') tensor(-63., device='cuda:0')
Layer numer, Index Number:  tensor(0, dtype=torch.int32) tensor(11, dtype=torch.int32)

Test set: Average loss: 0.0205, Accuracy: 3531/10000 (35.3100%)


Test set: Average loss: 0.0237, Accuracy: 31/5000.0 (6.2000%)

epoch: 56
Number of layers: 11
0
Old value, new value:
tensor(5., device='cuda:0') tensor(-53., device='cuda:0')
Old value, new value:
tensor(-11., device='cuda:0') tensor(-74., device='cuda:0')
Layer numer, Index Number:  tensor(0, dtype=torch.int32) tensor(64, dtype=torch.int32)

Test set: Average loss: 0.0207, Accuracy: 3506/10000 (35.0600%)


Test set: Average loss: 0.0240, Accuracy: 24/5000.0 (4.8000%)

epoch: 57
Number of layers: 11

Test set: Average loss: 0.0207, Accuracy: 3506/10000 (35.0600%)


Test set: Average loss: 0.0240, Accuracy: 24/5000.0 (4.8000%)

epoch: 58
Number of layers: 11

Test set: Average loss: 0.0207, Accuracy: 3506/10000 (35.0600%)


Test set: Average loss: 0.0240, Accuracy: 24/5000.0 (4.8000%)

epoch: 59
Number of layers: 11
0
Old value, new value:
tensor(-12., device='cuda:0') tensor(59., device='cuda:0')
Old value, new value:
tensor(11., device='cuda:0') tensor(50., device='cuda:0')
Layer numer, Index Number:  tensor(0, dtype=torch.int32) tensor(1461, dtype=torch.int32)

Test set: Average loss: 0.0209, Accuracy: 3437/10000 (34.3700%)


Test set: Average loss: 0.0244, Accuracy: 20/5000.0 (4.0000%)

epoch: 60
Number of layers: 11

Test set: Average loss: 0.0209, Accuracy: 3437/10000 (34.3700%)


Test set: Average loss: 0.0244, Accuracy: 20/5000.0 (4.0000%)

epoch: 61
Number of layers: 11
0
Old value, new value:
tensor(-37., device='cuda:0') tensor(69., device='cuda:0')
Old value, new value:
tensor(-35., device='cuda:0') tensor(-30., device='cuda:0')
Layer numer, Index Number:  tensor(0, dtype=torch.int32) tensor(1340, dtype=torch.int32)

Test set: Average loss: 0.0215, Accuracy: 3381/10000 (33.8100%)


Test set: Average loss: 0.0246, Accuracy: 18/5000.0 (3.6000%)

epoch: 62
Number of layers: 11
0
Old value, new value:
tensor(2., device='cuda:0') tensor(9., device='cuda:0')
Old value, new value:
tensor(0., device='cuda:0') tensor(4., device='cuda:0')
Layer numer, Index Number:  tensor(10, dtype=torch.int32) tensor(5016, dtype=torch.int32)

Test set: Average loss: 0.0217, Accuracy: 3380/10000 (33.8000%)


Test set: Average loss: 0.0249, Accuracy: 18/5000.0 (3.6000%)

epoch: 63
Number of layers: 11
0
Old value, new value:
tensor(2., device='cuda:0') tensor(-5., device='cuda:0')
Old value, new value:
tensor(-2., device='cuda:0') tensor(-3., device='cuda:0')
Layer numer, Index Number:  tensor(10, dtype=torch.int32) tensor(768, dtype=torch.int32)

Test set: Average loss: 0.0219, Accuracy: 3380/10000 (33.8000%)


Test set: Average loss: 0.0256, Accuracy: 18/5000.0 (3.6000%)

epoch: 64
Number of layers: 11
0
Old value, new value:
tensor(0., device='cuda:0') tensor(0., device='cuda:0')
Old value, new value:
tensor(-2., device='cuda:0') tensor(1., device='cuda:0')
Layer numer, Index Number:  tensor(9, dtype=torch.int32) tensor(202847, dtype=torch.int32)

Test set: Average loss: 0.0219, Accuracy: 3380/10000 (33.8000%)


Test set: Average loss: 0.0259, Accuracy: 18/5000.0 (3.6000%)

epoch: 65
Number of layers: 11

Test set: Average loss: 0.0219, Accuracy: 3380/10000 (33.8000%)


Test set: Average loss: 0.0259, Accuracy: 18/5000.0 (3.6000%)

epoch: 66
Number of layers: 11
1
Old value, new value:
tensor(2., device='cuda:0') tensor(-5., device='cuda:0')
Old value, new value:
tensor(2., device='cuda:0') tensor(2., device='cuda:0')
Layer numer, Index Number:  tensor(10, dtype=torch.int32) tensor(877, dtype=torch.int32)

Test set: Average loss: 0.0220, Accuracy: 3379/10000 (33.7900%)


Test set: Average loss: 0.0262, Accuracy: 17/5000.0 (3.4000%)

epoch: 67
Number of layers: 11

Test set: Average loss: 0.0220, Accuracy: 3379/10000 (33.7900%)


Test set: Average loss: 0.0262, Accuracy: 17/5000.0 (3.4000%)

epoch: 68
Number of layers: 11
0
Old value, new value:
tensor(3., device='cuda:0') tensor(0., device='cuda:0')
Old value, new value:
tensor(-3., device='cuda:0') tensor(0., device='cuda:0')
Layer numer, Index Number:  tensor(10, dtype=torch.int32) tensor(823, dtype=torch.int32)

Test set: Average loss: 0.0220, Accuracy: 3378/10000 (33.7800%)


Test set: Average loss: 0.0263, Accuracy: 17/5000.0 (3.4000%)

epoch: 69
Number of layers: 11

Test set: Average loss: 0.0220, Accuracy: 3378/10000 (33.7800%)


Test set: Average loss: 0.0263, Accuracy: 17/5000.0 (3.4000%)

epoch: 70
Number of layers: 11
0
Old value, new value:
tensor(-51., device='cuda:0') tensor(62., device='cuda:0')
Old value, new value:
tensor(-41., device='cuda:0') tensor(70., device='cuda:0')
Layer numer, Index Number:  tensor(0, dtype=torch.int32) tensor(1013, dtype=torch.int32)

Test set: Average loss: 0.0225, Accuracy: 3303/10000 (33.0300%)


Test set: Average loss: 0.0270, Accuracy: 12/5000.0 (2.4000%)

epoch: 71
Number of layers: 11
0
Old value, new value:
tensor(-54., device='cuda:0') tensor(9., device='cuda:0')
Old value, new value:
tensor(40., device='cuda:0') tensor(-39., device='cuda:0')
Layer numer, Index Number:  tensor(0, dtype=torch.int32) tensor(5, dtype=torch.int32)

Test set: Average loss: 0.0228, Accuracy: 3252/10000 (32.5200%)


Test set: Average loss: 0.0272, Accuracy: 12/5000.0 (2.4000%)

epoch: 72
Number of layers: 11
0
Old value, new value:
tensor(-63., device='cuda:0') tensor(6., device='cuda:0')
Old value, new value:
tensor(48., device='cuda:0') tensor(-44., device='cuda:0')
Layer numer, Index Number:  tensor(0, dtype=torch.int32) tensor(14, dtype=torch.int32)

Test set: Average loss: 0.0231, Accuracy: 3209/10000 (32.0900%)


Test set: Average loss: 0.0274, Accuracy: 13/5000.0 (2.6000%)

epoch: 73
Number of layers: 11

Test set: Average loss: 0.0231, Accuracy: 3209/10000 (32.0900%)


Test set: Average loss: 0.0274, Accuracy: 13/5000.0 (2.6000%)

epoch: 74
Number of layers: 11

Test set: Average loss: 0.0231, Accuracy: 3209/10000 (32.0900%)


Test set: Average loss: 0.0274, Accuracy: 13/5000.0 (2.6000%)

epoch: 75
Number of layers: 11
0
Old value, new value:
tensor(-16., device='cuda:0') tensor(-64., device='cuda:0')
Old value, new value:
tensor(40., device='cuda:0') tensor(4., device='cuda:0')
Layer numer, Index Number:  tensor(0, dtype=torch.int32) tensor(766, dtype=torch.int32)

Test set: Average loss: 0.0232, Accuracy: 3212/10000 (32.1200%)


Test set: Average loss: 0.0276, Accuracy: 14/5000.0 (2.8000%)

epoch: 76
Number of layers: 11

Test set: Average loss: 0.0232, Accuracy: 3212/10000 (32.1200%)


Test set: Average loss: 0.0276, Accuracy: 14/5000.0 (2.8000%)

epoch: 77
Number of layers: 11

Test set: Average loss: 0.0232, Accuracy: 3212/10000 (32.1200%)


Test set: Average loss: 0.0276, Accuracy: 14/5000.0 (2.8000%)

epoch: 78
Number of layers: 11

Test set: Average loss: 0.0232, Accuracy: 3212/10000 (32.1200%)


Test set: Average loss: 0.0276, Accuracy: 14/5000.0 (2.8000%)

epoch: 79
Number of layers: 11
0
Old value, new value:
tensor(49., device='cuda:0') tensor(-35., device='cuda:0')
Old value, new value:
tensor(8., device='cuda:0') tensor(32., device='cuda:0')
Layer numer, Index Number:  tensor(0, dtype=torch.int32) tensor(1695, dtype=torch.int32)

Test set: Average loss: 0.0234, Accuracy: 3181/10000 (31.8100%)


Test set: Average loss: 0.0277, Accuracy: 15/5000.0 (3.0000%)

epoch: 80
Number of layers: 11

Test set: Average loss: 0.0234, Accuracy: 3181/10000 (31.8100%)


Test set: Average loss: 0.0277, Accuracy: 15/5000.0 (3.0000%)

epoch: 81
Number of layers: 11
0
Old value, new value:
tensor(20., device='cuda:0') tensor(6., device='cuda:0')
Old value, new value:
tensor(22., device='cuda:0') tensor(-8., device='cuda:0')
Layer numer, Index Number:  tensor(3, dtype=torch.int32) tensor(136537, dtype=torch.int32)

Test set: Average loss: 0.0236, Accuracy: 3173/10000 (31.7300%)


Test set: Average loss: 0.0280, Accuracy: 14/5000.0 (2.8000%)

epoch: 82
Number of layers: 11

Test set: Average loss: 0.0236, Accuracy: 3173/10000 (31.7300%)


Test set: Average loss: 0.0280, Accuracy: 14/5000.0 (2.8000%)

epoch: 83
Number of layers: 11
0
Old value, new value:
tensor(0., device='cuda:0') tensor(1., device='cuda:0')
Old value, new value:
tensor(3., device='cuda:0') tensor(0., device='cuda:0')
Layer numer, Index Number:  tensor(10, dtype=torch.int32) tensor(580, dtype=torch.int32)

Test set: Average loss: 0.0236, Accuracy: 3172/10000 (31.7200%)


Test set: Average loss: 0.0282, Accuracy: 13/5000.0 (2.6000%)

epoch: 84
Number of layers: 11

Test set: Average loss: 0.0236, Accuracy: 3172/10000 (31.7200%)


Test set: Average loss: 0.0282, Accuracy: 13/5000.0 (2.6000%)

epoch: 85
Number of layers: 11

Test set: Average loss: 0.0236, Accuracy: 3172/10000 (31.7200%)


Test set: Average loss: 0.0282, Accuracy: 13/5000.0 (2.6000%)

epoch: 86
Number of layers: 11
1
Old value, new value:
tensor(16., device='cuda:0') tensor(-4., device='cuda:0')
Old value, new value:
tensor(65., device='cuda:0') tensor(-58., device='cuda:0')
Layer numer, Index Number:  tensor(0, dtype=torch.int32) tensor(98, dtype=torch.int32)

Test set: Average loss: 0.0233, Accuracy: 3203/10000 (32.0300%)


Test set: Average loss: 0.0283, Accuracy: 17/5000.0 (3.4000%)

epoch: 87
Number of layers: 11

Test set: Average loss: 0.0233, Accuracy: 3203/10000 (32.0300%)


Test set: Average loss: 0.0283, Accuracy: 17/5000.0 (3.4000%)

epoch: 88
Number of layers: 11
0
Old value, new value:
tensor(-82., device='cuda:0') tensor(4., device='cuda:0')
Old value, new value:
tensor(16., device='cuda:0') tensor(76., device='cuda:0')
Layer numer, Index Number:  tensor(0, dtype=torch.int32) tensor(1366, dtype=torch.int32)

Test set: Average loss: 0.0230, Accuracy: 3316/10000 (33.1600%)


Test set: Average loss: 0.0283, Accuracy: 17/5000.0 (3.4000%)

epoch: 89
Number of layers: 11
0
Old value, new value:
tensor(2., device='cuda:0') tensor(-43., device='cuda:0')
Old value, new value:
tensor(105., device='cuda:0') tensor(-38., device='cuda:0')
Layer numer, Index Number:  tensor(0, dtype=torch.int32) tensor(984, dtype=torch.int32)

Test set: Average loss: 0.0240, Accuracy: 3120/10000 (31.2000%)


Test set: Average loss: 0.0287, Accuracy: 20/5000.0 (4.0000%)

epoch: 90
Number of layers: 11
0
Old value, new value:
tensor(-26., device='cuda:0') tensor(12., device='cuda:0')
Old value, new value:
tensor(-4., device='cuda:0') tensor(0., device='cuda:0')
Layer numer, Index Number:  tensor(1, dtype=torch.int32) tensor(22904, dtype=torch.int32)

Test set: Average loss: 0.0242, Accuracy: 3097/10000 (30.9700%)


Test set: Average loss: 0.0292, Accuracy: 18/5000.0 (3.6000%)

epoch: 91
Number of layers: 11
1
Old value, new value:
tensor(16., device='cuda:0') tensor(-40., device='cuda:0')
Old value, new value:
tensor(49., device='cuda:0') tensor(-15., device='cuda:0')
Layer numer, Index Number:  tensor(0, dtype=torch.int32) tensor(772, dtype=torch.int32)

Test set: Average loss: 0.0244, Accuracy: 3054/10000 (30.5400%)


Test set: Average loss: 0.0294, Accuracy: 18/5000.0 (3.6000%)

epoch: 92
Number of layers: 11
0
Old value, new value:
tensor(51., device='cuda:0') tensor(-40., device='cuda:0')
Old value, new value:
tensor(-48., device='cuda:0') tensor(-15., device='cuda:0')
Layer numer, Index Number:  tensor(0, dtype=torch.int32) tensor(770, dtype=torch.int32)

Test set: Average loss: 0.0247, Accuracy: 3017/10000 (30.1700%)


Test set: Average loss: 0.0296, Accuracy: 17/5000.0 (3.4000%)

epoch: 93
Number of layers: 11

Test set: Average loss: 0.0247, Accuracy: 3017/10000 (30.1700%)


Test set: Average loss: 0.0296, Accuracy: 17/5000.0 (3.4000%)

epoch: 94
Number of layers: 11
0
Old value, new value:
tensor(-23., device='cuda:0') tensor(33., device='cuda:0')
Old value, new value:
tensor(-12., device='cuda:0') tensor(55., device='cuda:0')
Layer numer, Index Number:  tensor(1, dtype=torch.int32) tensor(21181, dtype=torch.int32)

Test set: Average loss: 0.0249, Accuracy: 3004/10000 (30.0400%)


Test set: Average loss: 0.0298, Accuracy: 16/5000.0 (3.2000%)

epoch: 95
Number of layers: 11
0
Old value, new value:
tensor(-1., device='cuda:0') tensor(34., device='cuda:0')
Old value, new value:
tensor(-44., device='cuda:0') tensor(-20., device='cuda:0')
Layer numer, Index Number:  tensor(1, dtype=torch.int32) tensor(22483, dtype=torch.int32)

Test set: Average loss: 0.0249, Accuracy: 2993/10000 (29.9300%)


Test set: Average loss: 0.0300, Accuracy: 14/5000.0 (2.8000%)

epoch: 96
Number of layers: 11
0
Old value, new value:
tensor(-9., device='cuda:0') tensor(-3., device='cuda:0')
Old value, new value:
tensor(8., device='cuda:0') tensor(26., device='cuda:0')
Layer numer, Index Number:  tensor(1, dtype=torch.int32) tensor(13686, dtype=torch.int32)

Test set: Average loss: 0.0252, Accuracy: 2958/10000 (29.5800%)


Test set: Average loss: 0.0302, Accuracy: 16/5000.0 (3.2000%)

epoch: 97
Number of layers: 11

Test set: Average loss: 0.0252, Accuracy: 2958/10000 (29.5800%)


Test set: Average loss: 0.0302, Accuracy: 16/5000.0 (3.2000%)

epoch: 98
Number of layers: 11
0
Old value, new value:
tensor(-11., device='cuda:0') tensor(5., device='cuda:0')
Old value, new value:
tensor(-23., device='cuda:0') tensor(12., device='cuda:0')
Layer numer, Index Number:  tensor(1, dtype=torch.int32) tensor(7346, dtype=torch.int32)

Test set: Average loss: 0.0256, Accuracy: 2950/10000 (29.5000%)


Test set: Average loss: 0.0306, Accuracy: 16/5000.0 (3.2000%)

epoch: 99
Number of layers: 11
0
Old value, new value:
tensor(-45., device='cuda:0') tensor(32., device='cuda:0')
Old value, new value:
tensor(10., device='cuda:0') tensor(2., device='cuda:0')
Layer numer, Index Number:  tensor(1, dtype=torch.int32) tensor(20600, dtype=torch.int32)

Test set: Average loss: 0.0257, Accuracy: 2940/10000 (29.4000%)


Test set: Average loss: 0.0308, Accuracy: 15/5000.0 (3.0000%)

epoch: 100
Number of layers: 11

Test set: Average loss: 0.0257, Accuracy: 2940/10000 (29.4000%)


Test set: Average loss: 0.0308, Accuracy: 15/5000.0 (3.0000%)

epoch: 101
Number of layers: 11

Test set: Average loss: 0.0257, Accuracy: 2940/10000 (29.4000%)


Test set: Average loss: 0.0308, Accuracy: 15/5000.0 (3.0000%)

epoch: 102
Number of layers: 11

Test set: Average loss: 0.0257, Accuracy: 2940/10000 (29.4000%)


Test set: Average loss: 0.0308, Accuracy: 15/5000.0 (3.0000%)

epoch: 103
Number of layers: 11
0
Old value, new value:
tensor(4., device='cuda:0') tensor(-5., device='cuda:0')
Old value, new value:
tensor(-4., device='cuda:0') tensor(2., device='cuda:0')
Layer numer, Index Number:  tensor(10, dtype=torch.int32) tensor(875, dtype=torch.int32)

Test set: Average loss: 0.0257, Accuracy: 2938/10000 (29.3800%)


Test set: Average loss: 0.0310, Accuracy: 14/5000.0 (2.8000%)

epoch: 104
Number of layers: 11

Test set: Average loss: 0.0257, Accuracy: 2938/10000 (29.3800%)


Test set: Average loss: 0.0310, Accuracy: 14/5000.0 (2.8000%)

epoch: 105
Number of layers: 11
0
Old value, new value:
tensor(-7., device='cuda:0') tensor(-49., device='cuda:0')
Old value, new value:
tensor(40., device='cuda:0') tensor(-10., device='cuda:0')
Layer numer, Index Number:  tensor(0, dtype=torch.int32) tensor(77, dtype=torch.int32)

Test set: Average loss: 0.0258, Accuracy: 2950/10000 (29.5000%)


Test set: Average loss: 0.0311, Accuracy: 13/5000.0 (2.6000%)

epoch: 106
Number of layers: 11
0
Old value, new value:
tensor(25., device='cuda:0') tensor(-44., device='cuda:0')
Old value, new value:
tensor(-4., device='cuda:0') tensor(5., device='cuda:0')
Layer numer, Index Number:  tensor(0, dtype=torch.int32) tensor(1686, dtype=torch.int32)

Test set: Average loss: 0.0260, Accuracy: 2914/10000 (29.1400%)


Test set: Average loss: 0.0313, Accuracy: 13/5000.0 (2.6000%)

epoch: 107
Number of layers: 11

Test set: Average loss: 0.0260, Accuracy: 2914/10000 (29.1400%)


Test set: Average loss: 0.0313, Accuracy: 13/5000.0 (2.6000%)

epoch: 108
Number of layers: 11
0
Old value, new value:
tensor(32., device='cuda:0') tensor(-41., device='cuda:0')
Old value, new value:
tensor(10., device='cuda:0') tensor(24., device='cuda:0')
Layer numer, Index Number:  tensor(0, dtype=torch.int32) tensor(21, dtype=torch.int32)

Test set: Average loss: 0.0263, Accuracy: 2894/10000 (28.9400%)


Test set: Average loss: 0.0315, Accuracy: 12/5000.0 (2.4000%)

epoch: 109
Number of layers: 11
0
Old value, new value:
tensor(-23., device='cuda:0') tensor(21., device='cuda:0')
Old value, new value:
tensor(-16., device='cuda:0') tensor(20., device='cuda:0')
Layer numer, Index Number:  tensor(1, dtype=torch.int32) tensor(67306, dtype=torch.int32)

Test set: Average loss: 0.0268, Accuracy: 2858/10000 (28.5800%)


Test set: Average loss: 0.0320, Accuracy: 11/5000.0 (2.2000%)

epoch: 110
Number of layers: 11

Test set: Average loss: 0.0268, Accuracy: 2858/10000 (28.5800%)


Test set: Average loss: 0.0320, Accuracy: 11/5000.0 (2.2000%)

epoch: 111
Number of layers: 11
0
Old value, new value:
tensor(-7., device='cuda:0') tensor(25., device='cuda:0')
Old value, new value:
tensor(13., device='cuda:0') tensor(28., device='cuda:0')
Layer numer, Index Number:  tensor(1, dtype=torch.int32) tensor(60335, dtype=torch.int32)

Test set: Average loss: 0.0269, Accuracy: 2844/10000 (28.4400%)


Test set: Average loss: 0.0322, Accuracy: 11/5000.0 (2.2000%)

epoch: 112
Number of layers: 11
0
Old value, new value:
tensor(105., device='cuda:0') tensor(0., device='cuda:0')
Old value, new value:
tensor(-91., device='cuda:0') tensor(99., device='cuda:0')
Layer numer, Index Number:  tensor(1, dtype=torch.int32) tensor(31457, dtype=torch.int32)

Test set: Average loss: 0.0273, Accuracy: 2799/10000 (27.9900%)


Test set: Average loss: 0.0324, Accuracy: 9/5000.0 (1.8000%)

torch.Size([94])
torch.Size([20])
torch.Size([0])
torch.Size([2])
torch.Size([0])
torch.Size([0])
torch.Size([0])
torch.Size([0])
torch.Size([0])
torch.Size([1])
torch.Size([17])
Files already downloaded and verified
torch.Size([64, 3, 3, 3]) 1
torch.Size([128, 64, 3, 3]) 2
torch.Size([256, 128, 3, 3]) 3
torch.Size([256, 256, 3, 3]) 4
torch.Size([512, 256, 3, 3]) 5
torch.Size([512, 512, 3, 3]) 6
torch.Size([512, 512, 3, 3]) 7
torch.Size([512, 512, 3, 3]) 8
torch.Size([512, 512]) 9
torch.Size([512, 512]) 10
torch.Size([10, 512]) 11

Test set: Average loss: 0.0019, Accuracy: 8989/10000 (89.8900%)

torch.Size([500])
epoch: 1
Number of layers: 11

Test set: Average loss: 0.0019, Accuracy: 8989/10000 (89.8900%)


Test set: Average loss: 0.0008, Accuracy: 459/5000.0 (91.8000%)

epoch: 2
Number of layers: 11
0
Old value, new value:
tensor(60., device='cuda:0') tensor(-49., device='cuda:0')
Old value, new value:
tensor(-16., device='cuda:0') tensor(-61., device='cuda:0')
Layer numer, Index Number:  tensor(0, dtype=torch.int32) tensor(1452, dtype=torch.int32)

Test set: Average loss: 0.0022, Accuracy: 8857/10000 (88.5700%)


Test set: Average loss: 0.0014, Accuracy: 436/5000.0 (87.2000%)

epoch: 3
Number of layers: 11
0
Old value, new value:
tensor(-4., device='cuda:0') tensor(-50., device='cuda:0')
Old value, new value:
tensor(85., device='cuda:0') tensor(37., device='cuda:0')
Layer numer, Index Number:  tensor(0, dtype=torch.int32) tensor(-3, dtype=torch.int32)

Test set: Average loss: 0.0024, Accuracy: 8788/10000 (87.8800%)


Test set: Average loss: 0.0017, Accuracy: 421/5000.0 (84.2000%)

epoch: 4
Number of layers: 11
0
Old value, new value:
tensor(56., device='cuda:0') tensor(-13., device='cuda:0')
Old value, new value:
tensor(52., device='cuda:0') tensor(-41., device='cuda:0')
Layer numer, Index Number:  tensor(0, dtype=torch.int32) tensor(1433, dtype=torch.int32)

Test set: Average loss: 0.0032, Accuracy: 8420/10000 (84.2000%)


Test set: Average loss: 0.0028, Accuracy: 382/5000.0 (76.4000%)

epoch: 5
Number of layers: 11
0
Old value, new value:
tensor(56., device='cuda:0') tensor(-70., device='cuda:0')
Old value, new value:
tensor(18., device='cuda:0') tensor(14., device='cuda:0')
Layer numer, Index Number:  tensor(0, dtype=torch.int32) tensor(687, dtype=torch.int32)

Test set: Average loss: 0.0038, Accuracy: 8146/10000 (81.4600%)


Test set: Average loss: 0.0040, Accuracy: 348/5000.0 (69.6000%)

epoch: 6
Number of layers: 11
0
Old value, new value:
tensor(5., device='cuda:0') tensor(5., device='cuda:0')
Old value, new value:
tensor(45., device='cuda:0') tensor(-59., device='cuda:0')
Layer numer, Index Number:  tensor(0, dtype=torch.int32) tensor(1184, dtype=torch.int32)

Test set: Average loss: 0.0041, Accuracy: 8007/10000 (80.0700%)


Test set: Average loss: 0.0043, Accuracy: 335/5000.0 (67.0000%)

epoch: 7
Number of layers: 11
0
Old value, new value:
tensor(1., device='cuda:0') tensor(24., device='cuda:0')
Old value, new value:
tensor(77., device='cuda:0') tensor(-90., device='cuda:0')
Layer numer, Index Number:  tensor(0, dtype=torch.int32) tensor(695, dtype=torch.int32)

Test set: Average loss: 0.0051, Accuracy: 7548/10000 (75.4800%)


Test set: Average loss: 0.0054, Accuracy: 295/5000.0 (59.0000%)

epoch: 8
Number of layers: 11
0
Old value, new value:
tensor(57., device='cuda:0') tensor(-82., device='cuda:0')
Old value, new value:
tensor(69., device='cuda:0') tensor(16., device='cuda:0')
Layer numer, Index Number:  tensor(0, dtype=torch.int32) tensor(1364, dtype=torch.int32)

Test set: Average loss: 0.0062, Accuracy: 7087/10000 (70.8700%)


Test set: Average loss: 0.0064, Accuracy: 256/5000.0 (51.2000%)

epoch: 9
Number of layers: 11
0
Old value, new value:
tensor(16., device='cuda:0') tensor(-78., device='cuda:0')
Old value, new value:
tensor(42., device='cuda:0') tensor(42., device='cuda:0')
Layer numer, Index Number:  tensor(0, dtype=torch.int32) tensor(1520, dtype=torch.int32)

Test set: Average loss: 0.0068, Accuracy: 6921/10000 (69.2100%)


Test set: Average loss: 0.0073, Accuracy: 224/5000.0 (44.8000%)

epoch: 10
Number of layers: 11
0
Old value, new value:
tensor(82., device='cuda:0') tensor(-65., device='cuda:0')
Old value, new value:
tensor(-13., device='cuda:0') tensor(-72., device='cuda:0')
Layer numer, Index Number:  tensor(0, dtype=torch.int32) tensor(1456, dtype=torch.int32)

Test set: Average loss: 0.0080, Accuracy: 6369/10000 (63.6900%)


Test set: Average loss: 0.0083, Accuracy: 193/5000.0 (38.6000%)

epoch: 11
Number of layers: 11

Test set: Average loss: 0.0080, Accuracy: 6369/10000 (63.6900%)


Test set: Average loss: 0.0083, Accuracy: 193/5000.0 (38.6000%)

epoch: 12
Number of layers: 11

Test set: Average loss: 0.0080, Accuracy: 6369/10000 (63.6900%)


Test set: Average loss: 0.0083, Accuracy: 193/5000.0 (38.6000%)

epoch: 13
Number of layers: 11
0
Old value, new value:
tensor(-65., device='cuda:0') tensor(-69., device='cuda:0')
Old value, new value:
tensor(125., device='cuda:0') tensor(-36., device='cuda:0')
Layer numer, Index Number:  tensor(0, dtype=torch.int32) tensor(1344, dtype=torch.int32)

Test set: Average loss: 0.0088, Accuracy: 6010/10000 (60.1000%)


Test set: Average loss: 0.0095, Accuracy: 156/5000.0 (31.2000%)

epoch: 14
Number of layers: 11

Test set: Average loss: 0.0088, Accuracy: 6010/10000 (60.1000%)


Test set: Average loss: 0.0095, Accuracy: 156/5000.0 (31.2000%)

epoch: 15
Number of layers: 11

Test set: Average loss: 0.0088, Accuracy: 6010/10000 (60.1000%)


Test set: Average loss: 0.0095, Accuracy: 156/5000.0 (31.2000%)

epoch: 16
Number of layers: 11
0
Old value, new value:
tensor(-41., device='cuda:0') tensor(-116., device='cuda:0')
Old value, new value:
tensor(48., device='cuda:0') tensor(10., device='cuda:0')
Layer numer, Index Number:  tensor(0, dtype=torch.int32) tensor(479, dtype=torch.int32)

Test set: Average loss: 0.0092, Accuracy: 5805/10000 (58.0500%)


Test set: Average loss: 0.0101, Accuracy: 136/5000.0 (27.2000%)

epoch: 17
Number of layers: 11
0
Old value, new value:
tensor(31., device='cuda:0') tensor(-116., device='cuda:0')
Old value, new value:
tensor(42., device='cuda:0') tensor(10., device='cuda:0')
Layer numer, Index Number:  tensor(0, dtype=torch.int32) tensor(477, dtype=torch.int32)

Test set: Average loss: 0.0100, Accuracy: 5436/10000 (54.3600%)


Test set: Average loss: 0.0109, Accuracy: 117/5000.0 (23.4000%)

epoch: 18
Number of layers: 11

Test set: Average loss: 0.0100, Accuracy: 5436/10000 (54.3600%)


Test set: Average loss: 0.0109, Accuracy: 117/5000.0 (23.4000%)

epoch: 19
Number of layers: 11
0
Old value, new value:
tensor(15., device='cuda:0') tensor(48., device='cuda:0')
Old value, new value:
tensor(-38., device='cuda:0') tensor(55., device='cuda:0')
Layer numer, Index Number:  tensor(0, dtype=torch.int32) tensor(247, dtype=torch.int32)

Test set: Average loss: 0.0105, Accuracy: 5323/10000 (53.2300%)


Test set: Average loss: 0.0114, Accuracy: 110/5000.0 (22.0000%)

epoch: 20
Number of layers: 11

Test set: Average loss: 0.0105, Accuracy: 5323/10000 (53.2300%)


Test set: Average loss: 0.0114, Accuracy: 110/5000.0 (22.0000%)

epoch: 21
Number of layers: 11

Test set: Average loss: 0.0105, Accuracy: 5323/10000 (53.2300%)


Test set: Average loss: 0.0114, Accuracy: 110/5000.0 (22.0000%)

epoch: 22
Number of layers: 11
0
Old value, new value:
tensor(-72., device='cuda:0') tensor(-5., device='cuda:0')
Old value, new value:
tensor(-55., device='cuda:0') tensor(0., device='cuda:0')
Layer numer, Index Number:  tensor(0, dtype=torch.int32) tensor(267, dtype=torch.int32)

Test set: Average loss: 0.0109, Accuracy: 5151/10000 (51.5100%)


Test set: Average loss: 0.0118, Accuracy: 92/5000.0 (18.4000%)

epoch: 23
Number of layers: 11

Test set: Average loss: 0.0109, Accuracy: 5151/10000 (51.5100%)


Test set: Average loss: 0.0118, Accuracy: 92/5000.0 (18.4000%)

epoch: 24
Number of layers: 11
0
Old value, new value:
tensor(-55., device='cuda:0') tensor(49., device='cuda:0')
Old value, new value:
tensor(-63., device='cuda:0') tensor(48., device='cuda:0')
Layer numer, Index Number:  tensor(0, dtype=torch.int32) tensor(244, dtype=torch.int32)

Test set: Average loss: 0.0116, Accuracy: 4895/10000 (48.9500%)


Test set: Average loss: 0.0126, Accuracy: 64/5000.0 (12.8000%)

epoch: 25
Number of layers: 11
0
Old value, new value:
tensor(71., device='cuda:0') tensor(-47., device='cuda:0')
Old value, new value:
tensor(-35., device='cuda:0') tensor(-43., device='cuda:0')
Layer numer, Index Number:  tensor(0, dtype=torch.int32) tensor(1443, dtype=torch.int32)

Test set: Average loss: 0.0124, Accuracy: 4615/10000 (46.1500%)


Test set: Average loss: 0.0130, Accuracy: 58/5000.0 (11.6000%)

epoch: 26
Number of layers: 11
0
Old value, new value:
tensor(16., device='cuda:0') tensor(-40., device='cuda:0')
Old value, new value:
tensor(49., device='cuda:0') tensor(-15., device='cuda:0')
Layer numer, Index Number:  tensor(0, dtype=torch.int32) tensor(772, dtype=torch.int32)

Test set: Average loss: 0.0129, Accuracy: 4447/10000 (44.4700%)


Test set: Average loss: 0.0134, Accuracy: 50/5000.0 (10.0000%)

epoch: 27
Number of layers: 11
0
Old value, new value:
tensor(38., device='cuda:0') tensor(13., device='cuda:0')
Old value, new value:
tensor(45., device='cuda:0') tensor(-127., device='cuda:0')
Layer numer, Index Number:  tensor(0, dtype=torch.int32) tensor(739, dtype=torch.int32)

Test set: Average loss: 0.0138, Accuracy: 4146/10000 (41.4600%)


Test set: Average loss: 0.0139, Accuracy: 44/5000.0 (8.8000%)

epoch: 28
Number of layers: 11
0
Old value, new value:
tensor(57., device='cuda:0') tensor(-47., device='cuda:0')
Old value, new value:
tensor(19., device='cuda:0') tensor(21., device='cuda:0')
Layer numer, Index Number:  tensor(0, dtype=torch.int32) tensor(1535, dtype=torch.int32)

Test set: Average loss: 0.0142, Accuracy: 3993/10000 (39.9300%)


Test set: Average loss: 0.0141, Accuracy: 36/5000.0 (7.2000%)

epoch: 29
Number of layers: 11

Test set: Average loss: 0.0142, Accuracy: 3993/10000 (39.9300%)


Test set: Average loss: 0.0141, Accuracy: 36/5000.0 (7.2000%)

epoch: 30
Number of layers: 11
0
Old value, new value:
tensor(-46., device='cuda:0') tensor(-123., device='cuda:0')
Old value, new value:
tensor(51., device='cuda:0') tensor(6., device='cuda:0')
Layer numer, Index Number:  tensor(0, dtype=torch.int32) tensor(470, dtype=torch.int32)

Test set: Average loss: 0.0144, Accuracy: 3940/10000 (39.4000%)


Test set: Average loss: 0.0143, Accuracy: 32/5000.0 (6.4000%)

epoch: 31
Number of layers: 11
0
Old value, new value:
tensor(45., device='cuda:0') tensor(-123., device='cuda:0')
Old value, new value:
tensor(50., device='cuda:0') tensor(6., device='cuda:0')
Layer numer, Index Number:  tensor(0, dtype=torch.int32) tensor(468, dtype=torch.int32)

Test set: Average loss: 0.0149, Accuracy: 3715/10000 (37.1500%)


Test set: Average loss: 0.0145, Accuracy: 27/5000.0 (5.4000%)

epoch: 32
Number of layers: 11
0
Old value, new value:
tensor(-41., device='cuda:0') tensor(-21., device='cuda:0')
Old value, new value:
tensor(-50., device='cuda:0') tensor(62., device='cuda:0')
Layer numer, Index Number:  tensor(0, dtype=torch.int32) tensor(1014, dtype=torch.int32)

Test set: Average loss: 0.0154, Accuracy: 3573/10000 (35.7300%)


Test set: Average loss: 0.0148, Accuracy: 28/5000.0 (5.6000%)

epoch: 33
Number of layers: 11
0
Old value, new value:
tensor(-1., device='cuda:0') tensor(64., device='cuda:0')
Old value, new value:
tensor(17., device='cuda:0') tensor(71., device='cuda:0')
Layer numer, Index Number:  tensor(0, dtype=torch.int32) tensor(260, dtype=torch.int32)

Test set: Average loss: 0.0157, Accuracy: 3493/10000 (34.9300%)


Test set: Average loss: 0.0151, Accuracy: 25/5000.0 (5.0000%)

epoch: 34
Number of layers: 11

Test set: Average loss: 0.0157, Accuracy: 3493/10000 (34.9300%)


Test set: Average loss: 0.0151, Accuracy: 25/5000.0 (5.0000%)

epoch: 35
Number of layers: 11
0
Old value, new value:
tensor(-38., device='cuda:0') tensor(-37., device='cuda:0')
Old value, new value:
tensor(77., device='cuda:0') tensor(-35., device='cuda:0')
Layer numer, Index Number:  tensor(0, dtype=torch.int32) tensor(1338, dtype=torch.int32)

Test set: Average loss: 0.0160, Accuracy: 3368/10000 (33.6800%)


Test set: Average loss: 0.0152, Accuracy: 19/5000.0 (3.8000%)

epoch: 36
Number of layers: 11
0
Old value, new value:
tensor(-23., device='cuda:0') tensor(71., device='cuda:0')
Old value, new value:
tensor(44., device='cuda:0') tensor(49., device='cuda:0')
Layer numer, Index Number:  tensor(0, dtype=torch.int32) tensor(1061, dtype=torch.int32)

Test set: Average loss: 0.0164, Accuracy: 3275/10000 (32.7500%)


Test set: Average loss: 0.0154, Accuracy: 18/5000.0 (3.6000%)

epoch: 37
Number of layers: 11
0
Old value, new value:
tensor(21., device='cuda:0') tensor(64., device='cuda:0')
Old value, new value:
tensor(12., device='cuda:0') tensor(71., device='cuda:0')
Layer numer, Index Number:  tensor(0, dtype=torch.int32) tensor(258, dtype=torch.int32)

Test set: Average loss: 0.0167, Accuracy: 3204/10000 (32.0400%)


Test set: Average loss: 0.0157, Accuracy: 15/5000.0 (3.0000%)

epoch: 38
Number of layers: 11
0
Old value, new value:
tensor(35., device='cuda:0') tensor(16., device='cuda:0')
Old value, new value:
tensor(37., device='cuda:0') tensor(-119., device='cuda:0')
Layer numer, Index Number:  tensor(0, dtype=torch.int32) tensor(748, dtype=torch.int32)

Test set: Average loss: 0.0173, Accuracy: 3069/10000 (30.6900%)


Test set: Average loss: 0.0162, Accuracy: 14/5000.0 (2.8000%)

epoch: 39
Number of layers: 11
0
Old value, new value:
tensor(8., device='cuda:0') tensor(2., device='cuda:0')
Old value, new value:
tensor(3., device='cuda:0') tensor(-3., device='cuda:0')
Layer numer, Index Number:  tensor(10, dtype=torch.int32) tensor(645, dtype=torch.int32)

Test set: Average loss: 0.0174, Accuracy: 3066/10000 (30.6600%)


Test set: Average loss: 0.0164, Accuracy: 11/5000.0 (2.2000%)

epoch: 40
Number of layers: 11
0
Old value, new value:
tensor(-10., device='cuda:0') tensor(64., device='cuda:0')
Old value, new value:
tensor(-27., device='cuda:0') tensor(71., device='cuda:0')
Layer numer, Index Number:  tensor(0, dtype=torch.int32) tensor(256, dtype=torch.int32)

Test set: Average loss: 0.0178, Accuracy: 2965/10000 (29.6500%)


Test set: Average loss: 0.0167, Accuracy: 7/5000.0 (1.4000%)

torch.Size([54])
torch.Size([0])
torch.Size([0])
torch.Size([0])
torch.Size([0])
torch.Size([0])
torch.Size([0])
torch.Size([0])
torch.Size([0])
torch.Size([0])
torch.Size([2])
Files already downloaded and verified
torch.Size([64, 3, 3, 3]) 1
torch.Size([128, 64, 3, 3]) 2
torch.Size([256, 128, 3, 3]) 3
torch.Size([256, 256, 3, 3]) 4
torch.Size([512, 256, 3, 3]) 5
torch.Size([512, 512, 3, 3]) 6
torch.Size([512, 512, 3, 3]) 7
torch.Size([512, 512, 3, 3]) 8
torch.Size([512, 512]) 9
torch.Size([512, 512]) 10
torch.Size([10, 512]) 11

Test set: Average loss: 0.0018, Accuracy: 9019/10000 (90.1900%)

torch.Size([500])
epoch: 1
Number of layers: 11
0
Old value, new value:
tensor(-52., device='cuda:0') tensor(57., device='cuda:0')
Old value, new value:
tensor(-25., device='cuda:0') tensor(91., device='cuda:0')
Layer numer, Index Number:  tensor(0, dtype=torch.int32) tensor(1297, dtype=torch.int32)

Test set: Average loss: 0.0023, Accuracy: 8780/10000 (87.8000%)


Test set: Average loss: 0.0014, Accuracy: 432/5000.0 (86.4000%)

epoch: 2
Number of layers: 11
0
Old value, new value:
tensor(-71., device='cuda:0') tensor(56., device='cuda:0')
Old value, new value:
tensor(-23., device='cuda:0') tensor(83., device='cuda:0')
Layer numer, Index Number:  tensor(0, dtype=torch.int32) tensor(1315, dtype=torch.int32)

Test set: Average loss: 0.0040, Accuracy: 8078/10000 (80.7800%)


Test set: Average loss: 0.0025, Accuracy: 393/5000.0 (78.6000%)

epoch: 3
Number of layers: 11
0
Old value, new value:
tensor(82., device='cuda:0') tensor(-65., device='cuda:0')
Old value, new value:
tensor(-13., device='cuda:0') tensor(-72., device='cuda:0')
Layer numer, Index Number:  tensor(0, dtype=torch.int32) tensor(1456, dtype=torch.int32)

Test set: Average loss: 0.0046, Accuracy: 7827/10000 (78.2700%)


Test set: Average loss: 0.0042, Accuracy: 343/5000.0 (68.6000%)

epoch: 4
Number of layers: 11
0
Old value, new value:
tensor(-67., device='cuda:0') tensor(13., device='cuda:0')
Old value, new value:
tensor(-44., device='cuda:0') tensor(38., device='cuda:0')
Layer numer, Index Number:  tensor(0, dtype=torch.int32) tensor(904, dtype=torch.int32)

Test set: Average loss: 0.0057, Accuracy: 7407/10000 (74.0700%)


Test set: Average loss: 0.0056, Accuracy: 293/5000.0 (58.6000%)

epoch: 5
Number of layers: 11
0
Old value, new value:
tensor(-80., device='cuda:0') tensor(68., device='cuda:0')
Old value, new value:
tensor(-35., device='cuda:0') tensor(101., device='cuda:0')
Layer numer, Index Number:  tensor(0, dtype=torch.int32) tensor(1306, dtype=torch.int32)

Test set: Average loss: 0.0092, Accuracy: 6301/10000 (63.0100%)


Test set: Average loss: 0.0091, Accuracy: 211/5000.0 (42.2000%)

epoch: 6
Number of layers: 11
0
Old value, new value:
tensor(-28., device='cuda:0') tensor(68., device='cuda:0')
Old value, new value:
tensor(-45., device='cuda:0') tensor(101., device='cuda:0')
Layer numer, Index Number:  tensor(0, dtype=torch.int32) tensor(1304, dtype=torch.int32)

Test set: Average loss: 0.0111, Accuracy: 5681/10000 (56.8100%)


Test set: Average loss: 0.0115, Accuracy: 158/5000.0 (31.6000%)

epoch: 7
Number of layers: 11
0
Old value, new value:
tensor(-10., device='cuda:0') tensor(57., device='cuda:0')
Old value, new value:
tensor(-34., device='cuda:0') tensor(91., device='cuda:0')
Layer numer, Index Number:  tensor(0, dtype=torch.int32) tensor(1295, dtype=torch.int32)

Test set: Average loss: 0.0119, Accuracy: 5375/10000 (53.7500%)


Test set: Average loss: 0.0127, Accuracy: 130/5000.0 (26.0000%)

epoch: 8
Number of layers: 11
0
Old value, new value:
tensor(57., device='cuda:0') tensor(-82., device='cuda:0')
Old value, new value:
tensor(69., device='cuda:0') tensor(16., device='cuda:0')
Layer numer, Index Number:  tensor(0, dtype=torch.int32) tensor(1364, dtype=torch.int32)

Test set: Average loss: 0.0129, Accuracy: 5036/10000 (50.3600%)


Test set: Average loss: 0.0136, Accuracy: 107/5000.0 (21.4000%)

epoch: 9
Number of layers: 11

Test set: Average loss: 0.0129, Accuracy: 5036/10000 (50.3600%)


Test set: Average loss: 0.0136, Accuracy: 107/5000.0 (21.4000%)

epoch: 10
Number of layers: 11

Test set: Average loss: 0.0129, Accuracy: 5036/10000 (50.3600%)


Test set: Average loss: 0.0136, Accuracy: 107/5000.0 (21.4000%)

epoch: 11
Number of layers: 11

Test set: Average loss: 0.0129, Accuracy: 5036/10000 (50.3600%)


Test set: Average loss: 0.0136, Accuracy: 107/5000.0 (21.4000%)

epoch: 12
Number of layers: 11

Test set: Average loss: 0.0129, Accuracy: 5036/10000 (50.3600%)


Test set: Average loss: 0.0136, Accuracy: 107/5000.0 (21.4000%)

epoch: 13
Number of layers: 11

Test set: Average loss: 0.0129, Accuracy: 5036/10000 (50.3600%)


Test set: Average loss: 0.0136, Accuracy: 107/5000.0 (21.4000%)

epoch: 14
Number of layers: 11

Test set: Average loss: 0.0129, Accuracy: 5036/10000 (50.3600%)


Test set: Average loss: 0.0136, Accuracy: 107/5000.0 (21.4000%)

epoch: 15
Number of layers: 11
0
Old value, new value:
tensor(-72., device='cuda:0') tensor(-12., device='cuda:0')
Old value, new value:
tensor(-42., device='cuda:0') tensor(11., device='cuda:0')
Layer numer, Index Number:  tensor(0, dtype=torch.int32) tensor(1459, dtype=torch.int32)

Test set: Average loss: 0.0132, Accuracy: 4905/10000 (49.0500%)


Test set: Average loss: 0.0142, Accuracy: 98/5000.0 (19.6000%)

epoch: 16
Number of layers: 11

Test set: Average loss: 0.0132, Accuracy: 4905/10000 (49.0500%)


Test set: Average loss: 0.0142, Accuracy: 98/5000.0 (19.6000%)

epoch: 17
Number of layers: 11

Test set: Average loss: 0.0132, Accuracy: 4905/10000 (49.0500%)


Test set: Average loss: 0.0142, Accuracy: 98/5000.0 (19.6000%)

epoch: 18
Number of layers: 11

Test set: Average loss: 0.0132, Accuracy: 4905/10000 (49.0500%)


Test set: Average loss: 0.0142, Accuracy: 98/5000.0 (19.6000%)

epoch: 19
Number of layers: 11

Test set: Average loss: 0.0132, Accuracy: 4905/10000 (49.0500%)


Test set: Average loss: 0.0142, Accuracy: 98/5000.0 (19.6000%)

epoch: 20
Number of layers: 11
1
Old value, new value:
tensor(80., device='cuda:0') tensor(8., device='cuda:0')
Old value, new value:
tensor(47., device='cuda:0') tensor(-1., device='cuda:0')
Layer numer, Index Number:  tensor(0, dtype=torch.int32) tensor(564, dtype=torch.int32)

Test set: Average loss: 0.0135, Accuracy: 4854/10000 (48.5400%)


Test set: Average loss: 0.0147, Accuracy: 95/5000.0 (19.0000%)

epoch: 21
Number of layers: 11

Test set: Average loss: 0.0135, Accuracy: 4854/10000 (48.5400%)


Test set: Average loss: 0.0147, Accuracy: 95/5000.0 (19.0000%)

epoch: 22
Number of layers: 11
0
Old value, new value:
tensor(64., device='cuda:0') tensor(-41., device='cuda:0')
Old value, new value:
tensor(71., device='cuda:0') tensor(9., device='cuda:0')
Layer numer, Index Number:  tensor(0, dtype=torch.int32) tensor(262, dtype=torch.int32)

Test set: Average loss: 0.0138, Accuracy: 4758/10000 (47.5800%)


Test set: Average loss: 0.0152, Accuracy: 89/5000.0 (17.8000%)

epoch: 23
Number of layers: 11

Test set: Average loss: 0.0138, Accuracy: 4758/10000 (47.5800%)


Test set: Average loss: 0.0152, Accuracy: 89/5000.0 (17.8000%)

epoch: 24
Number of layers: 11

Test set: Average loss: 0.0138, Accuracy: 4758/10000 (47.5800%)


Test set: Average loss: 0.0152, Accuracy: 89/5000.0 (17.8000%)

epoch: 25
Number of layers: 11
0
Old value, new value:
tensor(9., device='cuda:0') tensor(-72., device='cuda:0')
Old value, new value:
tensor(48., device='cuda:0') tensor(-55., device='cuda:0')
Layer numer, Index Number:  tensor(0, dtype=torch.int32) tensor(265, dtype=torch.int32)

Test set: Average loss: 0.0146, Accuracy: 4450/10000 (44.5000%)


Test set: Average loss: 0.0155, Accuracy: 85/5000.0 (17.0000%)

epoch: 26
Number of layers: 11
0
Old value, new value:
tensor(-68., device='cuda:0') tensor(77., device='cuda:0')
Old value, new value:
tensor(-38., device='cuda:0') tensor(-37., device='cuda:0')
Layer numer, Index Number:  tensor(0, dtype=torch.int32) tensor(1337, dtype=torch.int32)

Test set: Average loss: 0.0153, Accuracy: 4393/10000 (43.9300%)


Test set: Average loss: 0.0159, Accuracy: 92/5000.0 (18.4000%)

epoch: 27
Number of layers: 11
0
Old value, new value:
tensor(63., device='cuda:0') tensor(-49., device='cuda:0')
Old value, new value:
tensor(38., device='cuda:0') tensor(-10., device='cuda:0')
Layer numer, Index Number:  tensor(0, dtype=torch.int32) tensor(79, dtype=torch.int32)

Test set: Average loss: 0.0153, Accuracy: 4439/10000 (44.3900%)


Test set: Average loss: 0.0165, Accuracy: 84/5000.0 (16.8000%)

epoch: 28
Number of layers: 11

Test set: Average loss: 0.0153, Accuracy: 4439/10000 (44.3900%)


Test set: Average loss: 0.0165, Accuracy: 84/5000.0 (16.8000%)

epoch: 29
Number of layers: 11

Test set: Average loss: 0.0153, Accuracy: 4439/10000 (44.3900%)


Test set: Average loss: 0.0165, Accuracy: 84/5000.0 (16.8000%)

epoch: 30
Number of layers: 11
0
Old value, new value:
tensor(-41., device='cuda:0') tensor(-21., device='cuda:0')
Old value, new value:
tensor(-50., device='cuda:0') tensor(62., device='cuda:0')
Layer numer, Index Number:  tensor(0, dtype=torch.int32) tensor(1014, dtype=torch.int32)

Test set: Average loss: 0.0153, Accuracy: 4477/10000 (44.7700%)


Test set: Average loss: 0.0170, Accuracy: 80/5000.0 (16.0000%)

epoch: 31
Number of layers: 11
0
Old value, new value:
tensor(2., device='cuda:0') tensor(-43., device='cuda:0')
Old value, new value:
tensor(105., device='cuda:0') tensor(-38., device='cuda:0')
Layer numer, Index Number:  tensor(0, dtype=torch.int32) tensor(984, dtype=torch.int32)

Test set: Average loss: 0.0161, Accuracy: 4098/10000 (40.9800%)


Test set: Average loss: 0.0172, Accuracy: 76/5000.0 (15.2000%)

epoch: 32
Number of layers: 11
0
Old value, new value:
tensor(-76., device='cuda:0') tensor(-51., device='cuda:0')
Old value, new value:
tensor(-88., device='cuda:0') tensor(-21., device='cuda:0')
Layer numer, Index Number:  tensor(0, dtype=torch.int32) tensor(1011, dtype=torch.int32)

Test set: Average loss: 0.0162, Accuracy: 4082/10000 (40.8200%)


Test set: Average loss: 0.0176, Accuracy: 72/5000.0 (14.4000%)

epoch: 33
Number of layers: 11
0
Old value, new value:
tensor(-7., device='cuda:0') tensor(-49., device='cuda:0')
Old value, new value:
tensor(40., device='cuda:0') tensor(-10., device='cuda:0')
Layer numer, Index Number:  tensor(0, dtype=torch.int32) tensor(77, dtype=torch.int32)

Test set: Average loss: 0.0163, Accuracy: 4096/10000 (40.9600%)


Test set: Average loss: 0.0179, Accuracy: 68/5000.0 (13.6000%)

epoch: 34
Number of layers: 11
1
Old value, new value:
tensor(-21., device='cuda:0') tensor(70., device='cuda:0')
Old value, new value:
tensor(62., device='cuda:0') tensor(26., device='cuda:0')
Layer numer, Index Number:  tensor(0, dtype=torch.int32) tensor(1016, dtype=torch.int32)

Test set: Average loss: 0.0165, Accuracy: 4087/10000 (40.8700%)


Test set: Average loss: 0.0183, Accuracy: 68/5000.0 (13.6000%)

epoch: 35
Number of layers: 11
0
Old value, new value:
tensor(98., device='cuda:0') tensor(31., device='cuda:0')
Old value, new value:
tensor(7., device='cuda:0') tensor(-3., device='cuda:0')
Layer numer, Index Number:  tensor(0, dtype=torch.int32) tensor(1174, dtype=torch.int32)

Test set: Average loss: 0.0165, Accuracy: 4112/10000 (41.1200%)


Test set: Average loss: 0.0186, Accuracy: 63/5000.0 (12.6000%)

epoch: 36
Number of layers: 11

Test set: Average loss: 0.0165, Accuracy: 4112/10000 (41.1200%)


Test set: Average loss: 0.0186, Accuracy: 63/5000.0 (12.6000%)

epoch: 37
Number of layers: 11
0
Old value, new value:
tensor(80., device='cuda:0') tensor(8., device='cuda:0')
Old value, new value:
tensor(-56., device='cuda:0') tensor(63., device='cuda:0')
Layer numer, Index Number:  tensor(0, dtype=torch.int32) tensor(401, dtype=torch.int32)

Test set: Average loss: 0.0167, Accuracy: 4068/10000 (40.6800%)


Test set: Average loss: 0.0188, Accuracy: 60/5000.0 (12.0000%)

epoch: 38
Number of layers: 11
1
Old value, new value:
tensor(71., device='cuda:0') tensor(10., device='cuda:0')
Old value, new value:
tensor(73., device='cuda:0') tensor(8., device='cuda:0')
Layer numer, Index Number:  tensor(0, dtype=torch.int32) tensor(511, dtype=torch.int32)

Test set: Average loss: 0.0168, Accuracy: 4065/10000 (40.6500%)


Test set: Average loss: 0.0191, Accuracy: 56/5000.0 (11.2000%)

epoch: 39
Number of layers: 11

Test set: Average loss: 0.0168, Accuracy: 4065/10000 (40.6500%)


Test set: Average loss: 0.0191, Accuracy: 56/5000.0 (11.2000%)

epoch: 40
Number of layers: 11

Test set: Average loss: 0.0168, Accuracy: 4065/10000 (40.6500%)


Test set: Average loss: 0.0191, Accuracy: 56/5000.0 (11.2000%)

epoch: 41
Number of layers: 11

Test set: Average loss: 0.0168, Accuracy: 4065/10000 (40.6500%)


Test set: Average loss: 0.0191, Accuracy: 56/5000.0 (11.2000%)

epoch: 42
Number of layers: 11
1
Old value, new value:
tensor(-72., device='cuda:0') tensor(-12., device='cuda:0')
Old value, new value:
tensor(-65., device='cuda:0') tensor(11., device='cuda:0')
Layer numer, Index Number:  tensor(0, dtype=torch.int32) tensor(1457, dtype=torch.int32)

Test set: Average loss: 0.0167, Accuracy: 4129/10000 (41.2900%)


Test set: Average loss: 0.0196, Accuracy: 42/5000.0 (8.4000%)

epoch: 43
Number of layers: 11

Test set: Average loss: 0.0167, Accuracy: 4129/10000 (41.2900%)


Test set: Average loss: 0.0196, Accuracy: 42/5000.0 (8.4000%)

epoch: 44
Number of layers: 11

Test set: Average loss: 0.0167, Accuracy: 4129/10000 (41.2900%)


Test set: Average loss: 0.0196, Accuracy: 42/5000.0 (8.4000%)

epoch: 45
Number of layers: 11
0
Old value, new value:
tensor(78., device='cuda:0') tensor(-26., device='cuda:0')
Old value, new value:
tensor(50., device='cuda:0') tensor(-43., device='cuda:0')
Layer numer, Index Number:  tensor(0, dtype=torch.int32) tensor(1069, dtype=torch.int32)

Test set: Average loss: 0.0176, Accuracy: 3964/10000 (39.6400%)


Test set: Average loss: 0.0199, Accuracy: 47/5000.0 (9.4000%)

epoch: 46
Number of layers: 11

Test set: Average loss: 0.0176, Accuracy: 3964/10000 (39.6400%)


Test set: Average loss: 0.0199, Accuracy: 47/5000.0 (9.4000%)

epoch: 47
Number of layers: 11
0
Old value, new value:
tensor(-42., device='cuda:0') tensor(30., device='cuda:0')
Old value, new value:
tensor(-23., device='cuda:0') tensor(31., device='cuda:0')
Layer numer, Index Number:  tensor(0, dtype=torch.int32) tensor(601, dtype=torch.int32)

Test set: Average loss: 0.0177, Accuracy: 3925/10000 (39.2500%)


Test set: Average loss: 0.0201, Accuracy: 46/5000.0 (9.2000%)

epoch: 48
Number of layers: 11

Test set: Average loss: 0.0177, Accuracy: 3925/10000 (39.2500%)


Test set: Average loss: 0.0201, Accuracy: 46/5000.0 (9.2000%)

epoch: 49
Number of layers: 11

Test set: Average loss: 0.0177, Accuracy: 3925/10000 (39.2500%)


Test set: Average loss: 0.0201, Accuracy: 46/5000.0 (9.2000%)

epoch: 50
Number of layers: 11
2
Old value, new value:
tensor(44., device='cuda:0') tensor(-40., device='cuda:0')
Old value, new value:
tensor(18., device='cuda:0') tensor(-43., device='cuda:0')
Layer numer, Index Number:  tensor(0, dtype=torch.int32) tensor(489, dtype=torch.int32)

Test set: Average loss: 0.0177, Accuracy: 3934/10000 (39.3400%)


Test set: Average loss: 0.0204, Accuracy: 47/5000.0 (9.4000%)

epoch: 51
Number of layers: 11
0
Old value, new value:
tensor(-25., device='cuda:0') tensor(68., device='cuda:0')
Old value, new value:
tensor(-55., device='cuda:0') tensor(101., device='cuda:0')
Layer numer, Index Number:  tensor(0, dtype=torch.int32) tensor(1302, dtype=torch.int32)

Test set: Average loss: 0.0188, Accuracy: 3565/10000 (35.6500%)


Test set: Average loss: 0.0215, Accuracy: 32/5000.0 (6.4000%)

epoch: 52
Number of layers: 11

Test set: Average loss: 0.0188, Accuracy: 3565/10000 (35.6500%)


Test set: Average loss: 0.0215, Accuracy: 32/5000.0 (6.4000%)

epoch: 53
Number of layers: 11
0
Old value, new value:
tensor(5., device='cuda:0') tensor(-53., device='cuda:0')
Old value, new value:
tensor(-11., device='cuda:0') tensor(-74., device='cuda:0')
Layer numer, Index Number:  tensor(0, dtype=torch.int32) tensor(64, dtype=torch.int32)

Test set: Average loss: 0.0190, Accuracy: 3549/10000 (35.4900%)


Test set: Average loss: 0.0219, Accuracy: 27/5000.0 (5.4000%)

epoch: 54
Number of layers: 11
1
Old value, new value:
tensor(-56., device='cuda:0') tensor(32., device='cuda:0')
Old value, new value:
tensor(-33., device='cuda:0') tensor(3., device='cuda:0')
Layer numer, Index Number:  tensor(0, dtype=torch.int32) tensor(1156, dtype=torch.int32)

Test set: Average loss: 0.0190, Accuracy: 3580/10000 (35.8000%)


Test set: Average loss: 0.0221, Accuracy: 26/5000.0 (5.2000%)

epoch: 55
Number of layers: 11
0
Old value, new value:
tensor(5., device='cuda:0') tensor(-2., device='cuda:0')
Old value, new value:
tensor(-3., device='cuda:0') tensor(1., device='cuda:0')
Layer numer, Index Number:  tensor(10, dtype=torch.int32) tensor(936, dtype=torch.int32)

Test set: Average loss: 0.0191, Accuracy: 3579/10000 (35.7900%)


Test set: Average loss: 0.0224, Accuracy: 25/5000.0 (5.0000%)

epoch: 56
Number of layers: 11
0
Old value, new value:
tensor(34., device='cuda:0') tensor(-22., device='cuda:0')
Old value, new value:
tensor(18., device='cuda:0') tensor(-71., device='cuda:0')
Layer numer, Index Number:  tensor(0, dtype=torch.int32) tensor(1690, dtype=torch.int32)

Test set: Average loss: 0.0194, Accuracy: 3538/10000 (35.3800%)


Test set: Average loss: 0.0225, Accuracy: 30/5000.0 (6.0000%)

epoch: 57
Number of layers: 11

Test set: Average loss: 0.0194, Accuracy: 3538/10000 (35.3800%)


Test set: Average loss: 0.0225, Accuracy: 30/5000.0 (6.0000%)

epoch: 58
Number of layers: 11

Test set: Average loss: 0.0194, Accuracy: 3538/10000 (35.3800%)


Test set: Average loss: 0.0225, Accuracy: 30/5000.0 (6.0000%)

epoch: 59
Number of layers: 11
0
Old value, new value:
tensor(-27., device='cuda:0') tensor(14., device='cuda:0')
Old value, new value:
tensor(-4., device='cuda:0') tensor(32., device='cuda:0')
Layer numer, Index Number:  tensor(0, dtype=torch.int32) tensor(1153, dtype=torch.int32)

Test set: Average loss: 0.0192, Accuracy: 3600/10000 (36.0000%)


Test set: Average loss: 0.0227, Accuracy: 30/5000.0 (6.0000%)

epoch: 60
Number of layers: 11

Test set: Average loss: 0.0192, Accuracy: 3600/10000 (36.0000%)


Test set: Average loss: 0.0227, Accuracy: 30/5000.0 (6.0000%)

epoch: 61
Number of layers: 11
2
Old value, new value:
tensor(-80., device='cuda:0') tensor(8., device='cuda:0')
Old value, new value:
tensor(-4., device='cuda:0') tensor(63., device='cuda:0')
Layer numer, Index Number:  tensor(0, dtype=torch.int32) tensor(399, dtype=torch.int32)

Test set: Average loss: 0.0196, Accuracy: 3547/10000 (35.4700%)


Test set: Average loss: 0.0228, Accuracy: 30/5000.0 (6.0000%)

epoch: 62
Number of layers: 11
0
Old value, new value:
tensor(1., device='cuda:0') tensor(0., device='cuda:0')
Old value, new value:
tensor(2., device='cuda:0') tensor(-3., device='cuda:0')
Layer numer, Index Number:  tensor(10, dtype=torch.int32) tensor(783, dtype=torch.int32)

Test set: Average loss: 0.0197, Accuracy: 3546/10000 (35.4600%)


Test set: Average loss: 0.0231, Accuracy: 29/5000.0 (5.8000%)

epoch: 63
Number of layers: 11
2
Old value, new value:
tensor(-46., device='cuda:0') tensor(23., device='cuda:0')
Old value, new value:
tensor(-22., device='cuda:0') tensor(4., device='cuda:0')
Layer numer, Index Number:  tensor(0, dtype=torch.int32) tensor(1138, dtype=torch.int32)

Test set: Average loss: 0.0194, Accuracy: 3673/10000 (36.7300%)


Test set: Average loss: 0.0233, Accuracy: 28/5000.0 (5.6000%)

epoch: 64
Number of layers: 11
0
Old value, new value:
tensor(-9., device='cuda:0') tensor(43., device='cuda:0')
Old value, new value:
tensor(45., device='cuda:0') tensor(47., device='cuda:0')
Layer numer, Index Number:  tensor(1, dtype=torch.int32) tensor(7352, dtype=torch.int32)

Test set: Average loss: 0.0196, Accuracy: 3664/10000 (36.6400%)


Test set: Average loss: 0.0237, Accuracy: 27/5000.0 (5.4000%)

epoch: 65
Number of layers: 11
0
Old value, new value:
tensor(16., device='cuda:0') tensor(-40., device='cuda:0')
Old value, new value:
tensor(49., device='cuda:0') tensor(-15., device='cuda:0')
Layer numer, Index Number:  tensor(0, dtype=torch.int32) tensor(772, dtype=torch.int32)

Test set: Average loss: 0.0197, Accuracy: 3648/10000 (36.4800%)


Test set: Average loss: 0.0242, Accuracy: 26/5000.0 (5.2000%)

epoch: 66
Number of layers: 11
0
Old value, new value:
tensor(-60., device='cuda:0') tensor(13., device='cuda:0')
Old value, new value:
tensor(-44., device='cuda:0') tensor(39., device='cuda:0')
Layer numer, Index Number:  tensor(0, dtype=torch.int32) tensor(895, dtype=torch.int32)

Test set: Average loss: 0.0202, Accuracy: 3486/10000 (34.8600%)


Test set: Average loss: 0.0246, Accuracy: 26/5000.0 (5.2000%)

epoch: 67
Number of layers: 11
0
Old value, new value:
tensor(3., device='cuda:0') tensor(-3., device='cuda:0')
Old value, new value:
tensor(2., device='cuda:0') tensor(3., device='cuda:0')
Layer numer, Index Number:  tensor(10, dtype=torch.int32) tensor(646, dtype=torch.int32)

Test set: Average loss: 0.0203, Accuracy: 3485/10000 (34.8500%)


Test set: Average loss: 0.0249, Accuracy: 25/5000.0 (5.0000%)

epoch: 68
Number of layers: 11
0
Old value, new value:
tensor(-48., device='cuda:0') tensor(8., device='cuda:0')
Old value, new value:
tensor(46., device='cuda:0') tensor(-54., device='cuda:0')
Layer numer, Index Number:  tensor(0, dtype=torch.int32) tensor(2, dtype=torch.int32)

Test set: Average loss: 0.0205, Accuracy: 3483/10000 (34.8300%)


Test set: Average loss: 0.0251, Accuracy: 26/5000.0 (5.2000%)

epoch: 69
Number of layers: 11
0
Old value, new value:
tensor(9., device='cuda:0') tensor(108., device='cuda:0')
Old value, new value:
tensor(-34., device='cuda:0') tensor(14., device='cuda:0')
Layer numer, Index Number:  tensor(1, dtype=torch.int32) tensor(9550, dtype=torch.int32)

Test set: Average loss: 0.0210, Accuracy: 3372/10000 (33.7200%)


Test set: Average loss: 0.0255, Accuracy: 23/5000.0 (4.6000%)

epoch: 70
Number of layers: 11

Test set: Average loss: 0.0210, Accuracy: 3372/10000 (33.7200%)


Test set: Average loss: 0.0255, Accuracy: 23/5000.0 (4.6000%)

epoch: 71
Number of layers: 11

Test set: Average loss: 0.0210, Accuracy: 3372/10000 (33.7200%)


Test set: Average loss: 0.0255, Accuracy: 23/5000.0 (4.6000%)

epoch: 72
Number of layers: 11
0
Old value, new value:
tensor(0., device='cuda:0') tensor(-5., device='cuda:0')
Old value, new value:
tensor(1., device='cuda:0') tensor(0., device='cuda:0')
Layer numer, Index Number:  tensor(10, dtype=torch.int32) tensor(560, dtype=torch.int32)

Test set: Average loss: 0.0211, Accuracy: 3372/10000 (33.7200%)


Test set: Average loss: 0.0259, Accuracy: 23/5000.0 (4.6000%)

epoch: 73
Number of layers: 11
0
Old value, new value:
tensor(0., device='cuda:0') tensor(2., device='cuda:0')
Old value, new value:
tensor(3., device='cuda:0') tensor(-4., device='cuda:0')
Layer numer, Index Number:  tensor(10, dtype=torch.int32) tensor(918, dtype=torch.int32)

Test set: Average loss: 0.0212, Accuracy: 3370/10000 (33.7000%)


Test set: Average loss: 0.0264, Accuracy: 22/5000.0 (4.4000%)

epoch: 74
Number of layers: 11
0
Old value, new value:
tensor(48., device='cuda:0') tensor(-44., device='cuda:0')
Old value, new value:
tensor(6., device='cuda:0') tensor(30., device='cuda:0')
Layer numer, Index Number:  tensor(0, dtype=torch.int32) tensor(15, dtype=torch.int32)

Test set: Average loss: 0.0213, Accuracy: 3366/10000 (33.6600%)


Test set: Average loss: 0.0266, Accuracy: 22/5000.0 (4.4000%)

epoch: 75
Number of layers: 11
0
Old value, new value:
tensor(-7., device='cuda:0') tensor(21., device='cuda:0')
Old value, new value:
tensor(9., device='cuda:0') tensor(6., device='cuda:0')
Layer numer, Index Number:  tensor(1, dtype=torch.int32) tensor(20822, dtype=torch.int32)

Test set: Average loss: 0.0216, Accuracy: 3347/10000 (33.4700%)


Test set: Average loss: 0.0270, Accuracy: 21/5000.0 (4.2000%)

epoch: 76
Number of layers: 11

Test set: Average loss: 0.0216, Accuracy: 3347/10000 (33.4700%)


Test set: Average loss: 0.0270, Accuracy: 21/5000.0 (4.2000%)

epoch: 77
Number of layers: 11
0
Old value, new value:
tensor(-1., device='cuda:0') tensor(-38., device='cuda:0')
Old value, new value:
tensor(-13., device='cuda:0') tensor(-62., device='cuda:0')
Layer numer, Index Number:  tensor(0, dtype=torch.int32) tensor(73, dtype=torch.int32)

Test set: Average loss: 0.0218, Accuracy: 3314/10000 (33.1400%)


Test set: Average loss: 0.0272, Accuracy: 18/5000.0 (3.6000%)

epoch: 78
Number of layers: 11
1
Old value, new value:
tensor(-47., device='cuda:0') tensor(11., device='cuda:0')
Old value, new value:
tensor(-18., device='cuda:0') tensor(28., device='cuda:0')
Layer numer, Index Number:  tensor(0, dtype=torch.int32) tensor(619, dtype=torch.int32)

Test set: Average loss: 0.0220, Accuracy: 3289/10000 (32.8900%)


Test set: Average loss: 0.0274, Accuracy: 16/5000.0 (3.2000%)

epoch: 79
Number of layers: 11

Test set: Average loss: 0.0220, Accuracy: 3289/10000 (32.8900%)


Test set: Average loss: 0.0274, Accuracy: 16/5000.0 (3.2000%)

epoch: 80
Number of layers: 11
1
Old value, new value:
tensor(12., device='cuda:0') tensor(-11., device='cuda:0')
Old value, new value:
tensor(9., device='cuda:0') tensor(-3., device='cuda:0')
Layer numer, Index Number:  tensor(1, dtype=torch.int32) tensor(57458, dtype=torch.int32)

Test set: Average loss: 0.0220, Accuracy: 3290/10000 (32.9000%)


Test set: Average loss: 0.0276, Accuracy: 16/5000.0 (3.2000%)

epoch: 81
Number of layers: 11

Test set: Average loss: 0.0220, Accuracy: 3290/10000 (32.9000%)


Test set: Average loss: 0.0276, Accuracy: 16/5000.0 (3.2000%)

epoch: 82
Number of layers: 11

Test set: Average loss: 0.0220, Accuracy: 3290/10000 (32.9000%)


Test set: Average loss: 0.0276, Accuracy: 16/5000.0 (3.2000%)

epoch: 83
Number of layers: 11
0
Old value, new value:
tensor(-55., device='cuda:0') tensor(5., device='cuda:0')
Old value, new value:
tensor(56., device='cuda:0') tensor(-63., device='cuda:0')
Layer numer, Index Number:  tensor(0, dtype=torch.int32) tensor(11, dtype=torch.int32)

Test set: Average loss: 0.0223, Accuracy: 3259/10000 (32.5900%)


Test set: Average loss: 0.0279, Accuracy: 17/5000.0 (3.4000%)

epoch: 84
Number of layers: 11
0
Old value, new value:
tensor(-1., device='cuda:0') tensor(1., device='cuda:0')
Old value, new value:
tensor(1., device='cuda:0') tensor(-5., device='cuda:0')
Layer numer, Index Number:  tensor(10, dtype=torch.int32) tensor(529, dtype=torch.int32)

Test set: Average loss: 0.0224, Accuracy: 3259/10000 (32.5900%)


Test set: Average loss: 0.0280, Accuracy: 17/5000.0 (3.4000%)

epoch: 85
Number of layers: 11
0
Old value, new value:
tensor(-23., device='cuda:0') tensor(-4., device='cuda:0')
Old value, new value:
tensor(-26., device='cuda:0') tensor(12., device='cuda:0')
Layer numer, Index Number:  tensor(1, dtype=torch.int32) tensor(22903, dtype=torch.int32)

Test set: Average loss: 0.0227, Accuracy: 3214/10000 (32.1400%)


Test set: Average loss: 0.0285, Accuracy: 14/5000.0 (2.8000%)

epoch: 86
Number of layers: 11

Test set: Average loss: 0.0227, Accuracy: 3214/10000 (32.1400%)


Test set: Average loss: 0.0285, Accuracy: 14/5000.0 (2.8000%)

epoch: 87
Number of layers: 11
0
Old value, new value:
tensor(4., device='cuda:0') tensor(-48., device='cuda:0')
Old value, new value:
tensor(51., device='cuda:0') tensor(-40., device='cuda:0')
Layer numer, Index Number:  tensor(0, dtype=torch.int32) tensor(769, dtype=torch.int32)

Test set: Average loss: 0.0230, Accuracy: 3194/10000 (31.9400%)


Test set: Average loss: 0.0290, Accuracy: 16/5000.0 (3.2000%)

epoch: 88
Number of layers: 11
0
Old value, new value:
tensor(-25., device='cuda:0') tensor(-3., device='cuda:0')
Old value, new value:
tensor(-17., device='cuda:0') tensor(3., device='cuda:0')
Layer numer, Index Number:  tensor(1, dtype=torch.int32) tensor(67153, dtype=torch.int32)

Test set: Average loss: 0.0231, Accuracy: 3175/10000 (31.7500%)


Test set: Average loss: 0.0291, Accuracy: 16/5000.0 (3.2000%)

epoch: 89
Number of layers: 11
0
Old value, new value:
tensor(-66., device='cuda:0') tensor(48., device='cuda:0')
Old value, new value:
tensor(-74., device='cuda:0') tensor(-2., device='cuda:0')
Layer numer, Index Number:  tensor(0, dtype=torch.int32) tensor(559, dtype=torch.int32)

Test set: Average loss: 0.0230, Accuracy: 3196/10000 (31.9600%)


Test set: Average loss: 0.0294, Accuracy: 16/5000.0 (3.2000%)

epoch: 90
Number of layers: 11
0
Old value, new value:
tensor(55., device='cuda:0') tensor(6., device='cuda:0')
Old value, new value:
tensor(-67., device='cuda:0') tensor(66., device='cuda:0')
Layer numer, Index Number:  tensor(0, dtype=torch.int32) tensor(83, dtype=torch.int32)

Test set: Average loss: 0.0235, Accuracy: 3178/10000 (31.7800%)


Test set: Average loss: 0.0295, Accuracy: 17/5000.0 (3.4000%)

epoch: 91
Number of layers: 11
0
Old value, new value:
tensor(-26., device='cuda:0') tensor(-4., device='cuda:0')
Old value, new value:
tensor(25., device='cuda:0') tensor(-44., device='cuda:0')
Layer numer, Index Number:  tensor(0, dtype=torch.int32) tensor(1685, dtype=torch.int32)

Test set: Average loss: 0.0236, Accuracy: 3154/10000 (31.5400%)


Test set: Average loss: 0.0297, Accuracy: 17/5000.0 (3.4000%)

epoch: 92
Number of layers: 11

Test set: Average loss: 0.0236, Accuracy: 3154/10000 (31.5400%)


Test set: Average loss: 0.0297, Accuracy: 17/5000.0 (3.4000%)

epoch: 93
Number of layers: 11
0
Old value, new value:
tensor(-38., device='cuda:0') tensor(10., device='cuda:0')
Old value, new value:
tensor(32., device='cuda:0') tensor(-41., device='cuda:0')
Layer numer, Index Number:  tensor(0, dtype=torch.int32) tensor(20, dtype=torch.int32)

Test set: Average loss: 0.0238, Accuracy: 3142/10000 (31.4200%)


Test set: Average loss: 0.0298, Accuracy: 17/5000.0 (3.4000%)

epoch: 94
Number of layers: 11
1
Old value, new value:
tensor(-45., device='cuda:0') tensor(31., device='cuda:0')
Old value, new value:
tensor(-17., device='cuda:0') tensor(31., device='cuda:0')
Layer numer, Index Number:  tensor(0, dtype=torch.int32) tensor(610, dtype=torch.int32)

Test set: Average loss: 0.0240, Accuracy: 3103/10000 (31.0300%)


Test set: Average loss: 0.0300, Accuracy: 17/5000.0 (3.4000%)

epoch: 95
Number of layers: 11
0
Old value, new value:
tensor(-73., device='cuda:0') tensor(17., device='cuda:0')
Old value, new value:
tensor(-67., device='cuda:0') tensor(-82., device='cuda:0')
Layer numer, Index Number:  tensor(0, dtype=torch.int32) tensor(1361, dtype=torch.int32)

Test set: Average loss: 0.0238, Accuracy: 3185/10000 (31.8500%)


Test set: Average loss: 0.0302, Accuracy: 17/5000.0 (3.4000%)

epoch: 96
Number of layers: 11

Test set: Average loss: 0.0238, Accuracy: 3185/10000 (31.8500%)


Test set: Average loss: 0.0302, Accuracy: 17/5000.0 (3.4000%)

epoch: 97
Number of layers: 11

Test set: Average loss: 0.0238, Accuracy: 3185/10000 (31.8500%)


Test set: Average loss: 0.0302, Accuracy: 17/5000.0 (3.4000%)

epoch: 98
Number of layers: 11

Test set: Average loss: 0.0238, Accuracy: 3185/10000 (31.8500%)


Test set: Average loss: 0.0302, Accuracy: 17/5000.0 (3.4000%)

epoch: 99
Number of layers: 11

Test set: Average loss: 0.0238, Accuracy: 3185/10000 (31.8500%)


Test set: Average loss: 0.0302, Accuracy: 17/5000.0 (3.4000%)

epoch: 100
Number of layers: 11

Test set: Average loss: 0.0238, Accuracy: 3185/10000 (31.8500%)


Test set: Average loss: 0.0302, Accuracy: 17/5000.0 (3.4000%)

epoch: 101
Number of layers: 11
0
Old value, new value:
tensor(-48., device='cuda:0') tensor(-1., device='cuda:0')
Old value, new value:
tensor(-54., device='cuda:0') tensor(-5., device='cuda:0')
Layer numer, Index Number:  tensor(0, dtype=torch.int32) tensor(1672, dtype=torch.int32)

Test set: Average loss: 0.0240, Accuracy: 3151/10000 (31.5100%)


Test set: Average loss: 0.0303, Accuracy: 16/5000.0 (3.2000%)

epoch: 102
Number of layers: 11
1
Old value, new value:
tensor(65., device='cuda:0') tensor(61., device='cuda:0')
Old value, new value:
tensor(48., device='cuda:0') tensor(-49., device='cuda:0')
Layer numer, Index Number:  tensor(0, dtype=torch.int32) tensor(1699, dtype=torch.int32)

Test set: Average loss: 0.0241, Accuracy: 3140/10000 (31.4000%)


Test set: Average loss: 0.0304, Accuracy: 17/5000.0 (3.4000%)

epoch: 103
Number of layers: 11
0
Old value, new value:
tensor(42., device='cuda:0') tensor(-16., device='cuda:0')
Old value, new value:
tensor(-41., device='cuda:0') tensor(40., device='cuda:0')
Layer numer, Index Number:  tensor(0, dtype=torch.int32) tensor(764, dtype=torch.int32)

Test set: Average loss: 0.0244, Accuracy: 3092/10000 (30.9200%)


Test set: Average loss: 0.0305, Accuracy: 15/5000.0 (3.0000%)

epoch: 104
Number of layers: 11

Test set: Average loss: 0.0244, Accuracy: 3092/10000 (30.9200%)


Test set: Average loss: 0.0305, Accuracy: 15/5000.0 (3.0000%)

epoch: 105
Number of layers: 11
0
Old value, new value:
tensor(-3., device='cuda:0') tensor(-5., device='cuda:0')
Old value, new value:
tensor(2., device='cuda:0') tensor(-3., device='cuda:0')
Layer numer, Index Number:  tensor(10, dtype=torch.int32) tensor(588, dtype=torch.int32)

Test set: Average loss: 0.0245, Accuracy: 3092/10000 (30.9200%)


Test set: Average loss: 0.0307, Accuracy: 15/5000.0 (3.0000%)

epoch: 106
Number of layers: 11

Test set: Average loss: 0.0245, Accuracy: 3092/10000 (30.9200%)


Test set: Average loss: 0.0307, Accuracy: 15/5000.0 (3.0000%)

epoch: 107
Number of layers: 11
0
Old value, new value:
tensor(-54., device='cuda:0') tensor(9., device='cuda:0')
Old value, new value:
tensor(40., device='cuda:0') tensor(-39., device='cuda:0')
Layer numer, Index Number:  tensor(0, dtype=torch.int32) tensor(5, dtype=torch.int32)

Test set: Average loss: 0.0247, Accuracy: 3056/10000 (30.5600%)


Test set: Average loss: 0.0309, Accuracy: 16/5000.0 (3.2000%)

epoch: 108
Number of layers: 11
0
Old value, new value:
tensor(5., device='cuda:0') tensor(0., device='cuda:0')
Old value, new value:
tensor(-2., device='cuda:0') tensor(1., device='cuda:0')
Layer numer, Index Number:  tensor(10, dtype=torch.int32) tensor(756, dtype=torch.int32)

Test set: Average loss: 0.0248, Accuracy: 3054/10000 (30.5400%)


Test set: Average loss: 0.0312, Accuracy: 14/5000.0 (2.8000%)

epoch: 109
Number of layers: 11
0
Old value, new value:
tensor(-3., device='cuda:0') tensor(5., device='cuda:0')
Old value, new value:
tensor(58., device='cuda:0') tensor(-49., device='cuda:0')
Layer numer, Index Number:  tensor(0, dtype=torch.int32) tensor(377, dtype=torch.int32)

Test set: Average loss: 0.0249, Accuracy: 3007/10000 (30.0700%)


Test set: Average loss: 0.0314, Accuracy: 14/5000.0 (2.8000%)

epoch: 110
Number of layers: 11
0
Old value, new value:
tensor(-12., device='cuda:0') tensor(18., device='cuda:0')
Old value, new value:
tensor(11., device='cuda:0') tensor(40., device='cuda:0')
Layer numer, Index Number:  tensor(0, dtype=torch.int32) tensor(1461, dtype=torch.int32)

Test set: Average loss: 0.0251, Accuracy: 2970/10000 (29.7000%)


Test set: Average loss: 0.0316, Accuracy: 10/5000.0 (2.0000%)

epoch: 111
Number of layers: 11
1
Old value, new value:
tensor(2., device='cuda:0') tensor(14., device='cuda:0')
Old value, new value:
tensor(-11., device='cuda:0') tensor(17., device='cuda:0')
Layer numer, Index Number:  tensor(3, dtype=torch.int32) tensor(427881, dtype=torch.int32)

Test set: Average loss: 0.0251, Accuracy: 2971/10000 (29.7100%)


Test set: Average loss: 0.0317, Accuracy: 10/5000.0 (2.0000%)

epoch: 112
Number of layers: 11
0
Old value, new value:
tensor(24., device='cuda:0') tensor(-1., device='cuda:0')
Old value, new value:
tensor(15., device='cuda:0') tensor(0., device='cuda:0')
Layer numer, Index Number:  tensor(4, dtype=torch.int32) tensor(317515, dtype=torch.int32)

Test set: Average loss: 0.0254, Accuracy: 2968/10000 (29.6800%)


Test set: Average loss: 0.0322, Accuracy: 10/5000.0 (2.0000%)

epoch: 113
Number of layers: 11

Test set: Average loss: 0.0254, Accuracy: 2968/10000 (29.6800%)


Test set: Average loss: 0.0322, Accuracy: 10/5000.0 (2.0000%)

epoch: 114
Number of layers: 11
0
Old value, new value:
tensor(-13., device='cuda:0') tensor(1., device='cuda:0')
Old value, new value:
tensor(-8., device='cuda:0') tensor(10., device='cuda:0')
Layer numer, Index Number:  tensor(1, dtype=torch.int32) tensor(60339, dtype=torch.int32)

Test set: Average loss: 0.0257, Accuracy: 2925/10000 (29.2500%)


Test set: Average loss: 0.0326, Accuracy: 9/5000.0 (1.8000%)

torch.Size([105])
torch.Size([14])
torch.Size([0])
torch.Size([2])
torch.Size([2])
torch.Size([0])
torch.Size([0])
torch.Size([0])
torch.Size([0])
torch.Size([0])
torch.Size([16])
