Files already downloaded and verified
torch.Size([64, 3, 3, 3]) 1
torch.Size([128, 64, 3, 3]) 2
torch.Size([256, 128, 3, 3]) 3
torch.Size([256, 256, 3, 3]) 4
torch.Size([512, 256, 3, 3]) 5
torch.Size([512, 512, 3, 3]) 6
torch.Size([512, 512, 3, 3]) 7
torch.Size([512, 512, 3, 3]) 8
torch.Size([512, 512]) 9
torch.Size([512, 512]) 10
torch.Size([10, 512]) 11

Test set: Average loss: 0.0019, Accuracy: 8981/10000 (89.8100%)

epoch: 1
Number of layers: 11
0
Old value, new value:
tensor(-63., device='cuda:0') tensor(50., device='cuda:0')
Old value, new value:
tensor(14., device='cuda:0') tensor(60., device='cuda:0')
Layer numer, Index Number:  tensor(0, dtype=torch.int32) tensor(1353, dtype=torch.int32)

Test set: Average loss: 0.0020, Accuracy: 8899/10000 (88.9900%)

epoch: 2
Number of layers: 11
0
Old value, new value:
tensor(-41., device='cuda:0') tensor(70., device='cuda:0')
Old value, new value:
tensor(-53., device='cuda:0') tensor(-26., device='cuda:0')
Layer numer, Index Number:  tensor(0, dtype=torch.int32) tensor(1436, dtype=torch.int32)

Test set: Average loss: 0.0024, Accuracy: 8761/10000 (87.6100%)

epoch: 3
Number of layers: 11
0

Test set: Average loss: 0.0023, Accuracy: 8761/10000 (87.6100%)

epoch: 4
Number of layers: 11
0

Test set: Average loss: 0.0023, Accuracy: 8761/10000 (87.6100%)

epoch: 5
Number of layers: 11
0
Old value, new value:
tensor(58., device='cuda:0') tensor(-53., device='cuda:0')
Old value, new value:
tensor(51., device='cuda:0') tensor(-64., device='cuda:0')
Layer numer, Index Number:  tensor(0, dtype=torch.int32) tensor(1006, dtype=torch.int32)

Test set: Average loss: 0.0028, Accuracy: 8514/10000 (85.1400%)

epoch: 6
Number of layers: 11
0

Test set: Average loss: 0.0028, Accuracy: 8514/10000 (85.1400%)

epoch: 7
Number of layers: 11
0
Old value, new value:
tensor(43., device='cuda:0') tensor(-53., device='cuda:0')
Old value, new value:
tensor(32., device='cuda:0') tensor(-64., device='cuda:0')
Layer numer, Index Number:  tensor(0, dtype=torch.int32) tensor(1004, dtype=torch.int32)

Test set: Average loss: 0.0037, Accuracy: 8026/10000 (80.2600%)

epoch: 8
Number of layers: 11
0
Old value, new value:
tensor(-60., device='cuda:0') tensor(18., device='cuda:0')
Old value, new value:
tensor(-89., device='cuda:0') tensor(73., device='cuda:0')
Layer numer, Index Number:  tensor(0, dtype=torch.int32) tensor(1370, dtype=torch.int32)

Test set: Average loss: 0.0049, Accuracy: 7460/10000 (74.6000%)

epoch: 9
Number of layers: 11
0
Old value, new value:
tensor(-67., device='cuda:0') tensor(57., device='cuda:0')
Old value, new value:
tensor(17., device='cuda:0') tensor(69., device='cuda:0')
Layer numer, Index Number:  tensor(0, dtype=torch.int32) tensor(1362, dtype=torch.int32)

Test set: Average loss: 0.0064, Accuracy: 6796/10000 (67.9600%)

epoch: 10
Number of layers: 11
0
Old value, new value:
tensor(-36., device='cuda:0') tensor(38., device='cuda:0')
Old value, new value:
tensor(-49., device='cuda:0') tensor(45., device='cuda:0')
Layer numer, Index Number:  tensor(0, dtype=torch.int32) tensor(737, dtype=torch.int32)

Test set: Average loss: 0.0082, Accuracy: 6012/10000 (60.1200%)

epoch: 11
Number of layers: 11
0
Old value, new value:
tensor(18., device='cuda:0') tensor(-53., device='cuda:0')
Old value, new value:
tensor(38., device='cuda:0') tensor(-64., device='cuda:0')
Layer numer, Index Number:  tensor(0, dtype=torch.int32) tensor(1002, dtype=torch.int32)

Test set: Average loss: 0.0098, Accuracy: 5367/10000 (53.6700%)

epoch: 12
Number of layers: 11
0
Old value, new value:
tensor(-52., device='cuda:0') tensor(37., device='cuda:0')
Old value, new value:
tensor(-14., device='cuda:0') tensor(36., device='cuda:0')
Layer numer, Index Number:  tensor(0, dtype=torch.int32) tensor(978, dtype=torch.int32)

Test set: Average loss: 0.0111, Accuracy: 4906/10000 (49.0600%)

epoch: 13
Number of layers: 11
0
Old value, new value:
tensor(13., device='cuda:0') tensor(45., device='cuda:0')
Old value, new value:
tensor(-127., device='cuda:0') tensor(54., device='cuda:0')
Layer numer, Index Number:  tensor(0, dtype=torch.int32) tensor(741, dtype=torch.int32)

Test set: Average loss: 0.0129, Accuracy: 4203/10000 (42.0300%)

epoch: 14
Number of layers: 11
0
Old value, new value:
tensor(-37., device='cuda:0') tensor(2., device='cuda:0')
Old value, new value:
tensor(-52., device='cuda:0') tensor(105., device='cuda:0')
Layer numer, Index Number:  tensor(0, dtype=torch.int32) tensor(982, dtype=torch.int32)

Test set: Average loss: 0.0142, Accuracy: 3752/10000 (37.5200%)

epoch: 15
Number of layers: 11
0

Test set: Average loss: 0.0142, Accuracy: 3752/10000 (37.5200%)

epoch: 16
Number of layers: 11
0

Test set: Average loss: 0.0143, Accuracy: 3752/10000 (37.5200%)

epoch: 17
Number of layers: 11
0
Old value, new value:
tensor(56., device='cuda:0') tensor(-70., device='cuda:0')
Old value, new value:
tensor(18., device='cuda:0') tensor(14., device='cuda:0')
Layer numer, Index Number:  tensor(0, dtype=torch.int32) tensor(687, dtype=torch.int32)

Test set: Average loss: 0.0150, Accuracy: 3539/10000 (35.3900%)

epoch: 18
Number of layers: 11
0
Old value, new value:
tensor(30., device='cuda:0') tensor(-58., device='cuda:0')
Old value, new value:
tensor(-22., device='cuda:0') tensor(-45., device='cuda:0')
Layer numer, Index Number:  tensor(0, dtype=torch.int32) tensor(1167, dtype=torch.int32)

Test set: Average loss: 0.0161, Accuracy: 3277/10000 (32.7700%)

epoch: 19
Number of layers: 11
0

Test set: Average loss: 0.0161, Accuracy: 3277/10000 (32.7700%)

epoch: 20
Number of layers: 11
0
Old value, new value:
tensor(77., device='cuda:0') tensor(-90., device='cuda:0')
Old value, new value:
tensor(24., device='cuda:0') tensor(18., device='cuda:0')
Layer numer, Index Number:  tensor(0, dtype=torch.int32) tensor(696, dtype=torch.int32)

Test set: Average loss: 0.0173, Accuracy: 2967/10000 (29.6700%)

epoch: 21
Number of layers: 11
0
Old value, new value:
tensor(63., device='cuda:0') tensor(-70., device='cuda:0')
Old value, new value:
tensor(2., device='cuda:0') tensor(14., device='cuda:0')
Layer numer, Index Number:  tensor(0, dtype=torch.int32) tensor(685, dtype=torch.int32)

Test set: Average loss: 0.0183, Accuracy: 2740/10000 (27.4000%)

epoch: 22
Number of layers: 11
0
Old value, new value:
tensor(83., device='cuda:0') tensor(-90., device='cuda:0')
Old value, new value:
tensor(1., device='cuda:0') tensor(18., device='cuda:0')
Layer numer, Index Number:  tensor(0, dtype=torch.int32) tensor(694, dtype=torch.int32)

Test set: Average loss: 0.0196, Accuracy: 2458/10000 (24.5800%)

epoch: 23
Number of layers: 11
0
Old value, new value:
tensor(50., device='cuda:0') tensor(-68., device='cuda:0')
Old value, new value:
tensor(15., device='cuda:0') tensor(14., device='cuda:0')
Layer numer, Index Number:  tensor(0, dtype=torch.int32) tensor(678, dtype=torch.int32)

Test set: Average loss: 0.0206, Accuracy: 2314/10000 (23.1400%)

epoch: 24
Number of layers: 11
0
Old value, new value:
tensor(44., device='cuda:0') tensor(-40., device='cuda:0')
Old value, new value:
tensor(18., device='cuda:0') tensor(-43., device='cuda:0')
Layer numer, Index Number:  tensor(0, dtype=torch.int32) tensor(489, dtype=torch.int32)

Test set: Average loss: 0.0216, Accuracy: 2188/10000 (21.8800%)

epoch: 25
Number of layers: 11
0
Old value, new value:
tensor(61., device='cuda:0') tensor(-68., device='cuda:0')
Old value, new value:
tensor(0., device='cuda:0') tensor(14., device='cuda:0')
Layer numer, Index Number:  tensor(0, dtype=torch.int32) tensor(676, dtype=torch.int32)

Test set: Average loss: 0.0228, Accuracy: 2054/10000 (20.5400%)

epoch: 26
Number of layers: 11
0
Old value, new value:
tensor(53., device='cuda:0') tensor(53., device='cuda:0')
Old value, new value:
tensor(-92., device='cuda:0') tensor(18., device='cuda:0')
Layer numer, Index Number:  tensor(0, dtype=torch.int32) tensor(1515, dtype=torch.int32)

Test set: Average loss: 0.0234, Accuracy: 1990/10000 (19.9000%)

epoch: 27
Number of layers: 11
0
Old value, new value:
tensor(86., device='cuda:0') tensor(-40., device='cuda:0')
Old value, new value:
tensor(35., device='cuda:0') tensor(-43., device='cuda:0')
Layer numer, Index Number:  tensor(0, dtype=torch.int32) tensor(487, dtype=torch.int32)

Test set: Average loss: 0.0248, Accuracy: 1854/10000 (18.5400%)

epoch: 28
Number of layers: 11
0
Old value, new value:
tensor(-88., device='cuda:0') tensor(-58., device='cuda:0')
Old value, new value:
tensor(74., device='cuda:0') tensor(-90., device='cuda:0')
Layer numer, Index Number:  tensor(0, dtype=torch.int32) tensor(691, dtype=torch.int32)

Test set: Average loss: 0.0259, Accuracy: 1770/10000 (17.7000%)

epoch: 29
Number of layers: 11
0
Old value, new value:
tensor(63., device='cuda:0') tensor(-49., device='cuda:0')
Old value, new value:
tensor(38., device='cuda:0') tensor(-10., device='cuda:0')
Layer numer, Index Number:  tensor(0, dtype=torch.int32) tensor(79, dtype=torch.int32)

Test set: Average loss: 0.0263, Accuracy: 1727/10000 (17.2700%)

epoch: 30
Number of layers: 11
0
Old value, new value:
tensor(11., device='cuda:0') tensor(-53., device='cuda:0')
Old value, new value:
tensor(14., device='cuda:0') tensor(-64., device='cuda:0')
Layer numer, Index Number:  tensor(0, dtype=torch.int32) tensor(1000, dtype=torch.int32)

Test set: Average loss: 0.0271, Accuracy: 1692/10000 (16.9200%)

epoch: 31
Number of layers: 11
0

Test set: Average loss: 0.0272, Accuracy: 1692/10000 (16.9200%)

epoch: 32
Number of layers: 11
0
Old value, new value:
tensor(83., device='cuda:0') tensor(-16., device='cuda:0')
Old value, new value:
tensor(51., device='cuda:0') tensor(-55., device='cuda:0')
Layer numer, Index Number:  tensor(0, dtype=torch.int32) tensor(1318, dtype=torch.int32)

Test set: Average loss: 0.0276, Accuracy: 1643/10000 (16.4300%)

epoch: 33
Number of layers: 11
0
Old value, new value:
tensor(50., device='cuda:0') tensor(-40., device='cuda:0')
Old value, new value:
tensor(74., device='cuda:0') tensor(-43., device='cuda:0')
Layer numer, Index Number:  tensor(0, dtype=torch.int32) tensor(485, dtype=torch.int32)

Test set: Average loss: 0.0284, Accuracy: 1569/10000 (15.6900%)

epoch: 34
Number of layers: 11
0
Old value, new value:
tensor(91., device='cuda:0') tensor(-25., device='cuda:0')
Old value, new value:
tensor(46., device='cuda:0') tensor(-55., device='cuda:0')
Layer numer, Index Number:  tensor(0, dtype=torch.int32) tensor(1300, dtype=torch.int32)

Test set: Average loss: 0.0287, Accuracy: 1541/10000 (15.4100%)

epoch: 35
Number of layers: 11
1
Old value, new value:
tensor(78., device='cuda:0') tensor(-26., device='cuda:0')
Old value, new value:
tensor(50., device='cuda:0') tensor(-43., device='cuda:0')
Layer numer, Index Number:  tensor(0, dtype=torch.int32) tensor(1069, dtype=torch.int32)

Test set: Average loss: 0.0294, Accuracy: 1541/10000 (15.4100%)

epoch: 36
Number of layers: 11
0
Old value, new value:
tensor(-70., device='cuda:0') tensor(-58., device='cuda:0')
Old value, new value:
tensor(14., device='cuda:0') tensor(-90., device='cuda:0')
Layer numer, Index Number:  tensor(0, dtype=torch.int32) tensor(689, dtype=torch.int32)

Test set: Average loss: 0.0302, Accuracy: 1507/10000 (15.0700%)

epoch: 37
Number of layers: 11
0

Test set: Average loss: 0.0306, Accuracy: 1507/10000 (15.0700%)

epoch: 38
Number of layers: 11
0
Old value, new value:
tensor(-4., device='cuda:0') tensor(-50., device='cuda:0')
Old value, new value:
tensor(85., device='cuda:0') tensor(37., device='cuda:0')
Layer numer, Index Number:  tensor(0, dtype=torch.int32) tensor(-3, dtype=torch.int32)

Test set: Average loss: 0.0311, Accuracy: 1482/10000 (14.8200%)

epoch: 39
Number of layers: 11
0
Old value, new value:
tensor(45., device='cuda:0') tensor(-59., device='cuda:0')
Old value, new value:
tensor(5., device='cuda:0') tensor(1., device='cuda:0')
Layer numer, Index Number:  tensor(0, dtype=torch.int32) tensor(1185, dtype=torch.int32)

Test set: Average loss: 0.0315, Accuracy: 1439/10000 (14.3900%)

epoch: 40
Number of layers: 11
0

Test set: Average loss: 0.0317, Accuracy: 1439/10000 (14.3900%)

epoch: 41
Number of layers: 11
0
Old value, new value:
tensor(-11., device='cuda:0') tensor(-77., device='cuda:0')
Old value, new value:
tensor(-7., device='cuda:0') tensor(-79., device='cuda:0')
Layer numer, Index Number:  tensor(0, dtype=torch.int32) tensor(502, dtype=torch.int32)

Test set: Average loss: 0.0317, Accuracy: 1411/10000 (14.1100%)

epoch: 42
Number of layers: 11
0
Old value, new value:
tensor(-69., device='cuda:0') tensor(-77., device='cuda:0')
Old value, new value:
tensor(64., device='cuda:0') tensor(-70., device='cuda:0')
Layer numer, Index Number:  tensor(0, dtype=torch.int32) tensor(682, dtype=torch.int32)

Test set: Average loss: 0.0331, Accuracy: 1386/10000 (13.8600%)

epoch: 43
Number of layers: 11
0
Old value, new value:
tensor(-29., device='cuda:0') tensor(5., device='cuda:0')
Old value, new value:
tensor(104., device='cuda:0') tensor(-59., device='cuda:0')
Layer numer, Index Number:  tensor(0, dtype=torch.int32) tensor(1182, dtype=torch.int32)

Test set: Average loss: 0.0339, Accuracy: 1337/10000 (13.3700%)

epoch: 44
Number of layers: 11
0

Test set: Average loss: 0.0337, Accuracy: 1337/10000 (13.3700%)

epoch: 45
Number of layers: 11
0

Test set: Average loss: 0.0337, Accuracy: 1337/10000 (13.3700%)

epoch: 46
Number of layers: 11
0

Test set: Average loss: 0.0337, Accuracy: 1337/10000 (13.3700%)

epoch: 47
Number of layers: 11
0
Old value, new value:
tensor(-44., device='cuda:0') tensor(-17., device='cuda:0')
Old value, new value:
tensor(-38., device='cuda:0') tensor(25., device='cuda:0')
Layer numer, Index Number:  tensor(0, dtype=torch.int32) tensor(755, dtype=torch.int32)

Test set: Average loss: 0.0341, Accuracy: 1326/10000 (13.2600%)

epoch: 48
Number of layers: 11
1
Old value, new value:
tensor(65., device='cuda:0') tensor(0., device='cuda:0')
Old value, new value:
tensor(49., device='cuda:0') tensor(13., device='cuda:0')
Layer numer, Index Number:  tensor(0, dtype=torch.int32) tensor(1020, dtype=torch.int32)

Test set: Average loss: 0.0346, Accuracy: 1315/10000 (13.1500%)

epoch: 49
Number of layers: 11
0
Old value, new value:
tensor(29., device='cuda:0') tensor(32., device='cuda:0')
Old value, new value:
tensor(55., device='cuda:0') tensor(-43., device='cuda:0')
Layer numer, Index Number:  tensor(0, dtype=torch.int32) tensor(909, dtype=torch.int32)

Test set: Average loss: 0.0347, Accuracy: 1318/10000 (13.1800%)

epoch: 50
Number of layers: 11
0

Test set: Average loss: 0.0348, Accuracy: 1318/10000 (13.1800%)

epoch: 51
Number of layers: 11
0

Test set: Average loss: 0.0348, Accuracy: 1318/10000 (13.1800%)

epoch: 52
Number of layers: 11
0

Test set: Average loss: 0.0346, Accuracy: 1318/10000 (13.1800%)

epoch: 53
Number of layers: 11
2

Test set: Average loss: 0.0346, Accuracy: 1318/10000 (13.1800%)

epoch: 54
Number of layers: 11
1
Old value, new value:
tensor(6., device='cuda:0') tensor(9., device='cuda:0')
Old value, new value:
tensor(46., device='cuda:0') tensor(-14., device='cuda:0')
Layer numer, Index Number:  tensor(1, dtype=torch.int32) tensor(23268, dtype=torch.int32)

Test set: Average loss: 0.0352, Accuracy: 1319/10000 (13.1900%)

epoch: 55
Number of layers: 11
0

Test set: Average loss: 0.0352, Accuracy: 1319/10000 (13.1900%)

epoch: 56
Number of layers: 11
1
Old value, new value:
tensor(37., device='cuda:0') tensor(-16., device='cuda:0')
Old value, new value:
tensor(-14., device='cuda:0') tensor(-12., device='cuda:0')
Layer numer, Index Number:  tensor(0, dtype=torch.int32) tensor(701, dtype=torch.int32)

Test set: Average loss: 0.0356, Accuracy: 1306/10000 (13.0600%)

epoch: 57
Number of layers: 11
0
Old value, new value:
tensor(77., device='cuda:0') tensor(-26., device='cuda:0')
Old value, new value:
tensor(37., device='cuda:0') tensor(-43., device='cuda:0')
Layer numer, Index Number:  tensor(0, dtype=torch.int32) tensor(1067, dtype=torch.int32)

Test set: Average loss: 0.0366, Accuracy: 1285/10000 (12.8500%)

epoch: 58
Number of layers: 11
0
Old value, new value:
tensor(66., device='cuda:0') tensor(-26., device='cuda:0')
Old value, new value:
tensor(108., device='cuda:0') tensor(-43., device='cuda:0')
Layer numer, Index Number:  tensor(0, dtype=torch.int32) tensor(1065, dtype=torch.int32)

Test set: Average loss: 0.0374, Accuracy: 1275/10000 (12.7500%)

epoch: 59
Number of layers: 11
1
Old value, new value:
tensor(-68., device='cuda:0') tensor(-77., device='cuda:0')
Old value, new value:
tensor(14., device='cuda:0') tensor(-70., device='cuda:0')
Layer numer, Index Number:  tensor(0, dtype=torch.int32) tensor(680, dtype=torch.int32)

Test set: Average loss: 0.0381, Accuracy: 1256/10000 (12.5600%)

epoch: 60
Number of layers: 11
1
Old value, new value:
tensor(62., device='cuda:0') tensor(26., device='cuda:0')
Old value, new value:
tensor(70., device='cuda:0') tensor(0., device='cuda:0')
Layer numer, Index Number:  tensor(0, dtype=torch.int32) tensor(1017, dtype=torch.int32)

Test set: Average loss: 0.0385, Accuracy: 1248/10000 (12.4800%)

epoch: 61
Number of layers: 11
1

Test set: Average loss: 0.0387, Accuracy: 1248/10000 (12.4800%)

epoch: 62
Number of layers: 11
0
Old value, new value:
tensor(71., device='cuda:0') tensor(-26., device='cuda:0')
Old value, new value:
tensor(49., device='cuda:0') tensor(-43., device='cuda:0')
Layer numer, Index Number:  tensor(0, dtype=torch.int32) tensor(1063, dtype=torch.int32)

Test set: Average loss: 0.0389, Accuracy: 1242/10000 (12.4200%)

epoch: 63
Number of layers: 11
1
Old value, new value:
tensor(71., device='cuda:0') tensor(10., device='cuda:0')
Old value, new value:
tensor(73., device='cuda:0') tensor(8., device='cuda:0')
Layer numer, Index Number:  tensor(0, dtype=torch.int32) tensor(511, dtype=torch.int32)

Test set: Average loss: 0.0394, Accuracy: 1228/10000 (12.2800%)

epoch: 64
Number of layers: 11
0
Old value, new value:
tensor(6., device='cuda:0') tensor(14., device='cuda:0')
Old value, new value:
tensor(-5., device='cuda:0') tensor(17., device='cuda:0')
Layer numer, Index Number:  tensor(1, dtype=torch.int32) tensor(45733, dtype=torch.int32)

Test set: Average loss: 0.0400, Accuracy: 1230/10000 (12.3000%)

epoch: 65
Number of layers: 11
1

Test set: Average loss: 0.0399, Accuracy: 1230/10000 (12.3000%)

epoch: 66
Number of layers: 11
0
Old value, new value:
tensor(-10., device='cuda:0') tensor(-17., device='cuda:0')
Old value, new value:
tensor(80., device='cuda:0') tensor(-58., device='cuda:0')
Layer numer, Index Number:  tensor(0, dtype=torch.int32) tensor(1164, dtype=torch.int32)

Test set: Average loss: 0.0405, Accuracy: 1215/10000 (12.1500%)

epoch: 67
Number of layers: 11
1
Old value, new value:
tensor(44., device='cuda:0') tensor(-20., device='cuda:0')
Old value, new value:
tensor(14., device='cuda:0') tensor(-19., device='cuda:0')
Layer numer, Index Number:  tensor(2, dtype=torch.int32) tensor(90694, dtype=torch.int32)

Test set: Average loss: 0.0413, Accuracy: 1212/10000 (12.1200%)

epoch: 68
Number of layers: 11
2
Old value, new value:
tensor(73., device='cuda:0') tensor(49., device='cuda:0')
Old value, new value:
tensor(-42., device='cuda:0') tensor(-87., device='cuda:0')
Layer numer, Index Number:  tensor(0, dtype=torch.int32) tensor(1717, dtype=torch.int32)

Test set: Average loss: 0.0417, Accuracy: 1202/10000 (12.0200%)

epoch: 69
Number of layers: 11
1
Old value, new value:
tensor(64., device='cuda:0') tensor(-73., device='cuda:0')
Old value, new value:
tensor(-1., device='cuda:0') tensor(21., device='cuda:0')
Layer numer, Index Number:  tensor(0, dtype=torch.int32) tensor(105, dtype=torch.int32)

Test set: Average loss: 0.0420, Accuracy: 1176/10000 (11.7600%)

epoch: 70
Number of layers: 11
2
Old value, new value:
tensor(17., device='cuda:0') tensor(-21., device='cuda:0')
Old value, new value:
tensor(19., device='cuda:0') tensor(-45., device='cuda:0')
Layer numer, Index Number:  tensor(0, dtype=torch.int32) tensor(124, dtype=torch.int32)

Test set: Average loss: 0.0423, Accuracy: 1171/10000 (11.7100%)

epoch: 71
Number of layers: 11
1
Old value, new value:
tensor(66., device='cuda:0') tensor(69., device='cuda:0')
Old value, new value:
tensor(-118., device='cuda:0') tensor(23., device='cuda:0')
Layer numer, Index Number:  tensor(0, dtype=torch.int32) tensor(1524, dtype=torch.int32)

Test set: Average loss: 0.0427, Accuracy: 1172/10000 (11.7200%)

epoch: 72
Number of layers: 11
2
Old value, new value:
tensor(35., device='cuda:0') tensor(16., device='cuda:0')
Old value, new value:
tensor(37., device='cuda:0') tensor(-119., device='cuda:0')
Layer numer, Index Number:  tensor(0, dtype=torch.int32) tensor(748, dtype=torch.int32)

Test set: Average loss: 0.0433, Accuracy: 1206/10000 (12.0600%)

epoch: 73
Number of layers: 11
0
Old value, new value:
tensor(7., device='cuda:0') tensor(-21., device='cuda:0')
Old value, new value:
tensor(24., device='cuda:0') tensor(-45., device='cuda:0')
Layer numer, Index Number:  tensor(0, dtype=torch.int32) tensor(122, dtype=torch.int32)

Test set: Average loss: 0.0438, Accuracy: 1203/10000 (12.0300%)

epoch: 74
Number of layers: 11
1
Old value, new value:
tensor(8., device='cuda:0') tensor(-19., device='cuda:0')
Old value, new value:
tensor(-36., device='cuda:0') tensor(60., device='cuda:0')
Layer numer, Index Number:  tensor(1, dtype=torch.int32) tensor(35587, dtype=torch.int32)

Test set: Average loss: 0.0442, Accuracy: 1192/10000 (11.9200%)

epoch: 75
Number of layers: 11
0
Old value, new value:
tensor(-16., device='cuda:0') tensor(18., device='cuda:0')
Old value, new value:
tensor(-11., device='cuda:0') tensor(-2., device='cuda:0')
Layer numer, Index Number:  tensor(1, dtype=torch.int32) tensor(39397, dtype=torch.int32)

Test set: Average loss: 0.0451, Accuracy: 1189/10000 (11.8900%)

epoch: 76
Number of layers: 11
0
Old value, new value:
tensor(-30., device='cuda:0') tensor(12., device='cuda:0')
Old value, new value:
tensor(7., device='cuda:0') tensor(12., device='cuda:0')
Layer numer, Index Number:  tensor(1, dtype=torch.int32) tensor(52005, dtype=torch.int32)

Test set: Average loss: 0.0460, Accuracy: 1183/10000 (11.8300%)

epoch: 77
Number of layers: 11
0
Old value, new value:
tensor(-58., device='cuda:0') tensor(3., device='cuda:0')
Old value, new value:
tensor(83., device='cuda:0') tensor(-80., device='cuda:0')
Layer numer, Index Number:  tensor(0, dtype=torch.int32) tensor(101, dtype=torch.int32)

Test set: Average loss: 0.0464, Accuracy: 1168/10000 (11.6800%)

epoch: 78
Number of layers: 11
0
Old value, new value:
tensor(45., device='cuda:0') tensor(0., device='cuda:0')
Old value, new value:
tensor(54., device='cuda:0') tensor(-44., device='cuda:0')
Layer numer, Index Number:  tensor(0, dtype=torch.int32) tensor(743, dtype=torch.int32)

Test set: Average loss: 0.0469, Accuracy: 1206/10000 (12.0600%)

epoch: 79
Number of layers: 11
0
Old value, new value:
tensor(-12., device='cuda:0') tensor(-77., device='cuda:0')
Old value, new value:
tensor(1., device='cuda:0') tensor(-79., device='cuda:0')
Layer numer, Index Number:  tensor(0, dtype=torch.int32) tensor(500, dtype=torch.int32)

Test set: Average loss: 0.0476, Accuracy: 1197/10000 (11.9700%)

epoch: 80
Number of layers: 11
0
Old value, new value:
tensor(-9., device='cuda:0') tensor(17., device='cuda:0')
Old value, new value:
tensor(12., device='cuda:0') tensor(13., device='cuda:0')
Layer numer, Index Number:  tensor(1, dtype=torch.int32) tensor(3620, dtype=torch.int32)

Test set: Average loss: 0.0482, Accuracy: 1195/10000 (11.9500%)

epoch: 81
Number of layers: 11
1

Test set: Average loss: 0.0482, Accuracy: 1195/10000 (11.9500%)

epoch: 82
Number of layers: 11
3
Old value, new value:
tensor(30., device='cuda:0') tensor(10., device='cuda:0')
Old value, new value:
tensor(-55., device='cuda:0') tensor(43., device='cuda:0')
Layer numer, Index Number:  tensor(0, dtype=torch.int32) tensor(776, dtype=torch.int32)

Test set: Average loss: 0.0484, Accuracy: 1195/10000 (11.9500%)

epoch: 83
Number of layers: 11
0
Old value, new value:
tensor(-12., device='cuda:0') tensor(42., device='cuda:0')
Old value, new value:
tensor(-3., device='cuda:0') tensor(2., device='cuda:0')
Layer numer, Index Number:  tensor(1, dtype=torch.int32) tensor(63141, dtype=torch.int32)

Test set: Average loss: 0.0493, Accuracy: 1190/10000 (11.9000%)

epoch: 84
Number of layers: 11
0
Old value, new value:
tensor(1., device='cuda:0') tensor(8., device='cuda:0')
Old value, new value:
tensor(0., device='cuda:0') tensor(1., device='cuda:0')
Layer numer, Index Number:  tensor(10, dtype=torch.int32) tensor(4322, dtype=torch.int32)

Test set: Average loss: 0.0498, Accuracy: 1188/10000 (11.8800%)

epoch: 85
Number of layers: 11
0
Old value, new value:
tensor(-18., device='cuda:0') tensor(-4., device='cuda:0')
Old value, new value:
tensor(-16., device='cuda:0') tensor(-3., device='cuda:0')
Layer numer, Index Number:  tensor(1, dtype=torch.int32) tensor(3796, dtype=torch.int32)

Test set: Average loss: 0.0504, Accuracy: 1191/10000 (11.9100%)

epoch: 86
Number of layers: 11
0
Old value, new value:
tensor(-6., device='cuda:0') tensor(56., device='cuda:0')
Old value, new value:
tensor(-72., device='cuda:0') tensor(55., device='cuda:0')
Layer numer, Index Number:  tensor(1, dtype=torch.int32) tensor(11875, dtype=torch.int32)

Test set: Average loss: 0.0507, Accuracy: 1183/10000 (11.8300%)

epoch: 87
Number of layers: 11
1
Old value, new value:
tensor(22., device='cuda:0') tensor(-26., device='cuda:0')
Old value, new value:
tensor(29., device='cuda:0') tensor(-34., device='cuda:0')
Layer numer, Index Number:  tensor(0, dtype=torch.int32) tensor(1105, dtype=torch.int32)

Test set: Average loss: 0.0510, Accuracy: 1169/10000 (11.6900%)

epoch: 88
Number of layers: 11
1
Old value, new value:
tensor(-31., device='cuda:0') tensor(53., device='cuda:0')
Old value, new value:
tensor(-4., device='cuda:0') tensor(30., device='cuda:0')
Layer numer, Index Number:  tensor(1, dtype=torch.int32) tensor(35462, dtype=torch.int32)

Test set: Average loss: 0.0516, Accuracy: 1152/10000 (11.5200%)

epoch: 89
Number of layers: 11
0
Old value, new value:
tensor(27., device='cuda:0') tensor(-26., device='cuda:0')
Old value, new value:
tensor(7., device='cuda:0') tensor(-34., device='cuda:0')
Layer numer, Index Number:  tensor(0, dtype=torch.int32) tensor(1103, dtype=torch.int32)

Test set: Average loss: 0.0522, Accuracy: 1146/10000 (11.4600%)

epoch: 90
Number of layers: 11
0
Old value, new value:
tensor(42., device='cuda:0') tensor(-16., device='cuda:0')
Old value, new value:
tensor(-41., device='cuda:0') tensor(40., device='cuda:0')
Layer numer, Index Number:  tensor(0, dtype=torch.int32) tensor(764, dtype=torch.int32)

Test set: Average loss: 0.0524, Accuracy: 1149/10000 (11.4900%)

epoch: 91
Number of layers: 11
0
Old value, new value:
tensor(-33., device='cuda:0') tensor(14., device='cuda:0')
Old value, new value:
tensor(-20., device='cuda:0') tensor(10., device='cuda:0')
Layer numer, Index Number:  tensor(1, dtype=torch.int32) tensor(52279, dtype=torch.int32)

Test set: Average loss: 0.0530, Accuracy: 1146/10000 (11.4600%)

epoch: 92
Number of layers: 11
0
Old value, new value:
tensor(17., device='cuda:0') tensor(-21., device='cuda:0')
Old value, new value:
tensor(9., device='cuda:0') tensor(-45., device='cuda:0')
Layer numer, Index Number:  tensor(0, dtype=torch.int32) tensor(120, dtype=torch.int32)

Test set: Average loss: 0.0535, Accuracy: 1143/10000 (11.4300%)

epoch: 93
Number of layers: 11
0

Test set: Average loss: 0.0536, Accuracy: 1143/10000 (11.4300%)

epoch: 94
Number of layers: 11
0

Test set: Average loss: 0.0535, Accuracy: 1143/10000 (11.4300%)

epoch: 95
Number of layers: 11
0
Old value, new value:
tensor(47., device='cuda:0') tensor(-53., device='cuda:0')
Old value, new value:
tensor(-1., device='cuda:0') tensor(-64., device='cuda:0')
Layer numer, Index Number:  tensor(0, dtype=torch.int32) tensor(998, dtype=torch.int32)

Test set: Average loss: 0.0538, Accuracy: 1143/10000 (11.4300%)

epoch: 96
Number of layers: 11

74
round2:
Files already downloaded and verified
torch.Size([64, 3, 3, 3]) 1
torch.Size([128, 64, 3, 3]) 2
torch.Size([256, 128, 3, 3]) 3
torch.Size([256, 256, 3, 3]) 4
torch.Size([512, 256, 3, 3]) 5
torch.Size([512, 512, 3, 3]) 6
torch.Size([512, 512, 3, 3]) 7
torch.Size([512, 512, 3, 3]) 8
torch.Size([512, 512]) 9
torch.Size([512, 512]) 10
torch.Size([10, 512]) 11

Test set: Average loss: 0.0018, Accuracy: 9046/10000 (90.4600%)

epoch: 1
Number of layers: 11
0
Old value, new value:
tensor(-80., device='cuda:0') tensor(68., device='cuda:0')
Old value, new value:
tensor(-35., device='cuda:0') tensor(101., device='cuda:0')
Layer numer, Index Number:  tensor(0, dtype=torch.int32) tensor(1306, dtype=torch.int32)

Test set: Average loss: 0.0023, Accuracy: 8814/10000 (88.1400%)

epoch: 2
Number of layers: 11

Test set: Average loss: 0.0023, Accuracy: 8814/10000 (88.1400%)

epoch: 3
Number of layers: 11
0
Old value, new value:
tensor(17., device='cuda:0') tensor(-73., device='cuda:0')
Old value, new value:
tensor(54., device='cuda:0') tensor(-59., device='cuda:0')
Layer numer, Index Number:  tensor(0, dtype=torch.int32) tensor(544, dtype=torch.int32)

Test set: Average loss: 0.0025, Accuracy: 8699/10000 (86.9900%)

epoch: 4
Number of layers: 11
0
Old value, new value:
tensor(38., device='cuda:0') tensor(13., device='cuda:0')
Old value, new value:
tensor(45., device='cuda:0') tensor(-127., device='cuda:0')
Layer numer, Index Number:  tensor(0, dtype=torch.int32) tensor(739, dtype=torch.int32)

Test set: Average loss: 0.0033, Accuracy: 8332/10000 (83.3200%)

epoch: 5
Number of layers: 11
0
Old value, new value:
tensor(12., device='cuda:0') tensor(-73., device='cuda:0')
Old value, new value:
tensor(64., device='cuda:0') tensor(-67., device='cuda:0')
Layer numer, Index Number:  tensor(0, dtype=torch.int32) tensor(1359, dtype=torch.int32)

Test set: Average loss: 0.0050, Accuracy: 7617/10000 (76.1700%)

epoch: 6
Number of layers: 11
0
Old value, new value:
tensor(73., device='cuda:0') tensor(-91., device='cuda:0')
Old value, new value:
tensor(41., device='cuda:0') tensor(18., device='cuda:0')
Layer numer, Index Number:  tensor(0, dtype=torch.int32) tensor(1373, dtype=torch.int32)

Test set: Average loss: 0.0066, Accuracy: 6889/10000 (68.8900%)

epoch: 7
Number of layers: 11
0
Old value, new value:
tensor(-71., device='cuda:0') tensor(56., device='cuda:0')
Old value, new value:
tensor(-23., device='cuda:0') tensor(83., device='cuda:0')
Layer numer, Index Number:  tensor(0, dtype=torch.int32) tensor(1315, dtype=torch.int32)

Test set: Average loss: 0.0089, Accuracy: 6068/10000 (60.6800%)

epoch: 8
Number of layers: 11
0
Old value, new value:
tensor(69., device='cuda:0') tensor(-35., device='cuda:0')
Old value, new value:
tensor(71., device='cuda:0') tensor(-47., device='cuda:0')
Layer numer, Index Number:  tensor(0, dtype=torch.int32) tensor(1442, dtype=torch.int32)

Test set: Average loss: 0.0107, Accuracy: 5395/10000 (53.9500%)

epoch: 9
Number of layers: 11
0
Old value, new value:
tensor(-28., device='cuda:0') tensor(68., device='cuda:0')
Old value, new value:
tensor(-45., device='cuda:0') tensor(101., device='cuda:0')
Layer numer, Index Number:  tensor(0, dtype=torch.int32) tensor(1304, dtype=torch.int32)

Test set: Average loss: 0.0125, Accuracy: 4816/10000 (48.1600%)

epoch: 10
Number of layers: 11
0
Old value, new value:
tensor(82., device='cuda:0') tensor(-65., device='cuda:0')
Old value, new value:
tensor(-13., device='cuda:0') tensor(-72., device='cuda:0')
Layer numer, Index Number:  tensor(0, dtype=torch.int32) tensor(1456, dtype=torch.int32)

Test set: Average loss: 0.0137, Accuracy: 4339/10000 (43.3900%)

epoch: 11
Number of layers: 11
0
Old value, new value:
tensor(-4., device='cuda:0') tensor(56., device='cuda:0')
Old value, new value:
tensor(-30., device='cuda:0') tensor(83., device='cuda:0')
Layer numer, Index Number:  tensor(0, dtype=torch.int32) tensor(1313, dtype=torch.int32)

Test set: Average loss: 0.0146, Accuracy: 3983/10000 (39.8300%)

epoch: 12
Number of layers: 11
0
Old value, new value:
tensor(-25., device='cuda:0') tensor(68., device='cuda:0')
Old value, new value:
tensor(-55., device='cuda:0') tensor(101., device='cuda:0')
Layer numer, Index Number:  tensor(0, dtype=torch.int32) tensor(1302, dtype=torch.int32)

Test set: Average loss: 0.0157, Accuracy: 3646/10000 (36.4600%)

epoch: 13
Number of layers: 11
0
Old value, new value:
tensor(57., device='cuda:0') tensor(-82., device='cuda:0')
Old value, new value:
tensor(69., device='cuda:0') tensor(16., device='cuda:0')
Layer numer, Index Number:  tensor(0, dtype=torch.int32) tensor(1364, dtype=torch.int32)

Test set: Average loss: 0.0166, Accuracy: 3206/10000 (32.0600%)

epoch: 14
Number of layers: 11
0
Old value, new value:
tensor(-52., device='cuda:0') tensor(68., device='cuda:0')
Old value, new value:
tensor(-25., device='cuda:0') tensor(-25., device='cuda:0')
Layer numer, Index Number:  tensor(0, dtype=torch.int32) tensor(1328, dtype=torch.int32)

Test set: Average loss: 0.0174, Accuracy: 3105/10000 (31.0500%)

epoch: 15
Number of layers: 11
0
Old value, new value:
tensor(-30., device='cuda:0') tensor(125., device='cuda:0')
Old value, new value:
tensor(-65., device='cuda:0') tensor(-69., device='cuda:0')
Layer numer, Index Number:  tensor(0, dtype=torch.int32) tensor(1343, dtype=torch.int32)

Test set: Average loss: 0.0181, Accuracy: 3047/10000 (30.4700%)

epoch: 16
Number of layers: 11

Test set: Average loss: 0.0180, Accuracy: 3047/10000 (30.4700%)

epoch: 17
Number of layers: 11
0
Old value, new value:
tensor(55., device='cuda:0') tensor(57., device='cuda:0')
Old value, new value:
tensor(-108., device='cuda:0') tensor(19., device='cuda:0')
Layer numer, Index Number:  tensor(0, dtype=torch.int32) tensor(1533, dtype=torch.int32)

Test set: Average loss: 0.0185, Accuracy: 2952/10000 (29.5200%)

epoch: 18
Number of layers: 11
0
Old value, new value:
tensor(60., device='cuda:0') tensor(-57., device='cuda:0')
Old value, new value:
tensor(60., device='cuda:0') tensor(-73., device='cuda:0')
Layer numer, Index Number:  tensor(0, dtype=torch.int32) tensor(541, dtype=torch.int32)

Test set: Average loss: 0.0198, Accuracy: 2713/10000 (27.1300%)

epoch: 19
Number of layers: 11
0
Old value, new value:
tensor(-37., device='cuda:0') tensor(69., device='cuda:0')
Old value, new value:
tensor(-35., device='cuda:0') tensor(125., device='cuda:0')
Layer numer, Index Number:  tensor(0, dtype=torch.int32) tensor(1340, dtype=torch.int32)

Test set: Average loss: 0.0203, Accuracy: 2506/10000 (25.0600%)

epoch: 20
Number of layers: 11
0
Old value, new value:
tensor(-55., device='cuda:0') tensor(49., device='cuda:0')
Old value, new value:
tensor(-63., device='cuda:0') tensor(15., device='cuda:0')
Layer numer, Index Number:  tensor(0, dtype=torch.int32) tensor(244, dtype=torch.int32)

Test set: Average loss: 0.0209, Accuracy: 2422/10000 (24.2200%)

epoch: 21
Number of layers: 11
0
Old value, new value:
tensor(-52., device='cuda:0') tensor(57., device='cuda:0')
Old value, new value:
tensor(-25., device='cuda:0') tensor(91., device='cuda:0')
Layer numer, Index Number:  tensor(0, dtype=torch.int32) tensor(1297, dtype=torch.int32)

Test set: Average loss: 0.0217, Accuracy: 2233/10000 (22.3300%)

epoch: 22
Number of layers: 11
0
Old value, new value:
tensor(59., device='cuda:0') tensor(-33., device='cuda:0')
Old value, new value:
tensor(50., device='cuda:0') tensor(-29., device='cuda:0')
Layer numer, Index Number:  tensor(0, dtype=torch.int32) tensor(1465, dtype=torch.int32)

Test set: Average loss: 0.0219, Accuracy: 2296/10000 (22.9600%)

epoch: 23
Number of layers: 11
0
Old value, new value:
tensor(42., device='cuda:0') tensor(42., device='cuda:0')
Old value, new value:
tensor(-78., device='cuda:0') tensor(66., device='cuda:0')
Layer numer, Index Number:  tensor(0, dtype=torch.int32) tensor(1521, dtype=torch.int32)

Test set: Average loss: 0.0224, Accuracy: 2156/10000 (21.5600%)

epoch: 24
Number of layers: 11

Test set: Average loss: 0.0226, Accuracy: 2156/10000 (21.5600%)

epoch: 25
Number of layers: 11
0
Old value, new value:
tensor(51., device='cuda:0') tensor(-64., device='cuda:0')
Old value, new value:
tensor(-53., device='cuda:0') tensor(-33., device='cuda:0')
Layer numer, Index Number:  tensor(0, dtype=torch.int32) tensor(1007, dtype=torch.int32)

Test set: Average loss: 0.0227, Accuracy: 2155/10000 (21.5500%)

epoch: 26
Number of layers: 11
0
Old value, new value:
tensor(-63., device='cuda:0') tensor(6., device='cuda:0')
Old value, new value:
tensor(48., device='cuda:0') tensor(-44., device='cuda:0')
Layer numer, Index Number:  tensor(0, dtype=torch.int32) tensor(14, dtype=torch.int32)

Test set: Average loss: 0.0229, Accuracy: 2130/10000 (21.3000%)

epoch: 27
Number of layers: 11
0
Old value, new value:
tensor(-1., device='cuda:0') tensor(56., device='cuda:0')
Old value, new value:
tensor(-41., device='cuda:0') tensor(83., device='cuda:0')
Layer numer, Index Number:  tensor(0, dtype=torch.int32) tensor(1311, dtype=torch.int32)

Test set: Average loss: 0.0234, Accuracy: 2014/10000 (20.1400%)

epoch: 28
Number of layers: 11
0
Old value, new value:
tensor(32., device='cuda:0') tensor(-64., device='cuda:0')
Old value, new value:
tensor(58., device='cuda:0') tensor(-33., device='cuda:0')
Layer numer, Index Number:  tensor(0, dtype=torch.int32) tensor(1005, dtype=torch.int32)

Test set: Average loss: 0.0238, Accuracy: 1965/10000 (19.6500%)

epoch: 29
Number of layers: 11

Test set: Average loss: 0.0238, Accuracy: 1965/10000 (19.6500%)

epoch: 30
Number of layers: 11
0
Old value, new value:
tensor(78., device='cuda:0') tensor(-26., device='cuda:0')
Old value, new value:
tensor(50., device='cuda:0') tensor(-43., device='cuda:0')
Layer numer, Index Number:  tensor(0, dtype=torch.int32) tensor(1069, dtype=torch.int32)

Test set: Average loss: 0.0244, Accuracy: 1921/10000 (19.2100%)

epoch: 31
Number of layers: 11
0
Old value, new value:
tensor(-11., device='cuda:0') tensor(-77., device='cuda:0')
Old value, new value:
tensor(-7., device='cuda:0') tensor(-79., device='cuda:0')
Layer numer, Index Number:  tensor(0, dtype=torch.int32) tensor(502, dtype=torch.int32)

Test set: Average loss: 0.0248, Accuracy: 1925/10000 (19.2500%)

epoch: 32
Number of layers: 11
0
Old value, new value:
tensor(-10., device='cuda:0') tensor(57., device='cuda:0')
Old value, new value:
tensor(-34., device='cuda:0') tensor(91., device='cuda:0')
Layer numer, Index Number:  tensor(0, dtype=torch.int32) tensor(1295, dtype=torch.int32)

Test set: Average loss: 0.0248, Accuracy: 1866/10000 (18.6600%)

epoch: 33
Number of layers: 11
0
Old value, new value:
tensor(-12., device='cuda:0') tensor(-77., device='cuda:0')
Old value, new value:
tensor(1., device='cuda:0') tensor(-79., device='cuda:0')
Layer numer, Index Number:  tensor(0, dtype=torch.int32) tensor(500, dtype=torch.int32)

Test set: Average loss: 0.0254, Accuracy: 1854/10000 (18.5400%)

epoch: 34
Number of layers: 11
0
Old value, new value:
tensor(8., device='cuda:0') tensor(-77., device='cuda:0')
Old value, new value:
tensor(1., device='cuda:0') tensor(-79., device='cuda:0')
Layer numer, Index Number:  tensor(0, dtype=torch.int32) tensor(498, dtype=torch.int32)

Test set: Average loss: 0.0259, Accuracy: 1852/10000 (18.5200%)

epoch: 35
Number of layers: 11

Test set: Average loss: 0.0258, Accuracy: 1852/10000 (18.5200%)

epoch: 36
Number of layers: 11

Test set: Average loss: 0.0260, Accuracy: 1852/10000 (18.5200%)

epoch: 37
Number of layers: 11
0
Old value, new value:
tensor(-8., device='cuda:0') tensor(45., device='cuda:0')
Old value, new value:
tensor(-9., device='cuda:0') tensor(43., device='cuda:0')
Layer numer, Index Number:  tensor(1, dtype=torch.int32) tensor(7351, dtype=torch.int32)

Test set: Average loss: 0.0260, Accuracy: 1843/10000 (18.4300%)

epoch: 38
Number of layers: 11
0
Old value, new value:
tensor(-62., device='cuda:0') tensor(-73., device='cuda:0')
Old value, new value:
tensor(11., device='cuda:0') tensor(-67., device='cuda:0')
Layer numer, Index Number:  tensor(0, dtype=torch.int32) tensor(1357, dtype=torch.int32)

Test set: Average loss: 0.0262, Accuracy: 1815/10000 (18.1500%)

epoch: 39
Number of layers: 11
0
Old value, new value:
tensor(18., device='cuda:0') tensor(-43., device='cuda:0')
Old value, new value:
tensor(-40., device='cuda:0') tensor(-80., device='cuda:0')
Layer numer, Index Number:  tensor(0, dtype=torch.int32) tensor(490, dtype=torch.int32)

Test set: Average loss: 0.0264, Accuracy: 1796/10000 (17.9600%)

epoch: 40
Number of layers: 11

Test set: Average loss: 0.0265, Accuracy: 1796/10000 (17.9600%)

epoch: 41
Number of layers: 11
0
Old value, new value:
tensor(54., device='cuda:0') tensor(-36., device='cuda:0')
Old value, new value:
tensor(25., device='cuda:0') tensor(-49., device='cuda:0')
Layer numer, Index Number:  tensor(0, dtype=torch.int32) tensor(735, dtype=torch.int32)

Test set: Average loss: 0.0272, Accuracy: 1723/10000 (17.2300%)

epoch: 42
Number of layers: 11
0
Old value, new value:
tensor(15., device='cuda:0') tensor(48., device='cuda:0')
Old value, new value:
tensor(-38., device='cuda:0') tensor(55., device='cuda:0')
Layer numer, Index Number:  tensor(0, dtype=torch.int32) tensor(247, dtype=torch.int32)

Test set: Average loss: 0.0270, Accuracy: 1715/10000 (17.1500%)

epoch: 43
Number of layers: 11
0
Old value, new value:
tensor(35., device='cuda:0') tensor(-43., device='cuda:0')
Old value, new value:
tensor(44., device='cuda:0') tensor(-80., device='cuda:0')
Layer numer, Index Number:  tensor(0, dtype=torch.int32) tensor(488, dtype=torch.int32)

Test set: Average loss: 0.0278, Accuracy: 1660/10000 (16.6000%)

epoch: 44
Number of layers: 11
0
Old value, new value:
tensor(22., device='cuda:0') tensor(-26., device='cuda:0')
Old value, new value:
tensor(29., device='cuda:0') tensor(-34., device='cuda:0')
Layer numer, Index Number:  tensor(0, dtype=torch.int32) tensor(1105, dtype=torch.int32)

Test set: Average loss: 0.0280, Accuracy: 1656/10000 (16.5600%)

epoch: 45
Number of layers: 11

Test set: Average loss: 0.0277, Accuracy: 1656/10000 (16.5600%)

epoch: 46
Number of layers: 11
0
Old value, new value:
tensor(89., device='cuda:0') tensor(-52., device='cuda:0')
Old value, new value:
tensor(-15., device='cuda:0') tensor(-14., device='cuda:0')
Layer numer, Index Number:  tensor(0, dtype=torch.int32) tensor(976, dtype=torch.int32)

Test set: Average loss: 0.0282, Accuracy: 1602/10000 (16.0200%)

epoch: 47
Number of layers: 11

Test set: Average loss: 0.0281, Accuracy: 1602/10000 (16.0200%)

epoch: 48
Number of layers: 11
0
Old value, new value:
tensor(-44., device='cuda:0') tensor(-17., device='cuda:0')
Old value, new value:
tensor(-38., device='cuda:0') tensor(25., device='cuda:0')
Layer numer, Index Number:  tensor(0, dtype=torch.int32) tensor(755, dtype=torch.int32)

Test set: Average loss: 0.0284, Accuracy: 1590/10000 (15.9000%)

epoch: 49
Number of layers: 11
2
Old value, new value:
tensor(-10., device='cuda:0') tensor(21., device='cuda:0')
Old value, new value:
tensor(-27., device='cuda:0') tensor(12., device='cuda:0')
Layer numer, Index Number:  tensor(0, dtype=torch.int32) tensor(256, dtype=torch.int32)

Test set: Average loss: 0.0284, Accuracy: 1585/10000 (15.8500%)

epoch: 50
Number of layers: 11
0
Old value, new value:
tensor(60., device='cuda:0') tensor(-28., device='cuda:0')
Old value, new value:
tensor(49., device='cuda:0') tensor(9., device='cuda:0')
Layer numer, Index Number:  tensor(1, dtype=torch.int32) tensor(35590, dtype=torch.int32)

Test set: Average loss: 0.0289, Accuracy: 1588/10000 (15.8800%)

epoch: 51
Number of layers: 11
0
Old value, new value:
tensor(6., device='cuda:0') tensor(26., device='cuda:0')
Old value, new value:
tensor(-13., device='cuda:0') tensor(11., device='cuda:0')
Layer numer, Index Number:  tensor(2, dtype=torch.int32) tensor(116986, dtype=torch.int32)

Test set: Average loss: 0.0290, Accuracy: 1582/10000 (15.8200%)

epoch: 52
Number of layers: 11
1
Old value, new value:
tensor(40., device='cuda:0') tensor(14., device='cuda:0')
Old value, new value:
tensor(56., device='cuda:0') tensor(-17., device='cuda:0')
Layer numer, Index Number:  tensor(0, dtype=torch.int32) tensor(752, dtype=torch.int32)

Test set: Average loss: 0.0289, Accuracy: 1543/10000 (15.4300%)

epoch: 53
Number of layers: 11
0
Old value, new value:
tensor(-12., device='cuda:0') tensor(7., device='cuda:0')
Old value, new value:
tensor(-2., device='cuda:0') tensor(11., device='cuda:0')
Layer numer, Index Number:  tensor(1, dtype=torch.int32) tensor(55461, dtype=torch.int32)

Test set: Average loss: 0.0296, Accuracy: 1529/10000 (15.2900%)

epoch: 54
Number of layers: 11
0
Old value, new value:
tensor(50., device='cuda:0') tensor(-73., device='cuda:0')
Old value, new value:
tensor(60., device='cuda:0') tensor(-67., device='cuda:0')
Layer numer, Index Number:  tensor(0, dtype=torch.int32) tensor(1355, dtype=torch.int32)

Test set: Average loss: 0.0299, Accuracy: 1462/10000 (14.6200%)

epoch: 55
Number of layers: 11
0
Old value, new value:
tensor(5., device='cuda:0') tensor(67., device='cuda:0')
Old value, new value:
tensor(14., device='cuda:0') tensor(50., device='cuda:0')
Layer numer, Index Number:  tensor(0, dtype=torch.int32) tensor(668, dtype=torch.int32)

Test set: Average loss: 0.0299, Accuracy: 1445/10000 (14.4500%)

epoch: 56
Number of layers: 11
0
Old value, new value:
tensor(-47., device='cuda:0') tensor(75., device='cuda:0')
Old value, new value:
tensor(-43., device='cuda:0') tensor(-21., device='cuda:0')
Layer numer, Index Number:  tensor(0, dtype=torch.int32) tensor(1445, dtype=torch.int32)

Test set: Average loss: 0.0300, Accuracy: 1462/10000 (14.6200%)

epoch: 57
Number of layers: 11
0
Old value, new value:
tensor(9., device='cuda:0') tensor(-26., device='cuda:0')
Old value, new value:
tensor(4., device='cuda:0') tensor(-56., device='cuda:0')
Layer numer, Index Number:  tensor(0, dtype=torch.int32) tensor(1681, dtype=torch.int32)

Test set: Average loss: 0.0303, Accuracy: 1444/10000 (14.4400%)

epoch: 58
Number of layers: 11
0
Old value, new value:
tensor(-5., device='cuda:0') tensor(-13., device='cuda:0')
Old value, new value:
tensor(9., device='cuda:0') tensor(-25., device='cuda:0')
Layer numer, Index Number:  tensor(2, dtype=torch.int32) tensor(264505, dtype=torch.int32)

Test set: Average loss: 0.0305, Accuracy: 1447/10000 (14.4700%)

epoch: 59
Number of layers: 11

Test set: Average loss: 0.0304, Accuracy: 1447/10000 (14.4700%)

epoch: 60
Number of layers: 11
0
Old value, new value:
tensor(2., device='cuda:0') tensor(9., device='cuda:0')
Old value, new value:
tensor(0., device='cuda:0') tensor(4., device='cuda:0')
Layer numer, Index Number:  tensor(10, dtype=torch.int32) tensor(5016, dtype=torch.int32)

Test set: Average loss: 0.0309, Accuracy: 1439/10000 (14.3900%)

epoch: 61
Number of layers: 11
0
Old value, new value:
tensor(57., device='cuda:0') tensor(-47., device='cuda:0')
Old value, new value:
tensor(19., device='cuda:0') tensor(21., device='cuda:0')
Layer numer, Index Number:  tensor(0, dtype=torch.int32) tensor(1535, dtype=torch.int32)

Test set: Average loss: 0.0311, Accuracy: 1453/10000 (14.5300%)

epoch: 62
Number of layers: 11
0
Old value, new value:
tensor(-66., device='cuda:0') tensor(48., device='cuda:0')
Old value, new value:
tensor(-74., device='cuda:0') tensor(-2., device='cuda:0')
Layer numer, Index Number:  tensor(0, dtype=torch.int32) tensor(559, dtype=torch.int32)

Test set: Average loss: 0.0316, Accuracy: 1464/10000 (14.6400%)

epoch: 63
Number of layers: 11

Test set: Average loss: 0.0315, Accuracy: 1464/10000 (14.6400%)

epoch: 64
Number of layers: 11
0
Old value, new value:
tensor(-12., device='cuda:0') tensor(16., device='cuda:0')
Old value, new value:
tensor(7., device='cuda:0') tensor(10., device='cuda:0')
Layer numer, Index Number:  tensor(1, dtype=torch.int32) tensor(11106, dtype=torch.int32)

Test set: Average loss: 0.0321, Accuracy: 1442/10000 (14.4200%)

epoch: 65
Number of layers: 11
0
Old value, new value:
tensor(54., device='cuda:0') tensor(-44., device='cuda:0')
Old value, new value:
tensor(0., device='cuda:0') tensor(-41., device='cuda:0')
Layer numer, Index Number:  tensor(0, dtype=torch.int32) tensor(744, dtype=torch.int32)

Test set: Average loss: 0.0322, Accuracy: 1400/10000 (14.0000%)

epoch: 66
Number of layers: 11
0
Old value, new value:
tensor(-48., device='cuda:0') tensor(8., device='cuda:0')
Old value, new value:
tensor(46., device='cuda:0') tensor(-54., device='cuda:0')
Layer numer, Index Number:  tensor(0, dtype=torch.int32) tensor(2, dtype=torch.int32)

Test set: Average loss: 0.0328, Accuracy: 1398/10000 (13.9800%)

epoch: 67
Number of layers: 11
0
Old value, new value:
tensor(5., device='cuda:0') tensor(5., device='cuda:0')
Old value, new value:
tensor(45., device='cuda:0') tensor(-59., device='cuda:0')
Layer numer, Index Number:  tensor(0, dtype=torch.int32) tensor(1184, dtype=torch.int32)

Test set: Average loss: 0.0330, Accuracy: 1381/10000 (13.8100%)

epoch: 68
Number of layers: 11

Test set: Average loss: 0.0330, Accuracy: 1381/10000 (13.8100%)

epoch: 69
Number of layers: 11

Test set: Average loss: 0.0329, Accuracy: 1381/10000 (13.8100%)

epoch: 70
Number of layers: 11
0
Old value, new value:
tensor(-123., device='cuda:0') tensor(-42., device='cuda:0')
Old value, new value:
tensor(6., device='cuda:0') tensor(-10., device='cuda:0')
Layer numer, Index Number:  tensor(0, dtype=torch.int32) tensor(472, dtype=torch.int32)

Test set: Average loss: 0.0331, Accuracy: 1368/10000 (13.6800%)

epoch: 71
Number of layers: 11
1
Old value, new value:
tensor(71., device='cuda:0') tensor(10., device='cuda:0')
Old value, new value:
tensor(73., device='cuda:0') tensor(8., device='cuda:0')
Layer numer, Index Number:  tensor(0, dtype=torch.int32) tensor(511, dtype=torch.int32)

Test set: Average loss: 0.0334, Accuracy: 1375/10000 (13.7500%)

epoch: 72
Number of layers: 11

Test set: Average loss: 0.0332, Accuracy: 1375/10000 (13.7500%)

epoch: 73
Number of layers: 11
0
Old value, new value:
tensor(-1., device='cuda:0') tensor(64., device='cuda:0')
Old value, new value:
tensor(17., device='cuda:0') tensor(71., device='cuda:0')
Layer numer, Index Number:  tensor(0, dtype=torch.int32) tensor(260, dtype=torch.int32)

Test set: Average loss: 0.0333, Accuracy: 1363/10000 (13.6300%)

epoch: 74
Number of layers: 11
0
Old value, new value:
tensor(-28., device='cuda:0') tensor(40., device='cuda:0')
Old value, new value:
tensor(-15., device='cuda:0') tensor(34., device='cuda:0')
Layer numer, Index Number:  tensor(1, dtype=torch.int32) tensor(46534, dtype=torch.int32)

Test set: Average loss: 0.0341, Accuracy: 1351/10000 (13.5100%)

epoch: 75
Number of layers: 11
0
Old value, new value:
tensor(-73., device='cuda:0') tensor(-1., device='cuda:0')
Old value, new value:
tensor(-59., device='cuda:0') tensor(9., device='cuda:0')
Layer numer, Index Number:  tensor(0, dtype=torch.int32) tensor(546, dtype=torch.int32)

Test set: Average loss: 0.0345, Accuracy: 1367/10000 (13.6700%)

epoch: 76
Number of layers: 11
0
Old value, new value:
tensor(29., device='cuda:0') tensor(28., device='cuda:0')
Old value, new value:
tensor(8., device='cuda:0') tensor(-96., device='cuda:0')
Layer numer, Index Number:  tensor(0, dtype=torch.int32) tensor(730, dtype=torch.int32)

Test set: Average loss: 0.0349, Accuracy: 1337/10000 (13.3700%)

epoch: 77
Number of layers: 11
0
Old value, new value:
tensor(13., device='cuda:0') tensor(-12., device='cuda:0')
Old value, new value:
tensor(-14., device='cuda:0') tensor(-1., device='cuda:0')
Layer numer, Index Number:  tensor(1, dtype=torch.int32) tensor(44603, dtype=torch.int32)

Test set: Average loss: 0.0347, Accuracy: 1330/10000 (13.3000%)

epoch: 78
Number of layers: 11
1
Old value, new value:
tensor(-37., device='cuda:0') tensor(46., device='cuda:0')
Old value, new value:
tensor(-33., device='cuda:0') tensor(45., device='cuda:0')
Layer numer, Index Number:  tensor(1, dtype=torch.int32) tensor(2170, dtype=torch.int32)

Test set: Average loss: 0.0350, Accuracy: 1328/10000 (13.2800%)

epoch: 79
Number of layers: 11
0
Old value, new value:
tensor(-2., device='cuda:0') tensor(80., device='cuda:0')
Old value, new value:
tensor(-48., device='cuda:0') tensor(47., device='cuda:0')
Layer numer, Index Number:  tensor(0, dtype=torch.int32) tensor(562, dtype=torch.int32)

Test set: Average loss: 0.0353, Accuracy: 1329/10000 (13.2900%)

epoch: 80
Number of layers: 11
0
Old value, new value:
tensor(-63., device='cuda:0') tensor(-73., device='cuda:0')
Old value, new value:
tensor(14., device='cuda:0') tensor(-67., device='cuda:0')
Layer numer, Index Number:  tensor(0, dtype=torch.int32) tensor(1353, dtype=torch.int32)

Test set: Average loss: 0.0357, Accuracy: 1318/10000 (13.1800%)

epoch: 81
Number of layers: 11
0
Old value, new value:
tensor(-21., device='cuda:0') tensor(16., device='cuda:0')
Old value, new value:
tensor(-2., device='cuda:0') tensor(-8., device='cuda:0')
Layer numer, Index Number:  tensor(1, dtype=torch.int32) tensor(50548, dtype=torch.int32)

Test set: Average loss: 0.0357, Accuracy: 1306/10000 (13.0600%)

epoch: 82
Number of layers: 11

Test set: Average loss: 0.0356, Accuracy: 1306/10000 (13.0600%)

epoch: 83
Number of layers: 11
1
Old value, new value:
tensor(50., device='cuda:0') tensor(86., device='cuda:0')
Old value, new value:
tensor(74., device='cuda:0') tensor(-43., device='cuda:0')
Layer numer, Index Number:  tensor(0, dtype=torch.int32) tensor(485, dtype=torch.int32)

Test set: Average loss: 0.0362, Accuracy: 1298/10000 (12.9800%)

epoch: 84
Number of layers: 11
0
Old value, new value:
tensor(53., device='cuda:0') tensor(-73., device='cuda:0')
Old value, new value:
tensor(-61., device='cuda:0') tensor(-67., device='cuda:0')
Layer numer, Index Number:  tensor(0, dtype=torch.int32) tensor(1351, dtype=torch.int32)

Test set: Average loss: 0.0361, Accuracy: 1266/10000 (12.6600%)

epoch: 85
Number of layers: 11
0
Old value, new value:
tensor(-21., device='cuda:0') tensor(-37., device='cuda:0')
Old value, new value:
tensor(-17., device='cuda:0') tensor(39., device='cuda:0')
Layer numer, Index Number:  tensor(2, dtype=torch.int32) tensor(213750, dtype=torch.int32)

Test set: Average loss: 0.0367, Accuracy: 1261/10000 (12.6100%)

epoch: 86
Number of layers: 11
0
Old value, new value:
tensor(0., device='cuda:0') tensor(11., device='cuda:0')
Old value, new value:
tensor(3., device='cuda:0') tensor(29., device='cuda:0')
Layer numer, Index Number:  tensor(2, dtype=torch.int32) tensor(116528, dtype=torch.int32)

Test set: Average loss: 0.0368, Accuracy: 1252/10000 (12.5200%)

epoch: 87
Number of layers: 11
0
Old value, new value:
tensor(50., device='cuda:0') tensor(-60., device='cuda:0')
Old value, new value:
tensor(59., device='cuda:0') tensor(-5., device='cuda:0')
Layer numer, Index Number:  tensor(1, dtype=torch.int32) tensor(11854, dtype=torch.int32)

Test set: Average loss: 0.0374, Accuracy: 1250/10000 (12.5000%)

epoch: 88
Number of layers: 11
0
Old value, new value:
tensor(18., device='cuda:0') tensor(7., device='cuda:0')
Old value, new value:
tensor(27., device='cuda:0') tensor(-26., device='cuda:0')
Layer numer, Index Number:  tensor(0, dtype=torch.int32) tensor(1102, dtype=torch.int32)

Test set: Average loss: 0.0374, Accuracy: 1247/10000 (12.4700%)

epoch: 89
Number of layers: 11
0
Old value, new value:
tensor(8., device='cuda:0') tensor(46., device='cuda:0')
Old value, new value:
tensor(-17., device='cuda:0') tensor(45., device='cuda:0')
Layer numer, Index Number:  tensor(1, dtype=torch.int32) tensor(2168, dtype=torch.int32)

Test set: Average loss: 0.0378, Accuracy: 1245/10000 (12.4500%)

epoch: 90
Number of layers: 11
0
Old value, new value:
tensor(-38., device='cuda:0') tensor(10., device='cuda:0')
Old value, new value:
tensor(32., device='cuda:0') tensor(-41., device='cuda:0')
Layer numer, Index Number:  tensor(0, dtype=torch.int32) tensor(20, dtype=torch.int32)

Test set: Average loss: 0.0380, Accuracy: 1234/10000 (12.3400%)

epoch: 91
Number of layers: 11
0
Old value, new value:
tensor(21., device='cuda:0') tensor(64., device='cuda:0')
Old value, new value:
tensor(12., device='cuda:0') tensor(71., device='cuda:0')
Layer numer, Index Number:  tensor(0, dtype=torch.int32) tensor(258, dtype=torch.int32)

Test set: Average loss: 0.0384, Accuracy: 1224/10000 (12.2400%)

epoch: 92
Number of layers: 11
0
Old value, new value:
tensor(4., device='cuda:0') tensor(8., device='cuda:0')
Old value, new value:
tensor(-2., device='cuda:0') tensor(1., device='cuda:0')
Layer numer, Index Number:  tensor(10, dtype=torch.int32) tensor(4789, dtype=torch.int32)

Test set: Average loss: 0.0382, Accuracy: 1224/10000 (12.2400%)

epoch: 93
Number of layers: 11
0
Old value, new value:
tensor(-39., device='cuda:0') tensor(-11., device='cuda:0')
Old value, new value:
tensor(44., device='cuda:0') tensor(-55., device='cuda:0')
Layer numer, Index Number:  tensor(0, dtype=torch.int32) tensor(8, dtype=torch.int32)

Test set: Average loss: 0.0386, Accuracy: 1218/10000 (12.1800%)

epoch: 94
Number of layers: 11
0
Old value, new value:
tensor(-12., device='cuda:0') tensor(-3., device='cuda:0')
Old value, new value:
tensor(6., device='cuda:0') tensor(-20., device='cuda:0')
Layer numer, Index Number:  tensor(1, dtype=torch.int32) tensor(2386, dtype=torch.int32)

Test set: Average loss: 0.0387, Accuracy: 1215/10000 (12.1500%)

epoch: 95
Number of layers: 11
0
Old value, new value:
tensor(-14., device='cuda:0') tensor(23., device='cuda:0')
Old value, new value:
tensor(-11., device='cuda:0') tensor(47., device='cuda:0')
Layer numer, Index Number:  tensor(1, dtype=torch.int32) tensor(13696, dtype=torch.int32)

Test set: Average loss: 0.0389, Accuracy: 1219/10000 (12.1900%)

epoch: 96
Number of layers: 11

Test set: Average loss: 0.0389, Accuracy: 1219/10000 (12.1900%)

epoch: 97
Number of layers: 11
2
Old value, new value:
tensor(-72., device='cuda:0') tensor(-5., device='cuda:0')
Old value, new value:
tensor(-55., device='cuda:0') tensor(0., device='cuda:0')
Layer numer, Index Number:  tensor(0, dtype=torch.int32) tensor(267, dtype=torch.int32)

Test set: Average loss: 0.0391, Accuracy: 1213/10000 (12.1300%)

epoch: 98
Number of layers: 11
0
Old value, new value:
tensor(0., device='cuda:0') tensor(50., device='cuda:0')
Old value, new value:
tensor(-61., device='cuda:0') tensor(60., device='cuda:0')
Layer numer, Index Number:  tensor(0, dtype=torch.int32) tensor(1449, dtype=torch.int32)

Test set: Average loss: 0.0397, Accuracy: 1218/10000 (12.1800%)

epoch: 99
Number of layers: 11
0
Old value, new value:
tensor(-25., device='cuda:0') tensor(12., device='cuda:0')
Old value, new value:
tensor(-24., device='cuda:0') tensor(21., device='cuda:0')
Layer numer, Index Number:  tensor(0, dtype=torch.int32) tensor(253, dtype=torch.int32)

Test set: Average loss: 0.0397, Accuracy: 1212/10000 (12.1200%)

epoch: 100
Number of layers: 11
1
Old value, new value:
tensor(-22., device='cuda:0') tensor(-4., device='cuda:0')
Old value, new value:
tensor(-3., device='cuda:0') tensor(-3., device='cuda:0')
Layer numer, Index Number:  tensor(1, dtype=torch.int32) tensor(2186, dtype=torch.int32)

Test set: Average loss: 0.0403, Accuracy: 1210/10000 (12.1000%)

torch.Size([127])
torch.Size([25])
torch.Size([8])
torch.Size([0])
torch.Size([0])
torch.Size([0])
torch.Size([0])
torch.Size([0])
torch.Size([0])
torch.Size([0])
torch.Size([4])
Files already downloaded and verified
torch.Size([64, 3, 3, 3]) 1
torch.Size([128, 64, 3, 3]) 2
torch.Size([256, 128, 3, 3]) 3
torch.Size([256, 256, 3, 3]) 4
torch.Size([512, 256, 3, 3]) 5
torch.Size([512, 512, 3, 3]) 6
torch.Size([512, 512, 3, 3]) 7
torch.Size([512, 512, 3, 3]) 8
torch.Size([512, 512]) 9
torch.Size([512, 512]) 10
torch.Size([10, 512]) 11

Test set: Average loss: 0.0020, Accuracy: 9012/10000 (90.1200%)

epoch: 1
Number of layers: 11

Test set: Average loss: 0.0019, Accuracy: 9012/10000 (90.1200%)

epoch: 2
Number of layers: 11
0
Old value, new value:
tensor(38., device='cuda:0') tensor(13., device='cuda:0')
Old value, new value:
tensor(45., device='cuda:0') tensor(-127., device='cuda:0')
Layer numer, Index Number:  tensor(0, dtype=torch.int32) tensor(739, dtype=torch.int32)

Test set: Average loss: 0.0026, Accuracy: 8679/10000 (86.7900%)

epoch: 3
Number of layers: 11
0
Old value, new value:
tensor(2., device='cuda:0') tensor(-43., device='cuda:0')
Old value, new value:
tensor(105., device='cuda:0') tensor(-38., device='cuda:0')
Layer numer, Index Number:  tensor(0, dtype=torch.int32) tensor(984, dtype=torch.int32)

Test set: Average loss: 0.0038, Accuracy: 8230/10000 (82.3000%)

epoch: 4
Number of layers: 11

Test set: Average loss: 0.0036, Accuracy: 8230/10000 (82.3000%)

epoch: 5
Number of layers: 11
0
Old value, new value:
tensor(54., device='cuda:0') tensor(-36., device='cuda:0')
Old value, new value:
tensor(25., device='cuda:0') tensor(-49., device='cuda:0')
Layer numer, Index Number:  tensor(0, dtype=torch.int32) tensor(735, dtype=torch.int32)

Test set: Average loss: 0.0049, Accuracy: 7700/10000 (77.0000%)

epoch: 6
Number of layers: 11
0
Old value, new value:
tensor(89., device='cuda:0') tensor(-52., device='cuda:0')
Old value, new value:
tensor(-15., device='cuda:0') tensor(-14., device='cuda:0')
Layer numer, Index Number:  tensor(0, dtype=torch.int32) tensor(976, dtype=torch.int32)

Test set: Average loss: 0.0059, Accuracy: 7216/10000 (72.1600%)

epoch: 7
Number of layers: 11
0
Old value, new value:
tensor(1., device='cuda:0') tensor(-61., device='cuda:0')
Old value, new value:
tensor(53., device='cuda:0') tensor(-63., device='cuda:0')
Layer numer, Index Number:  tensor(0, dtype=torch.int32) tensor(1350, dtype=torch.int32)

Test set: Average loss: 0.0073, Accuracy: 6530/10000 (65.3000%)

epoch: 8
Number of layers: 11
0
Old value, new value:
tensor(52., device='cuda:0') tensor(-41., device='cuda:0')
Old value, new value:
tensor(-13., device='cuda:0') tensor(-53., device='cuda:0')
Layer numer, Index Number:  tensor(0, dtype=torch.int32) tensor(1434, dtype=torch.int32)

Test set: Average loss: 0.0084, Accuracy: 6029/10000 (60.2900%)

epoch: 9
Number of layers: 11
0
Old value, new value:
tensor(12., device='cuda:0') tensor(-73., device='cuda:0')
Old value, new value:
tensor(64., device='cuda:0') tensor(-67., device='cuda:0')
Layer numer, Index Number:  tensor(0, dtype=torch.int32) tensor(1359, dtype=torch.int32)

Test set: Average loss: 0.0106, Accuracy: 5125/10000 (51.2500%)

epoch: 10
Number of layers: 11
0
Old value, new value:
tensor(-12., device='cuda:0') tensor(-27., device='cuda:0')
Old value, new value:
tensor(106., device='cuda:0') tensor(-64., device='cuda:0')
Layer numer, Index Number:  tensor(0, dtype=torch.int32) tensor(993, dtype=torch.int32)

Test set: Average loss: 0.0118, Accuracy: 4653/10000 (46.5300%)

epoch: 11
Number of layers: 11
0
Old value, new value:
tensor(37., device='cuda:0') tensor(-119., device='cuda:0')
Old value, new value:
tensor(16., device='cuda:0') tensor(40., device='cuda:0')
Layer numer, Index Number:  tensor(0, dtype=torch.int32) tensor(749, dtype=torch.int32)

Test set: Average loss: 0.0126, Accuracy: 4319/10000 (43.1900%)

epoch: 12
Number of layers: 11
0
Old value, new value:
tensor(82., device='cuda:0') tensor(-65., device='cuda:0')
Old value, new value:
tensor(-13., device='cuda:0') tensor(-72., device='cuda:0')
Layer numer, Index Number:  tensor(0, dtype=torch.int32) tensor(1456, dtype=torch.int32)

Test set: Average loss: 0.0133, Accuracy: 3964/10000 (39.6400%)

epoch: 13
Number of layers: 11
0
Old value, new value:
tensor(73., device='cuda:0') tensor(-91., device='cuda:0')
Old value, new value:
tensor(41., device='cuda:0') tensor(18., device='cuda:0')
Layer numer, Index Number:  tensor(0, dtype=torch.int32) tensor(1373, dtype=torch.int32)

Test set: Average loss: 0.0139, Accuracy: 3641/10000 (36.4100%)

epoch: 14
Number of layers: 11
0
Old value, new value:
tensor(-71., device='cuda:0') tensor(56., device='cuda:0')
Old value, new value:
tensor(-23., device='cuda:0') tensor(83., device='cuda:0')
Layer numer, Index Number:  tensor(0, dtype=torch.int32) tensor(1315, dtype=torch.int32)

Test set: Average loss: 0.0145, Accuracy: 3497/10000 (34.9700%)

epoch: 15
Number of layers: 11
0
Old value, new value:
tensor(-38., device='cuda:0') tensor(-7., device='cuda:0')
Old value, new value:
tensor(-62., device='cuda:0') tensor(40., device='cuda:0')
Layer numer, Index Number:  tensor(0, dtype=torch.int32) tensor(75, dtype=torch.int32)

Test set: Average loss: 0.0150, Accuracy: 3333/10000 (33.3300%)

epoch: 16
Number of layers: 11
1
Old value, new value:
tensor(-35., device='cuda:0') tensor(101., device='cuda:0')
Old value, new value:
tensor(68., device='cuda:0') tensor(58., device='cuda:0')
Layer numer, Index Number:  tensor(0, dtype=torch.int32) tensor(1307, dtype=torch.int32)

Test set: Average loss: 0.0155, Accuracy: 3167/10000 (31.6700%)

epoch: 17
Number of layers: 11
0
Old value, new value:
tensor(69., device='cuda:0') tensor(-35., device='cuda:0')
Old value, new value:
tensor(71., device='cuda:0') tensor(-47., device='cuda:0')
Layer numer, Index Number:  tensor(0, dtype=torch.int32) tensor(1442, dtype=torch.int32)

Test set: Average loss: 0.0161, Accuracy: 2909/10000 (29.0900%)

epoch: 18
Number of layers: 11
0
Old value, new value:
tensor(-66., device='cuda:0') tensor(48., device='cuda:0')
Old value, new value:
tensor(-74., device='cuda:0') tensor(-2., device='cuda:0')
Layer numer, Index Number:  tensor(0, dtype=torch.int32) tensor(559, dtype=torch.int32)

Test set: Average loss: 0.0164, Accuracy: 2950/10000 (29.5000%)

epoch: 19
Number of layers: 11
1
Old value, new value:
tensor(-80., device='cuda:0') tensor(11., device='cuda:0')
Old value, new value:
tensor(-78., device='cuda:0') tensor(12., device='cuda:0')
Layer numer, Index Number:  tensor(0, dtype=torch.int32) tensor(493, dtype=torch.int32)

Test set: Average loss: 0.0167, Accuracy: 2825/10000 (28.2500%)

epoch: 20
Number of layers: 11
1
Old value, new value:
tensor(-25., device='cuda:0') tensor(91., device='cuda:0')
Old value, new value:
tensor(57., device='cuda:0') tensor(46., device='cuda:0')
Layer numer, Index Number:  tensor(0, dtype=torch.int32) tensor(1298, dtype=torch.int32)

Test set: Average loss: 0.0173, Accuracy: 2713/10000 (27.1300%)

epoch: 21
Number of layers: 11
0
Old value, new value:
tensor(-45., device='cuda:0') tensor(101., device='cuda:0')
Old value, new value:
tensor(-80., device='cuda:0') tensor(58., device='cuda:0')
Layer numer, Index Number:  tensor(0, dtype=torch.int32) tensor(1305, dtype=torch.int32)

Test set: Average loss: 0.0182, Accuracy: 2515/10000 (25.1500%)

epoch: 22
Number of layers: 11

Test set: Average loss: 0.0183, Accuracy: 2515/10000 (25.1500%)

epoch: 23
Number of layers: 11
0
Old value, new value:
tensor(-34., device='cuda:0') tensor(91., device='cuda:0')
Old value, new value:
tensor(-52., device='cuda:0') tensor(46., device='cuda:0')
Layer numer, Index Number:  tensor(0, dtype=torch.int32) tensor(1296, dtype=torch.int32)

Test set: Average loss: 0.0188, Accuracy: 2334/10000 (23.3400%)

epoch: 24
Number of layers: 11
0
Old value, new value:
tensor(38., device='cuda:0') tensor(36., device='cuda:0')
Old value, new value:
tensor(-71., device='cuda:0') tensor(55., device='cuda:0')
Layer numer, Index Number:  tensor(0, dtype=torch.int32) tensor(1530, dtype=torch.int32)

Test set: Average loss: 0.0194, Accuracy: 2288/10000 (22.8800%)

epoch: 25
Number of layers: 11
0
Old value, new value:
tensor(-4., device='cuda:0') tensor(56., device='cuda:0')
Old value, new value:
tensor(-30., device='cuda:0') tensor(83., device='cuda:0')
Layer numer, Index Number:  tensor(0, dtype=torch.int32) tensor(1313, dtype=torch.int32)

Test set: Average loss: 0.0197, Accuracy: 2163/10000 (21.6300%)

epoch: 26
Number of layers: 11
0
Old value, new value:
tensor(-25., device='cuda:0') tensor(63., device='cuda:0')
Old value, new value:
tensor(-31., device='cuda:0') tensor(-24., device='cuda:0')
Layer numer, Index Number:  tensor(0, dtype=torch.int32) tensor(1331, dtype=torch.int32)

Test set: Average loss: 0.0201, Accuracy: 2133/10000 (21.3300%)

epoch: 27
Number of layers: 11

Test set: Average loss: 0.0203, Accuracy: 2133/10000 (21.3300%)

epoch: 28
Number of layers: 11

Test set: Average loss: 0.0200, Accuracy: 2133/10000 (21.3300%)

epoch: 29
Number of layers: 11

Test set: Average loss: 0.0200, Accuracy: 2133/10000 (21.3300%)

epoch: 30
Number of layers: 11

Test set: Average loss: 0.0201, Accuracy: 2133/10000 (21.3300%)

epoch: 31
Number of layers: 11
0
Old value, new value:
tensor(59., device='cuda:0') tensor(-33., device='cuda:0')
Old value, new value:
tensor(50., device='cuda:0') tensor(-29., device='cuda:0')
Layer numer, Index Number:  tensor(0, dtype=torch.int32) tensor(1465, dtype=torch.int32)

Test set: Average loss: 0.0202, Accuracy: 2149/10000 (21.4900%)

epoch: 32
Number of layers: 11

Test set: Average loss: 0.0202, Accuracy: 2149/10000 (21.4900%)

epoch: 33
Number of layers: 11
0
Old value, new value:
tensor(23., device='cuda:0') tensor(26., device='cuda:0')
Old value, new value:
tensor(-62., device='cuda:0') tensor(36., device='cuda:0')
Layer numer, Index Number:  tensor(0, dtype=torch.int32) tensor(1527, dtype=torch.int32)

Test set: Average loss: 0.0206, Accuracy: 2095/10000 (20.9500%)

epoch: 34
Number of layers: 11
0
Old value, new value:
tensor(9., device='cuda:0') tensor(-72., device='cuda:0')
Old value, new value:
tensor(48., device='cuda:0') tensor(-55., device='cuda:0')
Layer numer, Index Number:  tensor(0, dtype=torch.int32) tensor(265, dtype=torch.int32)

Test set: Average loss: 0.0205, Accuracy: 2074/10000 (20.7400%)

epoch: 35
Number of layers: 11
0
Old value, new value:
tensor(51., device='cuda:0') tensor(-64., device='cuda:0')
Old value, new value:
tensor(-53., device='cuda:0') tensor(-33., device='cuda:0')
Layer numer, Index Number:  tensor(0, dtype=torch.int32) tensor(1007, dtype=torch.int32)

Test set: Average loss: 0.0209, Accuracy: 2025/10000 (20.2500%)

epoch: 36
Number of layers: 11
0
Old value, new value:
tensor(0., device='cuda:0') tensor(50., device='cuda:0')
Old value, new value:
tensor(-61., device='cuda:0') tensor(60., device='cuda:0')
Layer numer, Index Number:  tensor(0, dtype=torch.int32) tensor(1449, dtype=torch.int32)

Test set: Average loss: 0.0212, Accuracy: 2033/10000 (20.3300%)

epoch: 37
Number of layers: 11
0
Old value, new value:
tensor(58., device='cuda:0') tensor(-7., device='cuda:0')
Old value, new value:
tensor(16., device='cuda:0') tensor(-34., device='cuda:0')
Layer numer, Index Number:  tensor(0, dtype=torch.int32) tensor(1478, dtype=torch.int32)

Test set: Average loss: 0.0218, Accuracy: 2049/10000 (20.4900%)

epoch: 38
Number of layers: 11
0
Old value, new value:
tensor(78., device='cuda:0') tensor(-26., device='cuda:0')
Old value, new value:
tensor(50., device='cuda:0') tensor(-43., device='cuda:0')
Layer numer, Index Number:  tensor(0, dtype=torch.int32) tensor(1069, dtype=torch.int32)

Test set: Average loss: 0.0224, Accuracy: 1990/10000 (19.9000%)

epoch: 39
Number of layers: 11
0
Old value, new value:
tensor(71., device='cuda:0') tensor(-72., device='cuda:0')
Old value, new value:
tensor(-41., device='cuda:0') tensor(-55., device='cuda:0')
Layer numer, Index Number:  tensor(0, dtype=torch.int32) tensor(263, dtype=torch.int32)

Test set: Average loss: 0.0229, Accuracy: 1929/10000 (19.2900%)

epoch: 40
Number of layers: 11

Test set: Average loss: 0.0226, Accuracy: 1929/10000 (19.2900%)

epoch: 41
Number of layers: 11
0
Old value, new value:
tensor(43., device='cuda:0') tensor(58., device='cuda:0')
Old value, new value:
tensor(32., device='cuda:0') tensor(-64., device='cuda:0')
Layer numer, Index Number:  tensor(0, dtype=torch.int32) tensor(1004, dtype=torch.int32)

Test set: Average loss: 0.0232, Accuracy: 1894/10000 (18.9400%)

epoch: 42
Number of layers: 11
0
Old value, new value:
tensor(-55., device='cuda:0') tensor(5., device='cuda:0')
Old value, new value:
tensor(56., device='cuda:0') tensor(-63., device='cuda:0')
Layer numer, Index Number:  tensor(0, dtype=torch.int32) tensor(11, dtype=torch.int32)

Test set: Average loss: 0.0236, Accuracy: 1872/10000 (18.7200%)

epoch: 43
Number of layers: 11
0
Old value, new value:
tensor(65., device='cuda:0') tensor(0., device='cuda:0')
Old value, new value:
tensor(49., device='cuda:0') tensor(13., device='cuda:0')
Layer numer, Index Number:  tensor(0, dtype=torch.int32) tensor(1020, dtype=torch.int32)

Test set: Average loss: 0.0241, Accuracy: 1841/10000 (18.4100%)

epoch: 44
Number of layers: 11
1
Old value, new value:
tensor(48., device='cuda:0') tensor(16., device='cuda:0')
Old value, new value:
tensor(55., device='cuda:0') tensor(-6., device='cuda:0')
Layer numer, Index Number:  tensor(0, dtype=torch.int32) tensor(249, dtype=torch.int32)

Test set: Average loss: 0.0243, Accuracy: 1803/10000 (18.0300%)

epoch: 45
Number of layers: 11
1
Old value, new value:
tensor(22., device='cuda:0') tensor(-26., device='cuda:0')
Old value, new value:
tensor(29., device='cuda:0') tensor(-34., device='cuda:0')
Layer numer, Index Number:  tensor(0, dtype=torch.int32) tensor(1105, dtype=torch.int32)

Test set: Average loss: 0.0245, Accuracy: 1771/10000 (17.7100%)

epoch: 46
Number of layers: 11
1
Old value, new value:
tensor(31., device='cuda:0') tensor(-46., device='cuda:0')
Old value, new value:
tensor(-3., device='cuda:0') tensor(-57., device='cuda:0')
Layer numer, Index Number:  tensor(0, dtype=torch.int32) tensor(1176, dtype=torch.int32)

Test set: Average loss: 0.0252, Accuracy: 1756/10000 (17.5600%)

epoch: 47
Number of layers: 11
1
Old value, new value:
tensor(-35., device='cuda:0') tensor(-43., device='cuda:0')
Old value, new value:
tensor(-47., device='cuda:0') tensor(75., device='cuda:0')
Layer numer, Index Number:  tensor(0, dtype=torch.int32) tensor(1444, dtype=torch.int32)

Test set: Average loss: 0.0256, Accuracy: 1782/10000 (17.8200%)

epoch: 48
Number of layers: 11
0
Old value, new value:
tensor(18., device='cuda:0') tensor(-33., device='cuda:0')
Old value, new value:
tensor(40., device='cuda:0') tensor(-29., device='cuda:0')
Layer numer, Index Number:  tensor(0, dtype=torch.int32) tensor(1463, dtype=torch.int32)

Test set: Average loss: 0.0261, Accuracy: 1753/10000 (17.5300%)

epoch: 49
Number of layers: 11
1
Old value, new value:
tensor(0., device='cuda:0') tensor(-14., device='cuda:0')
Old value, new value:
tensor(13., device='cuda:0') tensor(-36., device='cuda:0')
Layer numer, Index Number:  tensor(0, dtype=torch.int32) tensor(1022, dtype=torch.int32)

Test set: Average loss: 0.0266, Accuracy: 1719/10000 (17.1900%)

epoch: 50
Number of layers: 11

Test set: Average loss: 0.0265, Accuracy: 1719/10000 (17.1900%)

epoch: 51
Number of layers: 11
0
Old value, new value:
tensor(125., device='cuda:0') tensor(-36., device='cuda:0')
Old value, new value:
tensor(-69., device='cuda:0') tensor(76., device='cuda:0')
Layer numer, Index Number:  tensor(0, dtype=torch.int32) tensor(1345, dtype=torch.int32)

Test set: Average loss: 0.0268, Accuracy: 1706/10000 (17.0600%)

epoch: 52
Number of layers: 11
2
Old value, new value:
tensor(62., device='cuda:0') tensor(26., device='cuda:0')
Old value, new value:
tensor(70., device='cuda:0') tensor(0., device='cuda:0')
Layer numer, Index Number:  tensor(0, dtype=torch.int32) tensor(1017, dtype=torch.int32)

Test set: Average loss: 0.0272, Accuracy: 1678/10000 (16.7800%)

epoch: 53
Number of layers: 11

Test set: Average loss: 0.0271, Accuracy: 1678/10000 (16.7800%)

epoch: 54
Number of layers: 11
0
Old value, new value:
tensor(-54., device='cuda:0') tensor(9., device='cuda:0')
Old value, new value:
tensor(40., device='cuda:0') tensor(-39., device='cuda:0')
Layer numer, Index Number:  tensor(0, dtype=torch.int32) tensor(5, dtype=torch.int32)

Test set: Average loss: 0.0272, Accuracy: 1641/10000 (16.4100%)

epoch: 55
Number of layers: 11

Test set: Average loss: 0.0275, Accuracy: 1641/10000 (16.4100%)

epoch: 56
Number of layers: 11

Test set: Average loss: 0.0275, Accuracy: 1641/10000 (16.4100%)

epoch: 57
Number of layers: 11
1
Old value, new value:
tensor(-32., device='cuda:0') tensor(36., device='cuda:0')
Old value, new value:
tensor(21., device='cuda:0') tensor(25., device='cuda:0')
Layer numer, Index Number:  tensor(0, dtype=torch.int32) tensor(780, dtype=torch.int32)

Test set: Average loss: 0.0276, Accuracy: 1653/10000 (16.5300%)

epoch: 58
Number of layers: 11
1
Old value, new value:
tensor(1., device='cuda:0') tensor(24., device='cuda:0')
Old value, new value:
tensor(77., device='cuda:0') tensor(-90., device='cuda:0')
Layer numer, Index Number:  tensor(0, dtype=torch.int32) tensor(695, dtype=torch.int32)

Test set: Average loss: 0.0280, Accuracy: 1593/10000 (15.9300%)

epoch: 59
Number of layers: 11
0
Old value, new value:
tensor(51., device='cuda:0') tensor(16., device='cuda:0')
Old value, new value:
tensor(-48., device='cuda:0') tensor(49., device='cuda:0')
Layer numer, Index Number:  tensor(0, dtype=torch.int32) tensor(770, dtype=torch.int32)

Test set: Average loss: 0.0281, Accuracy: 1578/10000 (15.7800%)

epoch: 60
Number of layers: 11
0
Old value, new value:
tensor(-44., device='cuda:0') tensor(-7., device='cuda:0')
Old value, new value:
tensor(30., device='cuda:0') tensor(-38., device='cuda:0')
Layer numer, Index Number:  tensor(0, dtype=torch.int32) tensor(17, dtype=torch.int32)

Test set: Average loss: 0.0285, Accuracy: 1563/10000 (15.6300%)

epoch: 61
Number of layers: 11
0
Old value, new value:
tensor(-12., device='cuda:0') tensor(-33., device='cuda:0')
Old value, new value:
tensor(11., device='cuda:0') tensor(-29., device='cuda:0')
Layer numer, Index Number:  tensor(0, dtype=torch.int32) tensor(1461, dtype=torch.int32)

Test set: Average loss: 0.0289, Accuracy: 1532/10000 (15.3200%)

epoch: 62
Number of layers: 11
0
Old value, new value:
tensor(-41., device='cuda:0') tensor(70., device='cuda:0')
Old value, new value:
tensor(-53., device='cuda:0') tensor(-26., device='cuda:0')
Layer numer, Index Number:  tensor(0, dtype=torch.int32) tensor(1436, dtype=torch.int32)

Test set: Average loss: 0.0295, Accuracy: 1544/10000 (15.4400%)

epoch: 63
Number of layers: 11

Test set: Average loss: 0.0296, Accuracy: 1544/10000 (15.4400%)

epoch: 64
Number of layers: 11

Test set: Average loss: 0.0292, Accuracy: 1544/10000 (15.4400%)

epoch: 65
Number of layers: 11
1
Old value, new value:
tensor(-9., device='cuda:0') tensor(46., device='cuda:0')
Old value, new value:
tensor(-48., device='cuda:0') tensor(8., device='cuda:0')
Layer numer, Index Number:  tensor(0, dtype=torch.int32) tensor(1, dtype=torch.int32)

Test set: Average loss: 0.0297, Accuracy: 1509/10000 (15.0900%)

epoch: 66
Number of layers: 11
0
Old value, new value:
tensor(75., device='cuda:0') tensor(-7., device='cuda:0')
Old value, new value:
tensor(89., device='cuda:0') tensor(-34., device='cuda:0')
Layer numer, Index Number:  tensor(0, dtype=torch.int32) tensor(1476, dtype=torch.int32)

Test set: Average loss: 0.0307, Accuracy: 1469/10000 (14.6900%)

epoch: 67
Number of layers: 11

Test set: Average loss: 0.0305, Accuracy: 1469/10000 (14.6900%)

epoch: 68
Number of layers: 11
0
Old value, new value:
tensor(67., device='cuda:0') tensor(-68., device='cuda:0')
Old value, new value:
tensor(50., device='cuda:0') tensor(-72., device='cuda:0')
Layer numer, Index Number:  tensor(0, dtype=torch.int32) tensor(670, dtype=torch.int32)

Test set: Average loss: 0.0308, Accuracy: 1465/10000 (14.6500%)

epoch: 69
Number of layers: 11
0
Old value, new value:
tensor(-19., device='cuda:0') tensor(-14., device='cuda:0')
Old value, new value:
tensor(1., device='cuda:0') tensor(43., device='cuda:0')
Layer numer, Index Number:  tensor(1, dtype=torch.int32) tensor(27157, dtype=torch.int32)

Test set: Average loss: 0.0311, Accuracy: 1452/10000 (14.5200%)

epoch: 70
Number of layers: 11
0
Old value, new value:
tensor(31., device='cuda:0') tensor(-7., device='cuda:0')
Old value, new value:
tensor(35., device='cuda:0') tensor(-34., device='cuda:0')
Layer numer, Index Number:  tensor(0, dtype=torch.int32) tensor(1474, dtype=torch.int32)

Test set: Average loss: 0.0315, Accuracy: 1438/10000 (14.3800%)

epoch: 71
Number of layers: 11
1
Old value, new value:
tensor(-64., device='cuda:0') tensor(-64., device='cuda:0')
Old value, new value:
tensor(58., device='cuda:0') tensor(-33., device='cuda:0')
Layer numer, Index Number:  tensor(0, dtype=torch.int32) tensor(1005, dtype=torch.int32)

Test set: Average loss: 0.0322, Accuracy: 1405/10000 (14.0500%)

epoch: 72
Number of layers: 11
0
Old value, new value:
tensor(5., device='cuda:0') tensor(-68., device='cuda:0')
Old value, new value:
tensor(14., device='cuda:0') tensor(-72., device='cuda:0')
Layer numer, Index Number:  tensor(0, dtype=torch.int32) tensor(668, dtype=torch.int32)

Test set: Average loss: 0.0324, Accuracy: 1391/10000 (13.9100%)

epoch: 73
Number of layers: 11

Test set: Average loss: 0.0324, Accuracy: 1391/10000 (13.9100%)

epoch: 74
Number of layers: 11
0
Old value, new value:
tensor(-64., device='cuda:0') tensor(-76., device='cuda:0')
Old value, new value:
tensor(-33., device='cuda:0') tensor(-88., device='cuda:0')
Layer numer, Index Number:  tensor(0, dtype=torch.int32) tensor(1009, dtype=torch.int32)

Test set: Average loss: 0.0326, Accuracy: 1381/10000 (13.8100%)

epoch: 75
Number of layers: 11
0
Old value, new value:
tensor(24., device='cuda:0') tensor(-68., device='cuda:0')
Old value, new value:
tensor(16., device='cuda:0') tensor(-72., device='cuda:0')
Layer numer, Index Number:  tensor(0, dtype=torch.int32) tensor(666, dtype=torch.int32)

Test set: Average loss: 0.0328, Accuracy: 1367/10000 (13.6700%)

epoch: 76
Number of layers: 11

Test set: Average loss: 0.0329, Accuracy: 1367/10000 (13.6700%)

epoch: 77
Number of layers: 11
1
Old value, new value:
tensor(-32., device='cuda:0') tensor(7., device='cuda:0')
Old value, new value:
tensor(-9., device='cuda:0') tensor(60., device='cuda:0')
Layer numer, Index Number:  tensor(0, dtype=torch.int32) tensor(538, dtype=torch.int32)

Test set: Average loss: 0.0329, Accuracy: 1352/10000 (13.5200%)

epoch: 78
Number of layers: 11
0
Old value, new value:
tensor(44., device='cuda:0') tensor(5., device='cuda:0')
Old value, new value:
tensor(-11., device='cuda:0') tensor(-63., device='cuda:0')
Layer numer, Index Number:  tensor(0, dtype=torch.int32) tensor(9, dtype=torch.int32)

Test set: Average loss: 0.0331, Accuracy: 1341/10000 (13.4100%)

epoch: 79
Number of layers: 11
1
Old value, new value:
tensor(0., device='cuda:0') tensor(-14., device='cuda:0')
Old value, new value:
tensor(13., device='cuda:0') tensor(-36., device='cuda:0')
Layer numer, Index Number:  tensor(0, dtype=torch.int32) tensor(1020, dtype=torch.int32)

Test set: Average loss: 0.0335, Accuracy: 1337/10000 (13.3700%)

epoch: 80
Number of layers: 11
1
Old value, new value:
tensor(55., device='cuda:0') tensor(55., device='cuda:0')
Old value, new value:
tensor(36., device='cuda:0') tensor(-108., device='cuda:0')
Layer numer, Index Number:  tensor(0, dtype=torch.int32) tensor(1531, dtype=torch.int32)

Test set: Average loss: 0.0338, Accuracy: 1338/10000 (13.3800%)

epoch: 81
Number of layers: 11
1
Old value, new value:
tensor(-63., device='cuda:0') tensor(6., device='cuda:0')
Old value, new value:
tensor(48., device='cuda:0') tensor(-7., device='cuda:0')
Layer numer, Index Number:  tensor(0, dtype=torch.int32) tensor(14, dtype=torch.int32)

Test set: Average loss: 0.0343, Accuracy: 1325/10000 (13.2500%)

epoch: 82
Number of layers: 11
0
Old value, new value:
tensor(75., device='cuda:0') tensor(50., device='cuda:0')
Old value, new value:
tensor(-21., device='cuda:0') tensor(60., device='cuda:0')
Layer numer, Index Number:  tensor(0, dtype=torch.int32) tensor(1447, dtype=torch.int32)

Test set: Average loss: 0.0343, Accuracy: 1334/10000 (13.3400%)

epoch: 83
Number of layers: 11
1
Old value, new value:
tensor(65., device='cuda:0') tensor(61., device='cuda:0')
Old value, new value:
tensor(48., device='cuda:0') tensor(-49., device='cuda:0')
Layer numer, Index Number:  tensor(0, dtype=torch.int32) tensor(1699, dtype=torch.int32)

Test set: Average loss: 0.0345, Accuracy: 1330/10000 (13.3000%)

epoch: 84
Number of layers: 11
2
Old value, new value:
tensor(42., device='cuda:0') tensor(-56., device='cuda:0')
Old value, new value:
tensor(-19., device='cuda:0') tensor(102., device='cuda:0')
Layer numer, Index Number:  tensor(0, dtype=torch.int32) tensor(1324, dtype=torch.int32)

Test set: Average loss: 0.0347, Accuracy: 1319/10000 (13.1900%)

epoch: 85
Number of layers: 11
1
Old value, new value:
tensor(24., device='cuda:0') tensor(-7., device='cuda:0')
Old value, new value:
tensor(11., device='cuda:0') tensor(86., device='cuda:0')
Layer numer, Index Number:  tensor(1, dtype=torch.int32) tensor(10807, dtype=torch.int32)

Test set: Average loss: 0.0350, Accuracy: 1295/10000 (12.9500%)

epoch: 86
Number of layers: 11
0
Old value, new value:
tensor(39., device='cuda:0') tensor(13., device='cuda:0')
Old value, new value:
tensor(-41., device='cuda:0') tensor(42., device='cuda:0')
Layer numer, Index Number:  tensor(0, dtype=torch.int32) tensor(761, dtype=torch.int32)

Test set: Average loss: 0.0354, Accuracy: 1277/10000 (12.7700%)

epoch: 87
Number of layers: 11
0
Old value, new value:
tensor(-9., device='cuda:0') tensor(3., device='cuda:0')
Old value, new value:
tensor(-19., device='cuda:0') tensor(8., device='cuda:0')
Layer numer, Index Number:  tensor(1, dtype=torch.int32) tensor(65005, dtype=torch.int32)

Test set: Average loss: 0.0357, Accuracy: 1273/10000 (12.7300%)

epoch: 88
Number of layers: 11
0
Old value, new value:
tensor(-34., device='cuda:0') tensor(-90., device='cuda:0')
Old value, new value:
tensor(-50., device='cuda:0') tensor(-74., device='cuda:0')
Layer numer, Index Number:  tensor(0, dtype=torch.int32) tensor(1481, dtype=torch.int32)

Test set: Average loss: 0.0358, Accuracy: 1267/10000 (12.6700%)

epoch: 89
Number of layers: 11

Test set: Average loss: 0.0361, Accuracy: 1267/10000 (12.6700%)

epoch: 90
Number of layers: 11
0
Old value, new value:
tensor(15., device='cuda:0') tensor(-1., device='cuda:0')
Old value, new value:
tensor(-9., device='cuda:0') tensor(25., device='cuda:0')
Layer numer, Index Number:  tensor(1, dtype=torch.int32) tensor(55376, dtype=torch.int32)

Test set: Average loss: 0.0365, Accuracy: 1257/10000 (12.5700%)

epoch: 91
Number of layers: 11
0
Old value, new value:
tensor(80., device='cuda:0') tensor(8., device='cuda:0')
Old value, new value:
tensor(47., device='cuda:0') tensor(-1., device='cuda:0')
Layer numer, Index Number:  tensor(0, dtype=torch.int32) tensor(564, dtype=torch.int32)

Test set: Average loss: 0.0368, Accuracy: 1251/10000 (12.5100%)

epoch: 92
Number of layers: 11
0
Old value, new value:
tensor(56., device='cuda:0') tensor(1., device='cuda:0')
Old value, new value:
tensor(0., device='cuda:0') tensor(-8., device='cuda:0')
Layer numer, Index Number:  tensor(1, dtype=torch.int32) tensor(259, dtype=torch.int32)

Test set: Average loss: 0.0367, Accuracy: 1254/10000 (12.5400%)

epoch: 93
Number of layers: 11
1
Old value, new value:
tensor(5., device='cuda:0') tensor(5., device='cuda:0')
Old value, new value:
tensor(45., device='cuda:0') tensor(-59., device='cuda:0')
Layer numer, Index Number:  tensor(0, dtype=torch.int32) tensor(1184, dtype=torch.int32)

Test set: Average loss: 0.0372, Accuracy: 1236/10000 (12.3600%)

epoch: 94
Number of layers: 11

Test set: Average loss: 0.0370, Accuracy: 1236/10000 (12.3600%)

epoch: 95
Number of layers: 11
0
Old value, new value:
tensor(34., device='cuda:0') tensor(-22., device='cuda:0')
Old value, new value:
tensor(18., device='cuda:0') tensor(-71., device='cuda:0')
Layer numer, Index Number:  tensor(0, dtype=torch.int32) tensor(1690, dtype=torch.int32)

Test set: Average loss: 0.0373, Accuracy: 1235/10000 (12.3500%)

epoch: 96
Number of layers: 11
0
Old value, new value:
tensor(18., device='cuda:0') tensor(58., device='cuda:0')
Old value, new value:
tensor(38., device='cuda:0') tensor(-64., device='cuda:0')
Layer numer, Index Number:  tensor(0, dtype=torch.int32) tensor(1002, dtype=torch.int32)

Test set: Average loss: 0.0376, Accuracy: 1219/10000 (12.1900%)

epoch: 97
Number of layers: 11

Test set: Average loss: 0.0376, Accuracy: 1219/10000 (12.1900%)

epoch: 98
Number of layers: 11
2
Old value, new value:
tensor(76., device='cuda:0') tensor(-89., device='cuda:0')
Old value, new value:
tensor(-60., device='cuda:0') tensor(18., device='cuda:0')
Layer numer, Index Number:  tensor(0, dtype=torch.int32) tensor(1369, dtype=torch.int32)

Test set: Average loss: 0.0378, Accuracy: 1207/10000 (12.0700%)

epoch: 99
Number of layers: 11

Test set: Average loss: 0.0376, Accuracy: 1207/10000 (12.0700%)

epoch: 100
Number of layers: 11
0
Old value, new value:
tensor(2., device='cuda:0') tensor(9., device='cuda:0')
Old value, new value:
tensor(0., device='cuda:0') tensor(4., device='cuda:0')
Layer numer, Index Number:  tensor(10, dtype=torch.int32) tensor(5016, dtype=torch.int32)

Test set: Average loss: 0.0385, Accuracy: 1204/10000 (12.0400%)

torch.Size([139])
torch.Size([10])
torch.Size([0])
torch.Size([0])
torch.Size([0])
torch.Size([0])
torch.Size([0])
torch.Size([0])
torch.Size([0])
torch.Size([0])
torch.Size([2])
