Files already downloaded and verified
torch.Size([64, 3, 3, 3]) 1
torch.Size([128, 64, 3, 3]) 2
torch.Size([256, 128, 3, 3]) 3
torch.Size([256, 256, 3, 3]) 4
torch.Size([512, 256, 3, 3]) 5
torch.Size([512, 512, 3, 3]) 6
torch.Size([512, 512, 3, 3]) 7
torch.Size([512, 512, 3, 3]) 8
torch.Size([512, 512]) 9
torch.Size([512, 512]) 10
torch.Size([10, 512]) 11

Test set: Average loss: 0.0018, Accuracy: 9044/10000 (90.4400%)

epoch: 1
Number of layers: 11
0
Old value, new value:
tensor(58., device='cuda:0') tensor(-53., device='cuda:0')
Old value, new value:
tensor(51., device='cuda:0') tensor(-64., device='cuda:0')
Layer numer, Index Number:  tensor(0, dtype=torch.int32) tensor(1006, dtype=torch.int32)

Test set: Average loss: 0.0022, Accuracy: 8834/10000 (88.3400%)

epoch: 2
Number of layers: 11
0
Old value, new value:
tensor(-71., device='cuda:0') tensor(56., device='cuda:0')
Old value, new value:
tensor(-23., device='cuda:0') tensor(83., device='cuda:0')
Layer numer, Index Number:  tensor(0, dtype=torch.int32) tensor(1315, dtype=torch.int32)

Test set: Average loss: 0.0027, Accuracy: 8610/10000 (86.1000%)

epoch: 3
Number of layers: 11
0
Old value, new value:
tensor(-80., device='cuda:0') tensor(68., device='cuda:0')
Old value, new value:
tensor(-35., device='cuda:0') tensor(101., device='cuda:0')
Layer numer, Index Number:  tensor(0, dtype=torch.int32) tensor(1306, dtype=torch.int32)

Test set: Average loss: 0.0052, Accuracy: 7689/10000 (76.8900%)

epoch: 4
Number of layers: 11
0
Old value, new value:
tensor(43., device='cuda:0') tensor(-53., device='cuda:0')
Old value, new value:
tensor(32., device='cuda:0') tensor(-64., device='cuda:0')
Layer numer, Index Number:  tensor(0, dtype=torch.int32) tensor(1004, dtype=torch.int32)

Test set: Average loss: 0.0062, Accuracy: 7247/10000 (72.4700%)

epoch: 5
Number of layers: 11
0
Old value, new value:
tensor(-34., device='cuda:0') tensor(-25., device='cuda:0')
Old value, new value:
tensor(-52., device='cuda:0') tensor(57., device='cuda:0')
Layer numer, Index Number:  tensor(0, dtype=torch.int32) tensor(1296, dtype=torch.int32)

Test set: Average loss: 0.0075, Accuracy: 6785/10000 (67.8500%)

epoch: 6
Number of layers: 11
0
Old value, new value:
tensor(-73., device='cuda:0') tensor(7., device='cuda:0')
Old value, new value:
tensor(-42., device='cuda:0') tensor(28., device='cuda:0')
Layer numer, Index Number:  tensor(0, dtype=torch.int32) tensor(913, dtype=torch.int32)

Test set: Average loss: 0.0087, Accuracy: 6367/10000 (63.6700%)

epoch: 7
Number of layers: 11
0
Old value, new value:
tensor(18., device='cuda:0') tensor(-53., device='cuda:0')
Old value, new value:
tensor(38., device='cuda:0') tensor(-64., device='cuda:0')
Layer numer, Index Number:  tensor(0, dtype=torch.int32) tensor(1002, dtype=torch.int32)

Test set: Average loss: 0.0099, Accuracy: 5893/10000 (58.9300%)

epoch: 8
Number of layers: 11
1
Old value, new value:
tensor(-67., device='cuda:0') tensor(13., device='cuda:0')
Old value, new value:
tensor(-44., device='cuda:0') tensor(38., device='cuda:0')
Layer numer, Index Number:  tensor(0, dtype=torch.int32) tensor(904, dtype=torch.int32)

Test set: Average loss: 0.0113, Accuracy: 5432/10000 (54.3200%)

epoch: 9
Number of layers: 11
1
Old value, new value:
tensor(-55., device='cuda:0') tensor(-45., device='cuda:0')
Old value, new value:
tensor(-28., device='cuda:0') tensor(68., device='cuda:0')
Layer numer, Index Number:  tensor(0, dtype=torch.int32) tensor(1303, dtype=torch.int32)

Test set: Average loss: 0.0120, Accuracy: 5193/10000 (51.9300%)

epoch: 10
Number of layers: 11
0
Old value, new value:
tensor(11., device='cuda:0') tensor(-53., device='cuda:0')
Old value, new value:
tensor(14., device='cuda:0') tensor(-64., device='cuda:0')
Layer numer, Index Number:  tensor(0, dtype=torch.int32) tensor(1000, dtype=torch.int32)

Test set: Average loss: 0.0129, Accuracy: 4837/10000 (48.3700%)

epoch: 11
Number of layers: 11
1
Old value, new value:
tensor(65., device='cuda:0') tensor(0., device='cuda:0')
Old value, new value:
tensor(49., device='cuda:0') tensor(13., device='cuda:0')
Layer numer, Index Number:  tensor(0, dtype=torch.int32) tensor(1020, dtype=torch.int32)

Test set: Average loss: 0.0137, Accuracy: 4619/10000 (46.1900%)

epoch: 12
Number of layers: 11
1
Old value, new value:
tensor(-55., device='cuda:0') tensor(-27., device='cuda:0')
Old value, new value:
tensor(-11., device='cuda:0') tensor(42., device='cuda:0')
Layer numer, Index Number:  tensor(0, dtype=torch.int32) tensor(1321, dtype=torch.int32)

Test set: Average loss: 0.0143, Accuracy: 4429/10000 (44.2900%)

epoch: 13
Number of layers: 11
0
Old value, new value:
tensor(-60., device='cuda:0') tensor(13., device='cuda:0')
Old value, new value:
tensor(-44., device='cuda:0') tensor(39., device='cuda:0')
Layer numer, Index Number:  tensor(0, dtype=torch.int32) tensor(895, dtype=torch.int32)

Test set: Average loss: 0.0150, Accuracy: 4111/10000 (41.1100%)

epoch: 14
Number of layers: 11
0
Old value, new value:
tensor(-4., device='cuda:0') tensor(56., device='cuda:0')
Old value, new value:
tensor(-30., device='cuda:0') tensor(83., device='cuda:0')
Layer numer, Index Number:  tensor(0, dtype=torch.int32) tensor(1313, dtype=torch.int32)

Test set: Average loss: 0.0167, Accuracy: 3727/10000 (37.2700%)

epoch: 15
Number of layers: 11
0
Old value, new value:
tensor(-1., device='cuda:0') tensor(56., device='cuda:0')
Old value, new value:
tensor(-41., device='cuda:0') tensor(83., device='cuda:0')
Layer numer, Index Number:  tensor(0, dtype=torch.int32) tensor(1311, dtype=torch.int32)

Test set: Average loss: 0.0176, Accuracy: 3389/10000 (33.8900%)

epoch: 16
Number of layers: 11
1
Old value, new value:
tensor(-19., device='cuda:0') tensor(102., device='cuda:0')
Old value, new value:
tensor(-56., device='cuda:0') tensor(-52., device='cuda:0')
Layer numer, Index Number:  tensor(0, dtype=torch.int32) tensor(1325, dtype=torch.int32)

Test set: Average loss: 0.0183, Accuracy: 3282/10000 (32.8200%)

epoch: 17
Number of layers: 11
1
Old value, new value:
tensor(-25., device='cuda:0') tensor(91., device='cuda:0')
Old value, new value:
tensor(57., device='cuda:0') tensor(46., device='cuda:0')
Layer numer, Index Number:  tensor(0, dtype=torch.int32) tensor(1298, dtype=torch.int32)

Test set: Average loss: 0.0187, Accuracy: 3112/10000 (31.1200%)

epoch: 18
Number of layers: 11
0
Old value, new value:
tensor(70., device='cuda:0') tensor(0., device='cuda:0')
Old value, new value:
tensor(26., device='cuda:0') tensor(13., device='cuda:0')
Layer numer, Index Number:  tensor(0, dtype=torch.int32) tensor(1018, dtype=torch.int32)

Test set: Average loss: 0.0191, Accuracy: 3005/10000 (30.0500%)

epoch: 19
Number of layers: 11
1
Old value, new value:
tensor(-127., device='cuda:0') tensor(54., device='cuda:0')
Old value, new value:
tensor(45., device='cuda:0') tensor(0., device='cuda:0')
Layer numer, Index Number:  tensor(0, dtype=torch.int32) tensor(742, dtype=torch.int32)

Test set: Average loss: 0.0194, Accuracy: 2883/10000 (28.8300%)

epoch: 20
Number of layers: 11
0
Old value, new value:
tensor(-9., device='cuda:0') tensor(46., device='cuda:0')
Old value, new value:
tensor(-48., device='cuda:0') tensor(8., device='cuda:0')
Layer numer, Index Number:  tensor(0, dtype=torch.int32) tensor(1, dtype=torch.int32)

Test set: Average loss: 0.0196, Accuracy: 2827/10000 (28.2700%)

epoch: 21
Number of layers: 11
0
Old value, new value:
tensor(-64., device='cuda:0') tensor(-76., device='cuda:0')
Old value, new value:
tensor(-33., device='cuda:0') tensor(-88., device='cuda:0')
Layer numer, Index Number:  tensor(0, dtype=torch.int32) tensor(1009, dtype=torch.int32)

Test set: Average loss: 0.0201, Accuracy: 2749/10000 (27.4900%)

epoch: 22
Number of layers: 11
0
Old value, new value:
tensor(78., device='cuda:0') tensor(-26., device='cuda:0')
Old value, new value:
tensor(50., device='cuda:0') tensor(-43., device='cuda:0')
Layer numer, Index Number:  tensor(0, dtype=torch.int32) tensor(1069, dtype=torch.int32)

Test set: Average loss: 0.0209, Accuracy: 2577/10000 (25.7700%)

epoch: 23
Number of layers: 11
0
Old value, new value:
tensor(1., device='cuda:0') tensor(75., device='cuda:0')
Old value, new value:
tensor(-29., device='cuda:0') tensor(-8., device='cuda:0')
Layer numer, Index Number:  tensor(1, dtype=torch.int32) tensor(22897, dtype=torch.int32)

Test set: Average loss: 0.0212, Accuracy: 2416/10000 (24.1600%)

epoch: 24
Number of layers: 11
2
Old value, new value:
tensor(51., device='cuda:0') tensor(16., device='cuda:0')
Old value, new value:
tensor(-48., device='cuda:0') tensor(49., device='cuda:0')
Layer numer, Index Number:  tensor(0, dtype=torch.int32) tensor(770, dtype=torch.int32)

Test set: Average loss: 0.0218, Accuracy: 2356/10000 (23.5600%)

epoch: 25
Number of layers: 11
1
Old value, new value:
tensor(-25., device='cuda:0') tensor(91., device='cuda:0')
Old value, new value:
tensor(57., device='cuda:0') tensor(46., device='cuda:0')
Layer numer, Index Number:  tensor(0, dtype=torch.int32) tensor(1296, dtype=torch.int32)

Test set: Average loss: 0.0223, Accuracy: 2250/10000 (22.5000%)

epoch: 26
Number of layers: 11
3
Old value, new value:
tensor(0., device='cuda:0') tensor(-14., device='cuda:0')
Old value, new value:
tensor(13., device='cuda:0') tensor(-36., device='cuda:0')
Layer numer, Index Number:  tensor(0, dtype=torch.int32) tensor(1022, dtype=torch.int32)

Test set: Average loss: 0.0225, Accuracy: 2206/10000 (22.0600%)

epoch: 27
Number of layers: 11
0
Old value, new value:
tensor(59., device='cuda:0') tensor(-33., device='cuda:0')
Old value, new value:
tensor(50., device='cuda:0') tensor(-29., device='cuda:0')
Layer numer, Index Number:  tensor(0, dtype=torch.int32) tensor(1465, dtype=torch.int32)

Test set: Average loss: 0.0233, Accuracy: 2090/10000 (20.9000%)

epoch: 28
Number of layers: 11
0
Old value, new value:
tensor(-35., device='cuda:0') tensor(65., device='cuda:0')
Old value, new value:
tensor(32., device='cuda:0') tensor(48., device='cuda:0')
Layer numer, Index Number:  tensor(0, dtype=torch.int32) tensor(1697, dtype=torch.int32)

Test set: Average loss: 0.0235, Accuracy: 2052/10000 (20.5200%)

epoch: 29
Number of layers: 11
0
Old value, new value:
tensor(11., device='cuda:0') tensor(86., device='cuda:0')
Old value, new value:
tensor(-7., device='cuda:0') tensor(51., device='cuda:0')
Layer numer, Index Number:  tensor(1, dtype=torch.int32) tensor(10808, dtype=torch.int32)

Test set: Average loss: 0.0242, Accuracy: 1953/10000 (19.5300%)

epoch: 30
Number of layers: 11
0
Old value, new value:
tensor(39., device='cuda:0') tensor(13., device='cuda:0')
Old value, new value:
tensor(-41., device='cuda:0') tensor(42., device='cuda:0')
Layer numer, Index Number:  tensor(0, dtype=torch.int32) tensor(761, dtype=torch.int32)

Test set: Average loss: 0.0246, Accuracy: 1907/10000 (19.0700%)

epoch: 31
Number of layers: 11
1
Old value, new value:
tensor(43., device='cuda:0') tensor(21., device='cuda:0')
Old value, new value:
tensor(-32., device='cuda:0') tensor(36., device='cuda:0')
Layer numer, Index Number:  tensor(0, dtype=torch.int32) tensor(779, dtype=torch.int32)

Test set: Average loss: 0.0249, Accuracy: 1886/10000 (18.8600%)

epoch: 32
Number of layers: 11
0
Old value, new value:
tensor(-55., device='cuda:0') tensor(49., device='cuda:0')
Old value, new value:
tensor(-63., device='cuda:0') tensor(15., device='cuda:0')
Layer numer, Index Number:  tensor(0, dtype=torch.int32) tensor(244, dtype=torch.int32)

Test set: Average loss: 0.0254, Accuracy: 1819/10000 (18.1900%)

epoch: 33
Number of layers: 11
0
Old value, new value:
tensor(15., device='cuda:0') tensor(48., device='cuda:0')
Old value, new value:
tensor(-38., device='cuda:0') tensor(55., device='cuda:0')
Layer numer, Index Number:  tensor(0, dtype=torch.int32) tensor(247, dtype=torch.int32)

Test set: Average loss: 0.0257, Accuracy: 1794/10000 (17.9400%)

epoch: 34
Number of layers: 11
1
Old value, new value:
tensor(-53., device='cuda:0') tensor(13., device='cuda:0')
Old value, new value:
tensor(4., device='cuda:0') tensor(42., device='cuda:0')
Layer numer, Index Number:  tensor(0, dtype=torch.int32) tensor(759, dtype=torch.int32)

Test set: Average loss: 0.0263, Accuracy: 1743/10000 (17.4300%)

epoch: 35
Number of layers: 11
0
Old value, new value:
tensor(-63., device='cuda:0') tensor(6., device='cuda:0')
Old value, new value:
tensor(48., device='cuda:0') tensor(-44., device='cuda:0')
Layer numer, Index Number:  tensor(0, dtype=torch.int32) tensor(14, dtype=torch.int32)

Test set: Average loss: 0.0266, Accuracy: 1724/10000 (17.2400%)

epoch: 36
Number of layers: 11
0
Old value, new value:
tensor(3., device='cuda:0') tensor(64., device='cuda:0')
Old value, new value:
tensor(-80., device='cuda:0') tensor(-1., device='cuda:0')
Layer numer, Index Number:  tensor(0, dtype=torch.int32) tensor(103, dtype=torch.int32)

Test set: Average loss: 0.0269, Accuracy: 1707/10000 (17.0700%)

epoch: 37
Number of layers: 11
0
Old value, new value:
tensor(-56., device='cuda:0') tensor(25., device='cuda:0')
Old value, new value:
tensor(-26., device='cuda:0') tensor(-4., device='cuda:0')
Layer numer, Index Number:  tensor(0, dtype=torch.int32) tensor(1684, dtype=torch.int32)

Test set: Average loss: 0.0271, Accuracy: 1685/10000 (16.8500%)

epoch: 38
Number of layers: 11
1
Old value, new value:
tensor(-1., device='cuda:0') tensor(64., device='cuda:0')
Old value, new value:
tensor(17., device='cuda:0') tensor(71., device='cuda:0')
Layer numer, Index Number:  tensor(0, dtype=torch.int32) tensor(260, dtype=torch.int32)

Test set: Average loss: 0.0272, Accuracy: 1679/10000 (16.7900%)

epoch: 39
Number of layers: 11
0
Old value, new value:
tensor(-10., device='cuda:0') tensor(21., device='cuda:0')
Old value, new value:
tensor(-27., device='cuda:0') tensor(12., device='cuda:0')
Layer numer, Index Number:  tensor(0, dtype=torch.int32) tensor(256, dtype=torch.int32)

Test set: Average loss: 0.0276, Accuracy: 1662/10000 (16.6200%)

epoch: 40
Number of layers: 11
0
Old value, new value:
tensor(-52., device='cuda:0') tensor(105., device='cuda:0')
Old value, new value:
tensor(2., device='cuda:0') tensor(-43., device='cuda:0')
Layer numer, Index Number:  tensor(0, dtype=torch.int32) tensor(983, dtype=torch.int32)

Test set: Average loss: 0.0280, Accuracy: 1633/10000 (16.3300%)

epoch: 41
Number of layers: 11
0
Old value, new value:
tensor(-108., device='cuda:0') tensor(19., device='cuda:0')
Old value, new value:
tensor(57., device='cuda:0') tensor(-47., device='cuda:0')
Layer numer, Index Number:  tensor(0, dtype=torch.int32) tensor(1534, dtype=torch.int32)

Test set: Average loss: 0.0283, Accuracy: 1617/10000 (16.1700%)

epoch: 42
Number of layers: 11
0
Old value, new value:
tensor(5., device='cuda:0') tensor(39., device='cuda:0')
Old value, new value:
tensor(16., device='cuda:0') tensor(32., device='cuda:0')
Layer numer, Index Number:  tensor(1, dtype=torch.int32) tensor(27985, dtype=torch.int32)

Test set: Average loss: 0.0287, Accuracy: 1570/10000 (15.7000%)

epoch: 43
Number of layers: 11
1
Old value, new value:
tensor(-25., device='cuda:0') tensor(12., device='cuda:0')
Old value, new value:
tensor(-24., device='cuda:0') tensor(21., device='cuda:0')
Layer numer, Index Number:  tensor(0, dtype=torch.int32) tensor(253, dtype=torch.int32)

Test set: Average loss: 0.0292, Accuracy: 1553/10000 (15.5300%)

epoch: 44
Number of layers: 11
0
Old value, new value:
tensor(21., device='cuda:0') tensor(64., device='cuda:0')
Old value, new value:
tensor(12., device='cuda:0') tensor(71., device='cuda:0')
Layer numer, Index Number:  tensor(0, dtype=torch.int32) tensor(258, dtype=torch.int32)

Test set: Average loss: 0.0296, Accuracy: 1548/10000 (15.4800%)

epoch: 45
Number of layers: 11
2
Old value, new value:
tensor(-35., device='cuda:0') tensor(-43., device='cuda:0')
Old value, new value:
tensor(-47., device='cuda:0') tensor(75., device='cuda:0')
Layer numer, Index Number:  tensor(0, dtype=torch.int32) tensor(1444, dtype=torch.int32)

Test set: Average loss: 0.0300, Accuracy: 1518/10000 (15.1800%)

epoch: 46
Number of layers: 11
1
Old value, new value:
tensor(-55., device='cuda:0') tensor(0., device='cuda:0')
Old value, new value:
tensor(-5., device='cuda:0') tensor(0., device='cuda:0')
Layer numer, Index Number:  tensor(0, dtype=torch.int32) tensor(268, dtype=torch.int32)

Test set: Average loss: 0.0305, Accuracy: 1504/10000 (15.0400%)

epoch: 47
Number of layers: 11
1
Old value, new value:
tensor(-41., device='cuda:0') tensor(50., device='cuda:0')
Old value, new value:
tensor(-34., device='cuda:0') tensor(8., device='cuda:0')
Layer numer, Index Number:  tensor(0, dtype=torch.int32) tensor(849, dtype=torch.int32)

Test set: Average loss: 0.0306, Accuracy: 1484/10000 (14.8400%)

epoch: 48
Number of layers: 11
0
Old value, new value:
tensor(-29., device='cuda:0') tensor(-30., device='cuda:0')
Old value, new value:
tensor(-37., device='cuda:0') tensor(5., device='cuda:0')
Layer numer, Index Number:  tensor(1, dtype=torch.int32) tensor(38931, dtype=torch.int32)

Test set: Average loss: 0.0313, Accuracy: 1453/10000 (14.5300%)

epoch: 49
Number of layers: 11
2
Old value, new value:
tensor(26., device='cuda:0') tensor(17., device='cuda:0')
Old value, new value:
tensor(-39., device='cuda:0') tensor(56., device='cuda:0')
Layer numer, Index Number:  tensor(0, dtype=torch.int32) tensor(464, dtype=torch.int32)

Test set: Average loss: 0.0315, Accuracy: 1431/10000 (14.3100%)

epoch: 50
Number of layers: 11
2
Old value, new value:
tensor(-55., device='cuda:0') tensor(5., device='cuda:0')
Old value, new value:
tensor(56., device='cuda:0') tensor(6., device='cuda:0')
Layer numer, Index Number:  tensor(0, dtype=torch.int32) tensor(11, dtype=torch.int32)

Test set: Average loss: 0.0318, Accuracy: 1424/10000 (14.2400%)

epoch: 51
Number of layers: 11
0
Old value, new value:
tensor(-44., device='cuda:0') tensor(-7., device='cuda:0')
Old value, new value:
tensor(30., device='cuda:0') tensor(-38., device='cuda:0')
Layer numer, Index Number:  tensor(0, dtype=torch.int32) tensor(17, dtype=torch.int32)

Test set: Average loss: 0.0320, Accuracy: 1402/10000 (14.0200%)

epoch: 52
Number of layers: 11
0
Old value, new value:
tensor(9., device='cuda:0') tensor(-1., device='cuda:0')
Old value, new value:
tensor(-40., device='cuda:0') tensor(51., device='cuda:0')
Layer numer, Index Number:  tensor(1, dtype=torch.int32) tensor(38098, dtype=torch.int32)

Test set: Average loss: 0.0326, Accuracy: 1398/10000 (13.9800%)

epoch: 53
Number of layers: 11
0
Old value, new value:
tensor(-6., device='cuda:0') tensor(20., device='cuda:0')
Old value, new value:
tensor(-14., device='cuda:0') tensor(9., device='cuda:0')
Layer numer, Index Number:  tensor(1, dtype=torch.int32) tensor(17041, dtype=torch.int32)

Test set: Average loss: 0.0332, Accuracy: 1370/10000 (13.7000%)

epoch: 54
Number of layers: 11
0
Old value, new value:
tensor(55., device='cuda:0') tensor(6., device='cuda:0')
Old value, new value:
tensor(-67., device='cuda:0') tensor(66., device='cuda:0')
Layer numer, Index Number:  tensor(0, dtype=torch.int32) tensor(83, dtype=torch.int32)

Test set: Average loss: 0.0337, Accuracy: 1354/10000 (13.5400%)

epoch: 55
Number of layers: 11
1
Old value, new value:
tensor(-64., device='cuda:0') tensor(10., device='cuda:0')
Old value, new value:
tensor(-55., device='cuda:0') tensor(14., device='cuda:0')
Layer numer, Index Number:  tensor(1, dtype=torch.int32) tensor(39037, dtype=torch.int32)

Test set: Average loss: 0.0341, Accuracy: 1350/10000 (13.5000%)

epoch: 56
Number of layers: 11
0
Old value, new value:
tensor(-14., device='cuda:0') tensor(-4., device='cuda:0')
Old value, new value:
tensor(-18., device='cuda:0') tensor(17., device='cuda:0')
Layer numer, Index Number:  tensor(1, dtype=torch.int32) tensor(14160, dtype=torch.int32)

Test set: Average loss: 0.0347, Accuracy: 1333/10000 (13.3300%)

epoch: 57
Number of layers: 11
2
Old value, new value:
tensor(-54., device='cuda:0') tensor(9., device='cuda:0')
Old value, new value:
tensor(40., device='cuda:0') tensor(-39., device='cuda:0')
Layer numer, Index Number:  tensor(0, dtype=torch.int32) tensor(5, dtype=torch.int32)

Test set: Average loss: 0.0350, Accuracy: 1333/10000 (13.3300%)

epoch: 58
Number of layers: 11
1
Old value, new value:
tensor(-56., device='cuda:0') tensor(63., device='cuda:0')
Old value, new value:
tensor(8., device='cuda:0') tensor(7., device='cuda:0')
Layer numer, Index Number:  tensor(0, dtype=torch.int32) tensor(402, dtype=torch.int32)

Test set: Average loss: 0.0353, Accuracy: 1299/10000 (12.9900%)

epoch: 59
Number of layers: 11
0
Old value, new value:
tensor(6., device='cuda:0') tensor(44., device='cuda:0')
Old value, new value:
tensor(-21., device='cuda:0') tensor(38., device='cuda:0')
Layer numer, Index Number:  tensor(4, dtype=torch.int32) tensor(851839, dtype=torch.int32)

Test set: Average loss: 0.0366, Accuracy: 1281/10000 (12.8100%)

epoch: 60
Number of layers: 11
1
Old value, new value:
tensor(-80., device='cuda:0') tensor(11., device='cuda:0')
Old value, new value:
tensor(-78., device='cuda:0') tensor(12., device='cuda:0')
Layer numer, Index Number:  tensor(0, dtype=torch.int32) tensor(493, dtype=torch.int32)

Test set: Average loss: 0.0370, Accuracy: 1239/10000 (12.3900%)

epoch: 61
Number of layers: 11
0
Old value, new value:
tensor(14., device='cuda:0') tensor(74., device='cuda:0')
Old value, new value:
tensor(-88., device='cuda:0') tensor(-58., device='cuda:0')
Layer numer, Index Number:  tensor(0, dtype=torch.int32) tensor(690, dtype=torch.int32)

Test set: Average loss: 0.0376, Accuracy: 1231/10000 (12.3100%)

epoch: 62
Number of layers: 11
0
Old value, new value:
tensor(-39., device='cuda:0') tensor(48., device='cuda:0')
Old value, new value:
tensor(-30., device='cuda:0') tensor(9., device='cuda:0')
Layer numer, Index Number:  tensor(0, dtype=torch.int32) tensor(840, dtype=torch.int32)

Test set: Average loss: 0.0377, Accuracy: 1218/10000 (12.1800%)

epoch: 63
Number of layers: 11
2
Old value, new value:
tensor(-82., device='cuda:0') tensor(4., device='cuda:0')
Old value, new value:
tensor(16., device='cuda:0') tensor(76., device='cuda:0')
Layer numer, Index Number:  tensor(0, dtype=torch.int32) tensor(1366, dtype=torch.int32)

Test set: Average loss: 0.0379, Accuracy: 1202/10000 (12.0200%)

epoch: 64
Number of layers: 11
3
Old value, new value:
tensor(15., device='cuda:0') tensor(48., device='cuda:0')
Old value, new value:
tensor(49., device='cuda:0') tensor(55., device='cuda:0')
Layer numer, Index Number:  tensor(0, dtype=torch.int32) tensor(245, dtype=torch.int32)

Test set: Average loss: 0.0383, Accuracy: 1195/10000 (11.9500%)

epoch: 65
Number of layers: 11
3
Old value, new value:
tensor(-38., device='cuda:0') tensor(30., device='cuda:0')
Old value, new value:
tensor(-12., device='cuda:0') tensor(40., device='cuda:0')
Layer numer, Index Number:  tensor(0, dtype=torch.int32) tensor(507, dtype=torch.int32)

Test set: Average loss: 0.0388, Accuracy: 1171/10000 (11.7100%)

epoch: 66
Number of layers: 11
2
Old value, new value:
tensor(-66., device='cuda:0') tensor(48., device='cuda:0')
Old value, new value:
tensor(-74., device='cuda:0') tensor(-2., device='cuda:0')
Layer numer, Index Number:  tensor(0, dtype=torch.int32) tensor(559, dtype=torch.int32)

Test set: Average loss: 0.0392, Accuracy: 1152/10000 (11.5200%)

epoch: 67
Number of layers: 11
2
Old value, new value:
tensor(-28., device='cuda:0') tensor(-29., device='cuda:0')
Old value, new value:
tensor(21., device='cuda:0') tensor(-53., device='cuda:0')
Layer numer, Index Number:  tensor(0, dtype=torch.int32) tensor(1207, dtype=torch.int32)

Test set: Average loss: 0.0397, Accuracy: 1153/10000 (11.5300%)

epoch: 68
Number of layers: 11
0
Old value, new value:
tensor(1., device='cuda:0') tensor(15., device='cuda:0')
Old value, new value:
tensor(10., device='cuda:0') tensor(10., device='cuda:0')
Layer numer, Index Number:  tensor(1, dtype=torch.int32) tensor(13334, dtype=torch.int32)

Test set: Average loss: 0.0397, Accuracy: 1147/10000 (11.4700%)

epoch: 69
Number of layers: 11
2
Old value, new value:
tensor(29., device='cuda:0') tensor(-29., device='cuda:0')
Old value, new value:
tensor(-1., device='cuda:0') tensor(-53., device='cuda:0')
Layer numer, Index Number:  tensor(0, dtype=torch.int32) tensor(1205, dtype=torch.int32)

Test set: Average loss: 0.0403, Accuracy: 1137/10000 (11.3700%)

epoch: 70
Number of layers: 11
1
Old value, new value:
tensor(23., device='cuda:0') tensor(16., device='cuda:0')
Old value, new value:
tensor(35., device='cuda:0') tensor(1., device='cuda:0')
Layer numer, Index Number:  tensor(1, dtype=torch.int32) tensor(15891, dtype=torch.int32)

Test set: Average loss: 0.0409, Accuracy: 1133/10000 (11.3300%)

epoch: 71
Number of layers: 11
3
Old value, new value:
tensor(0., device='cuda:0') tensor(-14., device='cuda:0')
Old value, new value:
tensor(13., device='cuda:0') tensor(-36., device='cuda:0')
Layer numer, Index Number:  tensor(0, dtype=torch.int32) tensor(1020, dtype=torch.int32)

Test set: Average loss: 0.0411, Accuracy: 1130/10000 (11.3000%)

epoch: 72
Number of layers: 11
1
Old value, new value:
tensor(-7., device='cuda:0') tensor(-9., device='cuda:0')
Old value, new value:
tensor(33., device='cuda:0') tensor(-25., device='cuda:0')
Layer numer, Index Number:  tensor(0, dtype=torch.int32) tensor(1198, dtype=torch.int32)

Test set: Average loss: 0.0416, Accuracy: 1119/10000 (11.1900%)

epoch: 73
Number of layers: 11
1
Old value, new value:
tensor(0., device='cuda:0') tensor(-14., device='cuda:0')
Old value, new value:
tensor(13., device='cuda:0') tensor(-36., device='cuda:0')
Layer numer, Index Number:  tensor(0, dtype=torch.int32) tensor(1018, dtype=torch.int32)

Test set: Average loss: 0.0417, Accuracy: 1112/10000 (11.1200%)

epoch: 74
Number of layers: 11
0
Old value, new value:
tensor(2., device='cuda:0') tensor(-2., device='cuda:0')
Old value, new value:
tensor(-3., device='cuda:0') tensor(13., device='cuda:0')
Layer numer, Index Number:  tensor(1, dtype=torch.int32) tensor(13329, dtype=torch.int32)

Test set: Average loss: 0.0424, Accuracy: 1108/10000 (11.0800%)

epoch: 75
Number of layers: 11
0
Old value, new value:
tensor(9., device='cuda:0') tensor(68., device='cuda:0')
Old value, new value:
tensor(-16., device='cuda:0') tensor(79., device='cuda:0')
Layer numer, Index Number:  tensor(2, dtype=torch.int32) tensor(212500, dtype=torch.int32)

Test set: Average loss: 0.0433, Accuracy: 1105/10000 (11.0500%)

epoch: 76
Number of layers: 11
1
Old value, new value:
tensor(26., device='cuda:0') tensor(7., device='cuda:0')
Old value, new value:
tensor(24., device='cuda:0') tensor(-14., device='cuda:0')
Layer numer, Index Number:  tensor(1, dtype=torch.int32) tensor(12431, dtype=torch.int32)

Test set: Average loss: 0.0435, Accuracy: 1105/10000 (11.0500%)

epoch: 77
Number of layers: 11
4
Old value, new value:
tensor(34., device='cuda:0') tensor(-22., device='cuda:0')
Old value, new value:
tensor(18., device='cuda:0') tensor(-71., device='cuda:0')
Layer numer, Index Number:  tensor(0, dtype=torch.int32) tensor(1690, dtype=torch.int32)

Test set: Average loss: 0.0439, Accuracy: 1094/10000 (10.9400%)

torch.Size([119])
torch.Size([23])
torch.Size([2])
torch.Size([0])
torch.Size([2])
torch.Size([0])
torch.Size([0])
torch.Size([0])
torch.Size([0])
torch.Size([0])
torch.Size([0])
